<?xml version="1.0" encoding="UTF-8"?>
<coverage generated="1718311118450" clover="3.2.0">
  <project timestamp="1718311118450" name="All files">
    <metrics statements="634" coveredstatements="570" conditionals="266" coveredconditionals="212" methods="120" coveredmethods="110" elements="1020" coveredelements="892" complexity="0" loc="634" ncloc="634" packages="13" files="24" classes="24"/>
    <package name="app.api.v1.checkUser">
      <metrics statements="26" coveredstatements="25" conditionals="5" coveredconditionals="4" methods="2" coveredmethods="2"/>
      <file name="route.ts" path="C:\Users\alanz\Desktop\school code\software eng\Computer-Serve-Code\src\app\api\v1\checkUser\route.ts">
        <metrics statements="26" coveredstatements="25" conditionals="5" coveredconditionals="4" methods="2" coveredmethods="2"/>
        <line num="2" count="1" type="stmt"/>
        <line num="3" count="1" type="stmt"/>
        <line num="5" count="1" type="stmt"/>
        <line num="6" count="1" type="stmt"/>
        <line num="10" count="5" type="stmt"/>
        <line num="11" count="5" type="cond" truecount="1" falsecount="0"/>
        <line num="12" count="1" type="stmt"/>
        <line num="15" count="4" type="stmt"/>
        <line num="16" count="4" type="cond" truecount="0" falsecount="1"/>
        <line num="17" count="0" type="stmt"/>
        <line num="20" count="4" type="stmt"/>
        <line num="23" count="4" type="stmt"/>
        <line num="24" count="4" type="stmt"/>
        <line num="27" count="1" type="stmt"/>
        <line num="28" count="5" type="stmt"/>
        <line num="29" count="5" type="stmt"/>
        <line num="30" count="5" type="cond" truecount="1" falsecount="0"/>
        <line num="31" count="1" type="stmt"/>
        <line num="42" count="4" type="stmt"/>
        <line num="45" count="4" type="stmt"/>
        <line num="49" count="3" type="cond" truecount="1" falsecount="0"/>
        <line num="50" count="1" type="stmt"/>
        <line num="57" count="2" type="cond" truecount="1" falsecount="0"/>
        <line num="58" count="1" type="stmt"/>
        <line num="64" count="1" type="stmt"/>
        <line num="69" count="1" type="stmt"/>
      </file>
    </package>
    <package name="app.api.v1.createSheet">
      <metrics statements="16" coveredstatements="16" conditionals="4" coveredconditionals="4" methods="1" coveredmethods="1"/>
      <file name="route.ts" path="C:\Users\alanz\Desktop\school code\software eng\Computer-Serve-Code\src\app\api\v1\createSheet\route.ts">
        <metrics statements="16" coveredstatements="16" conditionals="4" coveredconditionals="4" methods="1" coveredmethods="1"/>
        <line num="2" count="1" type="stmt"/>
        <line num="3" count="1" type="stmt"/>
        <line num="5" count="1" type="stmt"/>
        <line num="6" count="1" type="stmt"/>
        <line num="9" count="1" type="stmt"/>
        <line num="10" count="4" type="stmt"/>
        <line num="11" count="4" type="stmt"/>
        <line num="12" count="4" type="stmt"/>
        <line num="14" count="4" type="cond" truecount="3" falsecount="0"/>
        <line num="15" count="1" type="stmt"/>
        <line num="18" count="3" type="stmt"/>
        <line num="24" count="2" type="cond" truecount="1" falsecount="0"/>
        <line num="25" count="1" type="stmt"/>
        <line num="28" count="1" type="stmt"/>
        <line num="36" count="1" type="stmt"/>
        <line num="38" count="1" type="stmt"/>
      </file>
    </package>
    <package name="app.api.v1.createUser">
      <metrics statements="10" coveredstatements="10" conditionals="0" coveredconditionals="0" methods="1" coveredmethods="1"/>
      <file name="route.ts" path="C:\Users\alanz\Desktop\school code\software eng\Computer-Serve-Code\src\app\api\v1\createUser\route.ts">
        <metrics statements="10" coveredstatements="10" conditionals="0" coveredconditionals="0" methods="1" coveredmethods="1"/>
        <line num="3" count="1" type="stmt"/>
        <line num="4" count="1" type="stmt"/>
        <line num="6" count="1" type="stmt"/>
        <line num="7" count="1" type="stmt"/>
        <line num="10" count="1" type="stmt"/>
        <line num="11" count="1" type="stmt"/>
        <line num="12" count="1" type="stmt"/>
        <line num="19" count="1" type="stmt"/>
        <line num="25" count="1" type="stmt"/>
        <line num="32" count="1" type="stmt"/>
      </file>
    </package>
    <package name="app.api.v1.deleteSheet">
      <metrics statements="20" coveredstatements="17" conditionals="5" coveredconditionals="5" methods="1" coveredmethods="1"/>
      <file name="route.ts" path="C:\Users\alanz\Desktop\school code\software eng\Computer-Serve-Code\src\app\api\v1\deleteSheet\route.ts">
        <metrics statements="20" coveredstatements="17" conditionals="5" coveredconditionals="5" methods="1" coveredmethods="1"/>
        <line num="3" count="1" type="stmt"/>
        <line num="4" count="1" type="stmt"/>
        <line num="6" count="1" type="stmt"/>
        <line num="7" count="1" type="stmt"/>
        <line num="10" count="1" type="stmt"/>
        <line num="11" count="4" type="stmt"/>
        <line num="12" count="4" type="stmt"/>
        <line num="14" count="4" type="cond" truecount="3" falsecount="0"/>
        <line num="15" count="1" type="stmt"/>
        <line num="18" count="3" type="stmt"/>
        <line num="24" count="2" type="cond" truecount="1" falsecount="0"/>
        <line num="25" count="1" type="stmt"/>
        <line num="28" count="1" type="stmt"/>
        <line num="35" count="1" type="cond" truecount="1" falsecount="0"/>
        <line num="36" count="1" type="stmt"/>
        <line num="39" count="0" type="stmt"/>
        <line num="45" count="0" type="stmt"/>
        <line num="51" count="0" type="stmt"/>
        <line num="53" count="1" type="stmt"/>
        <line num="54" count="1" type="stmt"/>
      </file>
    </package>
    <package name="app.api.v1.getPublishers">
      <metrics statements="11" coveredstatements="11" conditionals="0" coveredconditionals="0" methods="2" coveredmethods="2"/>
      <file name="route.ts" path="C:\Users\alanz\Desktop\school code\software eng\Computer-Serve-Code\src\app\api\v1\getPublishers\route.ts">
        <metrics statements="11" coveredstatements="11" conditionals="0" coveredconditionals="0" methods="2" coveredmethods="2"/>
        <line num="2" count="1" type="stmt"/>
        <line num="3" count="1" type="stmt"/>
        <line num="5" count="1" type="stmt"/>
        <line num="6" count="1" type="stmt"/>
        <line num="9" count="1" type="stmt"/>
        <line num="10" count="2" type="stmt"/>
        <line num="11" count="2" type="stmt"/>
        <line num="13" count="2" type="stmt"/>
        <line num="17" count="1" type="stmt"/>
        <line num="24" count="1" type="stmt"/>
        <line num="26" count="1" type="stmt"/>
      </file>
    </package>
    <package name="app.api.v1.getSheets">
      <metrics statements="19" coveredstatements="19" conditionals="2" coveredconditionals="2" methods="2" coveredmethods="2"/>
      <file name="route.ts" path="C:\Users\alanz\Desktop\school code\software eng\Computer-Serve-Code\src\app\api\v1\getSheets\route.ts">
        <metrics statements="19" coveredstatements="19" conditionals="2" coveredconditionals="2" methods="2" coveredmethods="2"/>
        <line num="2" count="1" type="stmt"/>
        <line num="3" count="1" type="stmt"/>
        <line num="5" count="1" type="stmt"/>
        <line num="6" count="1" type="stmt"/>
        <line num="9" count="1" type="stmt"/>
        <line num="10" count="4" type="stmt"/>
        <line num="12" count="4" type="stmt"/>
        <line num="13" count="4" type="stmt"/>
        <line num="15" count="4" type="cond" truecount="1" falsecount="0"/>
        <line num="16" count="1" type="stmt"/>
        <line num="19" count="3" type="stmt"/>
        <line num="25" count="2" type="cond" truecount="1" falsecount="0"/>
        <line num="26" count="1" type="stmt"/>
        <line num="29" count="1" type="stmt"/>
        <line num="35" count="2" type="stmt"/>
        <line num="42" count="1" type="stmt"/>
        <line num="49" count="1" type="stmt"/>
        <line num="51" count="1" type="stmt"/>
        <line num="52" count="1" type="stmt"/>
      </file>
    </package>
    <package name="app.api.v1.getUpdatesForPublished">
      <metrics statements="23" coveredstatements="23" conditionals="8" coveredconditionals="7" methods="2" coveredmethods="2"/>
      <file name="route.ts" path="C:\Users\alanz\Desktop\school code\software eng\Computer-Serve-Code\src\app\api\v1\getUpdatesForPublished\route.ts">
        <metrics statements="23" coveredstatements="23" conditionals="8" coveredconditionals="7" methods="2" coveredmethods="2"/>
        <line num="3" count="1" type="stmt"/>
        <line num="4" count="1" type="stmt"/>
        <line num="6" count="1" type="stmt"/>
        <line num="7" count="1" type="stmt"/>
        <line num="10" count="1" type="stmt"/>
        <line num="11" count="5" type="stmt"/>
        <line num="12" count="5" type="stmt"/>
        <line num="14" count="5" type="cond" truecount="4" falsecount="0"/>
        <line num="15" count="1" type="stmt"/>
        <line num="18" count="4" type="stmt"/>
        <line num="24" count="3" type="cond" truecount="1" falsecount="0"/>
        <line num="25" count="1" type="stmt"/>
        <line num="28" count="2" type="stmt"/>
        <line num="35" count="2" type="cond" truecount="1" falsecount="0"/>
        <line num="36" count="1" type="stmt"/>
        <line num="39" count="1" type="stmt"/>
        <line num="51" count="2" type="stmt"/>
        <line num="52" count="1" type="cond" truecount="1" falsecount="1"/>
        <line num="54" count="1" type="stmt"/>
        <line num="61" count="1" type="stmt"/>
        <line num="68" count="1" type="stmt"/>
        <line num="70" count="1" type="stmt"/>
        <line num="71" count="1" type="stmt"/>
      </file>
    </package>
    <package name="app.api.v1.getUpdatesForSubscription">
      <metrics statements="23" coveredstatements="23" conditionals="8" coveredconditionals="7" methods="2" coveredmethods="2"/>
      <file name="route.ts" path="C:\Users\alanz\Desktop\school code\software eng\Computer-Serve-Code\src\app\api\v1\getUpdatesForSubscription\route.ts">
        <metrics statements="23" coveredstatements="23" conditionals="8" coveredconditionals="7" methods="2" coveredmethods="2"/>
        <line num="1" count="1" type="stmt"/>
        <line num="2" count="1" type="stmt"/>
        <line num="4" count="1" type="stmt"/>
        <line num="5" count="1" type="stmt"/>
        <line num="8" count="1" type="stmt"/>
        <line num="9" count="5" type="stmt"/>
        <line num="10" count="5" type="stmt"/>
        <line num="12" count="5" type="cond" truecount="4" falsecount="0"/>
        <line num="13" count="1" type="stmt"/>
        <line num="16" count="4" type="stmt"/>
        <line num="22" count="3" type="cond" truecount="1" falsecount="0"/>
        <line num="23" count="1" type="stmt"/>
        <line num="26" count="2" type="stmt"/>
        <line num="33" count="2" type="cond" truecount="1" falsecount="0"/>
        <line num="34" count="1" type="stmt"/>
        <line num="38" count="1" type="stmt"/>
        <line num="50" count="2" type="stmt"/>
        <line num="51" count="1" type="cond" truecount="1" falsecount="1"/>
        <line num="53" count="1" type="stmt"/>
        <line num="58" count="1" type="stmt"/>
        <line num="65" count="1" type="stmt"/>
        <line num="67" count="1" type="stmt"/>
        <line num="68" count="1" type="stmt"/>
      </file>
    </package>
    <package name="app.api.v1.register">
      <metrics statements="28" coveredstatements="27" conditionals="5" coveredconditionals="4" methods="2" coveredmethods="2"/>
      <file name="route.ts" path="C:\Users\alanz\Desktop\school code\software eng\Computer-Serve-Code\src\app\api\v1\register\route.ts">
        <metrics statements="28" coveredstatements="27" conditionals="5" coveredconditionals="4" methods="2" coveredmethods="2"/>
        <line num="2" count="1" type="stmt"/>
        <line num="3" count="1" type="stmt"/>
        <line num="4" count="1" type="stmt"/>
        <line num="6" count="1" type="stmt"/>
        <line num="7" count="1" type="stmt"/>
        <line num="10" count="5" type="stmt"/>
        <line num="11" count="5" type="cond" truecount="1" falsecount="0"/>
        <line num="12" count="1" type="stmt"/>
        <line num="15" count="4" type="stmt"/>
        <line num="16" count="4" type="cond" truecount="0" falsecount="1"/>
        <line num="17" count="0" type="stmt"/>
        <line num="20" count="4" type="stmt"/>
        <line num="21" count="4" type="stmt"/>
        <line num="22" count="4" type="stmt"/>
        <line num="26" count="1" type="stmt"/>
        <line num="27" count="5" type="stmt"/>
        <line num="28" count="5" type="stmt"/>
        <line num="30" count="5" type="cond" truecount="1" falsecount="0"/>
        <line num="31" count="1" type="stmt"/>
        <line num="34" count="4" type="stmt"/>
        <line num="37" count="4" type="stmt"/>
        <line num="44" count="3" type="cond" truecount="1" falsecount="0"/>
        <line num="45" count="1" type="stmt"/>
        <line num="49" count="2" type="stmt"/>
        <line num="55" count="2" type="cond" truecount="1" falsecount="0"/>
        <line num="56" count="1" type="stmt"/>
        <line num="59" count="1" type="stmt"/>
        <line num="61" count="1" type="stmt"/>
      </file>
    </package>
    <package name="app.api.v1.updatePublished">
      <metrics statements="18" coveredstatements="18" conditionals="6" coveredconditionals="6" methods="1" coveredmethods="1"/>
      <file name="route.ts" path="C:\Users\alanz\Desktop\school code\software eng\Computer-Serve-Code\src\app\api\v1\updatePublished\route.ts">
        <metrics statements="18" coveredstatements="18" conditionals="6" coveredconditionals="6" methods="1" coveredmethods="1"/>
        <line num="2" count="1" type="stmt"/>
        <line num="3" count="1" type="stmt"/>
        <line num="5" count="1" type="stmt"/>
        <line num="6" count="1" type="stmt"/>
        <line num="9" count="1" type="stmt"/>
        <line num="10" count="5" type="stmt"/>
        <line num="11" count="5" type="stmt"/>
        <line num="13" count="5" type="cond" truecount="4" falsecount="0"/>
        <line num="14" count="1" type="stmt"/>
        <line num="17" count="4" type="stmt"/>
        <line num="23" count="3" type="cond" truecount="1" falsecount="0"/>
        <line num="24" count="1" type="stmt"/>
        <line num="27" count="2" type="stmt"/>
        <line num="34" count="2" type="cond" truecount="1" falsecount="0"/>
        <line num="35" count="1" type="stmt"/>
        <line num="38" count="1" type="stmt"/>
        <line num="47" count="1" type="stmt"/>
        <line num="49" count="1" type="stmt"/>
      </file>
    </package>
    <package name="app.api.v1.updateSubscription">
      <metrics statements="19" coveredstatements="19" conditionals="6" coveredconditionals="6" methods="1" coveredmethods="1"/>
      <file name="route.ts" path="C:\Users\alanz\Desktop\school code\software eng\Computer-Serve-Code\src\app\api\v1\updateSubscription\route.ts">
        <metrics statements="19" coveredstatements="19" conditionals="6" coveredconditionals="6" methods="1" coveredmethods="1"/>
        <line num="2" count="1" type="stmt"/>
        <line num="3" count="1" type="stmt"/>
        <line num="5" count="1" type="stmt"/>
        <line num="6" count="1" type="stmt"/>
        <line num="9" count="1" type="stmt"/>
        <line num="10" count="5" type="stmt"/>
        <line num="11" count="5" type="stmt"/>
        <line num="13" count="5" type="cond" truecount="4" falsecount="0"/>
        <line num="14" count="1" type="stmt"/>
        <line num="17" count="4" type="stmt"/>
        <line num="23" count="3" type="cond" truecount="1" falsecount="0"/>
        <line num="24" count="1" type="stmt"/>
        <line num="27" count="2" type="stmt"/>
        <line num="34" count="2" type="cond" truecount="1" falsecount="0"/>
        <line num="35" count="1" type="stmt"/>
        <line num="38" count="1" type="stmt"/>
        <line num="45" count="1" type="stmt"/>
        <line num="47" count="1" type="stmt"/>
        <line num="48" count="1" type="stmt"/>
      </file>
    </package>
    <package name="classes">
      <metrics statements="303" coveredstatements="248" conditionals="146" coveredconditionals="115" methods="76" coveredmethods="66"/>
      <file name="cell.ts" path="C:\Users\alanz\Desktop\school code\software eng\Computer-Serve-Code\src\classes\cell.ts">
        <metrics statements="22" coveredstatements="22" conditionals="10" coveredconditionals="10" methods="8" coveredmethods="8"/>
        <line num="3" count="3" type="stmt"/>
        <line num="5" count="3" type="stmt"/>
        <line num="14" count="1000465" type="stmt"/>
        <line num="15" count="1000465" type="cond" truecount="1" falsecount="0"/>
        <line num="16" count="17" type="cond" truecount="2" falsecount="0"/>
        <line num="17" count="10" type="stmt"/>
        <line num="18" count="10" type="stmt"/>
        <line num="20" count="7" type="stmt"/>
        <line num="21" count="7" type="stmt"/>
        <line num="30" count="55" type="stmt"/>
        <line num="35" count="21" type="stmt"/>
        <line num="40" count="8" type="stmt"/>
        <line num="41" count="8" type="stmt"/>
        <line num="46" count="12" type="stmt"/>
        <line num="47" count="12" type="stmt"/>
        <line num="52" count="7" type="cond" truecount="2" falsecount="0"/>
        <line num="53" count="6" type="stmt"/>
        <line num="55" count="1" type="stmt"/>
        <line num="61" count="7" type="cond" truecount="2" falsecount="0"/>
        <line num="62" count="6" type="stmt"/>
        <line num="64" count="1" type="stmt"/>
        <line num="70" count="10" type="cond" truecount="3" falsecount="0"/>
      </file>
      <file name="publisher.ts" path="C:\Users\alanz\Desktop\school code\software eng\Computer-Serve-Code\src\classes\publisher.ts">
        <metrics statements="17" coveredstatements="17" conditionals="18" coveredconditionals="18" methods="6" coveredmethods="6"/>
        <line num="3" count="3" type="stmt"/>
        <line num="4" count="3" type="stmt"/>
        <line num="9" count="103" type="cond" truecount="3" falsecount="0"/>
        <line num="10" count="2" type="stmt"/>
        <line num="11" count="101" type="stmt"/>
        <line num="12" count="101" type="cond" truecount="5" falsecount="0"/>
        <line num="13" count="4" type="stmt"/>
        <line num="15" count="97" type="stmt"/>
        <line num="19" count="7" type="stmt"/>
        <line num="23" count="103" type="stmt"/>
        <line num="27" count="3" type="cond" truecount="2" falsecount="0"/>
        <line num="28" count="1" type="stmt"/>
        <line num="30" count="2" type="stmt"/>
        <line num="35" count="7" type="cond" truecount="6" falsecount="0"/>
        <line num="36" count="4" type="stmt"/>
        <line num="39" count="3" type="stmt"/>
        <line num="46" count="2" type="cond" truecount="2" falsecount="0"/>
      </file>
      <file name="ref.ts" path="C:\Users\alanz\Desktop\school code\software eng\Computer-Serve-Code\src\classes\ref.ts">
        <metrics statements="35" coveredstatements="34" conditionals="21" coveredconditionals="20" methods="9" coveredmethods="9"/>
        <line num="5" count="8" type="stmt"/>
        <line num="12" count="144" type="cond" truecount="2" falsecount="0"/>
        <line num="14" count="93" type="stmt"/>
        <line num="15" count="93" type="cond" truecount="3" falsecount="0"/>
        <line num="16" count="18" type="stmt"/>
        <line num="18" count="75" type="stmt"/>
        <line num="19" count="75" type="cond" truecount="1" falsecount="0"/>
        <line num="20" count="1" type="stmt"/>
        <line num="24" count="74" type="stmt"/>
        <line num="25" count="74" type="stmt"/>
        <line num="27" count="51" type="cond" truecount="1" falsecount="0"/>
        <line num="28" count="12" type="stmt"/>
        <line num="31" count="39" type="stmt"/>
        <line num="32" count="39" type="cond" truecount="2" falsecount="0"/>
        <line num="39" count="13" type="stmt"/>
        <line num="41" count="26" type="stmt"/>
        <line num="47" count="37" type="stmt"/>
        <line num="51" count="4" type="stmt"/>
        <line num="55" count="4" type="cond" truecount="0" falsecount="1"/>
        <line num="56" count="0" type="stmt"/>
        <line num="58" count="4" type="stmt"/>
        <line num="64" count="30" type="stmt"/>
        <line num="65" count="30" type="stmt"/>
        <line num="66" count="30" type="stmt"/>
        <line num="67" count="30" type="stmt"/>
        <line num="69" count="30" type="stmt"/>
        <line num="70" count="39" type="stmt"/>
        <line num="71" count="39" type="stmt"/>
        <line num="73" count="30" type="stmt"/>
        <line num="78" count="5" type="cond" truecount="2" falsecount="0"/>
        <line num="81" count="12" type="cond" truecount="1" falsecount="0"/>
        <line num="82" count="3" type="stmt"/>
        <line num="87" count="5" type="stmt"/>
        <line num="90" count="9" type="cond" truecount="3" falsecount="0"/>
        <line num="91" count="3" type="stmt"/>
      </file>
      <file name="sheetGraphManager.ts" path="C:\Users\alanz\Desktop\school code\software eng\Computer-Serve-Code\src\classes\sheetGraphManager.ts">
        <metrics statements="71" coveredstatements="68" conditionals="28" coveredconditionals="25" methods="17" coveredmethods="16"/>
        <line num="7" count="1" type="stmt"/>
        <line num="34" count="21" type="stmt"/>
        <line num="35" count="21" type="stmt"/>
        <line num="36" count="21" type="stmt"/>
        <line num="37" count="21" type="stmt"/>
        <line num="42" count="25" type="cond" truecount="1" falsecount="0"/>
        <line num="43" count="1" type="stmt"/>
        <line num="45" count="24" type="stmt"/>
        <line num="50" count="3" type="cond" truecount="1" falsecount="0"/>
        <line num="51" count="1" type="stmt"/>
        <line num="54" count="2" type="stmt"/>
        <line num="55" count="2" type="cond" truecount="1" falsecount="0"/>
        <line num="57" count="2" type="stmt"/>
        <line num="58" count="2" type="stmt"/>
        <line num="59" count="2" type="stmt"/>
        <line num="62" count="2" type="stmt"/>
        <line num="68" count="17" type="cond" truecount="1" falsecount="0"/>
        <line num="69" count="1" type="stmt"/>
        <line num="71" count="16" type="cond" truecount="1" falsecount="0"/>
        <line num="72" count="1" type="stmt"/>
        <line num="75" count="15" type="stmt"/>
        <line num="76" count="15" type="stmt"/>
        <line num="77" count="15" type="stmt"/>
        <line num="82" count="2" type="cond" truecount="1" falsecount="0"/>
        <line num="83" count="1" type="stmt"/>
        <line num="86" count="1" type="stmt"/>
        <line num="87" count="1" type="stmt"/>
        <line num="90" count="1" type="stmt"/>
        <line num="95" count="5" type="cond" truecount="2" falsecount="0"/>
        <line num="96" count="4" type="stmt"/>
        <line num="98" count="1" type="stmt"/>
        <line num="105" count="2" type="cond" truecount="2" falsecount="0"/>
        <line num="106" count="1" type="stmt"/>
        <line num="108" count="1" type="stmt"/>
        <line num="114" count="5" type="cond" truecount="1" falsecount="0"/>
        <line num="118" count="5" type="stmt"/>
        <line num="119" count="5" type="cond" truecount="2" falsecount="0"/>
        <line num="125" count="5" type="stmt"/>
        <line num="126" count="5" type="cond" truecount="2" falsecount="0"/>
        <line num="131" count="5" type="cond" truecount="1" falsecount="0"/>
        <line num="132" count="2" type="stmt"/>
        <line num="134" count="3" type="cond" truecount="1" falsecount="0"/>
        <line num="135" count="1" type="stmt"/>
        <line num="137" count="2" type="stmt"/>
        <line num="138" count="2" type="cond" truecount="0" falsecount="1"/>
        <line num="139" count="0" type="stmt"/>
        <line num="141" count="2" type="stmt"/>
        <line num="146" count="3" type="cond" truecount="1" falsecount="0"/>
        <line num="147" count="1" type="stmt"/>
        <line num="149" count="2" type="stmt"/>
        <line num="150" count="2" type="cond" truecount="0" falsecount="1"/>
        <line num="151" count="0" type="stmt"/>
        <line num="153" count="2" type="stmt"/>
        <line num="154" count="2" type="cond" truecount="1" falsecount="0"/>
        <line num="155" count="1" type="stmt"/>
        <line num="157" count="1" type="stmt"/>
        <line num="162" count="3" type="stmt"/>
        <line num="163" count="3" type="stmt"/>
        <line num="164" count="6" type="cond" truecount="1" falsecount="0"/>
        <line num="165" count="4" type="stmt"/>
        <line num="168" count="3" type="stmt"/>
        <line num="173" count="2" type="cond" truecount="3" falsecount="0"/>
        <line num="176" count="1" type="stmt"/>
        <line num="178" count="1" type="stmt"/>
        <line num="179" count="1" type="stmt"/>
        <line num="180" count="1" type="cond" truecount="0" falsecount="1"/>
        <line num="182" count="0" type="stmt"/>
        <line num="192" count="2" type="cond" truecount="1" falsecount="0"/>
        <line num="193" count="1" type="stmt"/>
        <line num="195" count="1" type="stmt"/>
        <line num="196" count="1" type="stmt"/>
      </file>
      <file name="sheets.ts" path="C:\Users\alanz\Desktop\school code\software eng\Computer-Serve-Code\src\classes\sheets.ts">
        <metrics statements="158" coveredstatements="107" conditionals="69" coveredconditionals="42" methods="36" coveredmethods="27"/>
        <line num="8" count="2" type="stmt"/>
        <line num="9" count="2" type="stmt"/>
        <line num="11" count="2" type="stmt"/>
        <line num="12" count="2" type="stmt"/>
        <line num="13" count="2" type="stmt"/>
        <line num="14" count="2" type="stmt"/>
        <line num="21" count="0" type="stmt"/>
        <line num="22" count="0" type="stmt"/>
        <line num="23" count="0" type="cond" truecount="0" falsecount="2"/>
        <line num="28" count="2" type="stmt"/>
        <line num="34" count="50" type="stmt"/>
        <line num="35" count="50" type="stmt"/>
        <line num="36" count="50" type="stmt"/>
        <line num="45" count="50" type="cond" truecount="3" falsecount="0"/>
        <line num="46" count="2" type="stmt"/>
        <line num="48" count="48" type="stmt"/>
        <line num="49" count="1000423" type="stmt"/>
        <line num="51" count="48" type="cond" truecount="1" falsecount="0"/>
        <line num="52" count="1" type="stmt"/>
        <line num="54" count="47" type="stmt"/>
        <line num="55" count="47" type="stmt"/>
        <line num="56" count="47" type="stmt"/>
        <line num="61" count="22" type="stmt"/>
        <line num="62" count="22" type="stmt"/>
        <line num="64" count="22" type="cond" truecount="3" falsecount="0"/>
        <line num="65" count="1" type="stmt"/>
        <line num="68" count="21" type="stmt"/>
        <line num="69" count="21" type="cond" truecount="4" falsecount="0"/>
        <line num="70" count="2" type="stmt"/>
        <line num="73" count="19" type="stmt"/>
        <line num="74" count="19" type="cond" truecount="0" falsecount="1"/>
        <line num="75" count="0" type="stmt"/>
        <line num="78" count="19" type="stmt"/>
        <line num="83" count="2" type="stmt"/>
        <line num="90" count="27" type="cond" truecount="2" falsecount="0"/>
        <line num="91" count="15" type="stmt"/>
        <line num="92" count="12" type="cond" truecount="1" falsecount="1"/>
        <line num="93" count="12" type="stmt"/>
        <line num="95" count="0" type="stmt"/>
        <line num="98" count="27" type="stmt"/>
        <line num="100" count="27" type="cond" truecount="3" falsecount="0"/>
        <line num="101" count="6" type="stmt"/>
        <line num="104" count="21" type="stmt"/>
        <line num="105" count="21" type="cond" truecount="4" falsecount="0"/>
        <line num="106" count="4" type="stmt"/>
        <line num="109" count="17" type="stmt"/>
        <line num="110" count="17" type="cond" truecount="0" falsecount="1"/>
        <line num="111" count="0" type="stmt"/>
        <line num="114" count="17" type="stmt"/>
        <line num="118" count="1" type="stmt"/>
        <line num="122" count="2" type="stmt"/>
        <line num="126" count="2" type="stmt"/>
        <line num="131" count="1" type="stmt"/>
        <line num="135" count="1" type="stmt"/>
        <line num="137" count="1" type="cond" truecount="1" falsecount="1"/>
        <line num="138" count="0" type="stmt"/>
        <line num="140" count="1" type="stmt"/>
        <line num="145" count="9" type="cond" truecount="3" falsecount="0"/>
        <line num="146" count="9" type="stmt"/>
        <line num="147" count="9" type="stmt"/>
        <line num="149" count="9" type="cond" truecount="0" falsecount="1"/>
        <line num="150" count="0" type="stmt"/>
        <line num="155" count="9" type="cond" truecount="0" falsecount="1"/>
        <line num="158" count="0" type="stmt"/>
        <line num="162" count="0" type="stmt"/>
        <line num="163" count="0" type="stmt"/>
        <line num="166" count="0" type="stmt"/>
        <line num="167" count="0" type="cond" truecount="0" falsecount="1"/>
        <line num="168" count="0" type="stmt"/>
        <line num="170" count="0" type="cond" truecount="0" falsecount="1"/>
        <line num="171" count="0" type="stmt"/>
        <line num="175" count="0" type="stmt"/>
        <line num="179" count="9" type="stmt"/>
        <line num="180" count="9" type="cond" truecount="0" falsecount="1"/>
        <line num="181" count="0" type="stmt"/>
        <line num="184" count="0" type="stmt"/>
        <line num="185" count="0" type="stmt"/>
        <line num="187" count="0" type="cond" truecount="0" falsecount="1"/>
        <line num="188" count="0" type="stmt"/>
        <line num="191" count="0" type="cond" truecount="0" falsecount="1"/>
        <line num="194" count="0" type="stmt"/>
        <line num="200" count="9" type="stmt"/>
        <line num="206" count="0" type="stmt"/>
        <line num="207" count="0" type="stmt"/>
        <line num="208" count="0" type="cond" truecount="0" falsecount="1"/>
        <line num="209" count="0" type="stmt"/>
        <line num="210" count="0" type="stmt"/>
        <line num="211" count="0" type="stmt"/>
        <line num="212" count="0" type="cond" truecount="0" falsecount="1"/>
        <line num="213" count="0" type="stmt"/>
        <line num="215" count="0" type="cond" truecount="0" falsecount="4"/>
        <line num="216" count="0" type="stmt"/>
        <line num="218" count="0" type="stmt"/>
        <line num="221" count="0" type="stmt"/>
        <line num="224" count="0" type="stmt"/>
        <line num="229" count="1" type="cond" truecount="1" falsecount="1"/>
        <line num="233" count="2" type="cond" truecount="2" falsecount="0"/>
        <line num="235" count="1" type="stmt"/>
        <line num="240" count="1" type="cond" truecount="1" falsecount="0"/>
        <line num="241" count="1" type="stmt"/>
        <line num="246" count="91" type="stmt"/>
        <line num="250" count="50" type="cond" truecount="6" falsecount="0"/>
        <line num="251" count="4" type="stmt"/>
        <line num="253" count="46" type="stmt"/>
        <line num="259" count="1" type="stmt"/>
        <line num="260" count="1" type="stmt"/>
        <line num="261" count="1" type="stmt"/>
        <line num="262" count="1" type="stmt"/>
        <line num="263" count="1" type="stmt"/>
        <line num="265" count="1" type="stmt"/>
        <line num="266" count="2" type="stmt"/>
        <line num="267" count="4" type="stmt"/>
        <line num="268" count="4" type="stmt"/>
        <line num="271" count="1" type="stmt"/>
        <line num="276" count="1" type="stmt"/>
        <line num="281" count="1" type="stmt"/>
        <line num="286" count="1" type="stmt"/>
        <line num="291" count="12" type="stmt"/>
        <line num="296" count="1" type="stmt"/>
        <line num="297" count="1" type="stmt"/>
        <line num="298" count="3" type="stmt"/>
        <line num="299" count="9" type="cond" truecount="1" falsecount="0"/>
        <line num="300" count="1" type="stmt"/>
        <line num="304" count="1" type="stmt"/>
        <line num="309" count="1" type="stmt"/>
        <line num="310" count="1" type="stmt"/>
        <line num="311" count="1" type="cond" truecount="1" falsecount="1"/>
        <line num="312" count="3" type="stmt"/>
        <line num="313" count="1" type="stmt"/>
        <line num="315" count="1" type="stmt"/>
        <line num="316" count="1" type="stmt"/>
        <line num="318" count="1" type="stmt"/>
        <line num="319" count="3" type="stmt"/>
        <line num="320" count="3" type="stmt"/>
        <line num="321" count="3" type="cond" truecount="1" falsecount="0"/>
        <line num="322" count="3" type="stmt"/>
        <line num="323" count="9" type="stmt"/>
        <line num="324" count="9" type="cond" truecount="2" falsecount="0"/>
        <line num="325" count="6" type="stmt"/>
        <line num="326" count="3" type="cond" truecount="2" falsecount="2"/>
        <line num="327" count="0" type="stmt"/>
        <line num="329" count="3" type="stmt"/>
        <line num="333" count="3" type="stmt"/>
        <line num="337" count="1" type="stmt"/>
        <line num="342" count="6" type="stmt"/>
        <line num="347" count="0" type="stmt"/>
        <line num="352" count="0" type="stmt"/>
        <line num="354" count="0" type="cond" truecount="0" falsecount="2"/>
        <line num="356" count="0" type="stmt"/>
        <line num="358" count="0" type="stmt"/>
        <line num="364" count="0" type="stmt"/>
        <line num="365" count="0" type="stmt"/>
        <line num="366" count="0" type="cond" truecount="0" falsecount="2"/>
        <line num="368" count="0" type="stmt"/>
        <line num="370" count="0" type="stmt"/>
        <line num="373" count="0" type="stmt"/>
        <line num="374" count="0" type="stmt"/>
        <line num="375" count="0" type="stmt"/>
      </file>
    </package>
    <package name="utils">
      <metrics statements="118" coveredstatements="114" conditionals="71" coveredconditionals="52" methods="27" coveredmethods="27"/>
      <file name="columnToNumber.ts" path="C:\Users\alanz\Desktop\school code\software eng\Computer-Serve-Code\src\utils\columnToNumber.ts">
        <metrics statements="7" coveredstatements="7" conditionals="0" coveredconditionals="0" methods="1" coveredmethods="1"/>
        <line num="5" count="3" type="stmt"/>
        <line num="6" count="20" type="stmt"/>
        <line num="7" count="20" type="stmt"/>
        <line num="8" count="20" type="stmt"/>
        <line num="9" count="30" type="stmt"/>
        <line num="10" count="30" type="stmt"/>
        <line num="12" count="20" type="stmt"/>
      </file>
      <file name="formula.ts" path="C:\Users\alanz\Desktop\school code\software eng\Computer-Serve-Code\src\utils\formula.ts">
        <metrics statements="66" coveredstatements="62" conditionals="59" coveredconditionals="41" methods="19" coveredmethods="19"/>
        <line num="21" count="99" type="stmt"/>
        <line num="22" count="72" type="cond" truecount="2" falsecount="0"/>
        <line num="23" count="159" type="stmt"/>
        <line num="25" count="3" type="stmt"/>
        <line num="26" count="81" type="cond" truecount="1" falsecount="0"/>
        <line num="27" count="31" type="stmt"/>
        <line num="28" count="31" type="cond" truecount="1" falsecount="0"/>
        <line num="29" count="30" type="stmt"/>
        <line num="31" count="50" type="cond" truecount="1" falsecount="0"/>
        <line num="32" count="36" type="cond" truecount="1" falsecount="0"/>
        <line num="33" count="20" type="cond" truecount="1" falsecount="0"/>
        <line num="34" count="20" type="stmt"/>
        <line num="35" count="20" type="stmt"/>
        <line num="37" count="0" type="stmt"/>
        <line num="40" count="3" type="stmt"/>
        <line num="41" count="20" type="stmt"/>
        <line num="42" count="20" type="stmt"/>
        <line num="43" count="20" type="stmt"/>
        <line num="46" count="3" type="stmt"/>
        <line num="47" count="20" type="stmt"/>
        <line num="48" count="20" type="cond" truecount="1" falsecount="1"/>
        <line num="51" count="3" type="stmt"/>
        <line num="52" count="20" type="stmt"/>
        <line num="54" count="20" type="stmt"/>
        <line num="55" count="78" type="cond" truecount="7" falsecount="3"/>
        <line num="56" count="57" type="cond" truecount="1" falsecount="1"/>
        <line num="58" count="21" type="cond" truecount="2" falsecount="1"/>
        <line num="59" count="21" type="cond" truecount="1" falsecount="1"/>
        <line num="60" count="21" type="stmt"/>
        <line num="61" count="21" type="cond" truecount="2" falsecount="0"/>
        <line num="62" count="58" type="stmt"/>
        <line num="63" count="58" type="cond" truecount="1" falsecount="0"/>
        <line num="65" count="21" type="cond" truecount="0" falsecount="1"/>
        <line num="66" count="21" type="stmt"/>
        <line num="67" count="21" type="stmt"/>
        <line num="69" count="0" type="stmt"/>
        <line num="72" count="20" type="stmt"/>
        <line num="75" count="3" type="stmt"/>
        <line num="76" count="78" type="cond" truecount="2" falsecount="1"/>
        <line num="78" count="57" type="stmt"/>
        <line num="80" count="21" type="stmt"/>
        <line num="81" count="58" type="stmt"/>
        <line num="82" count="21" type="stmt"/>
        <line num="84" count="0" type="stmt"/>
        <line num="88" count="3" type="stmt"/>
        <line num="89" count="21" type="cond" truecount="7" falsecount="1"/>
        <line num="92" count="7" type="stmt"/>
        <line num="94" count="7" type="cond" truecount="1" falsecount="1"/>
        <line num="96" count="8" type="cond" truecount="0" falsecount="1"/>
        <line num="97" count="2" type="stmt"/>
        <line num="99" count="8" type="cond" truecount="0" falsecount="1"/>
        <line num="100" count="2" type="stmt"/>
        <line num="102" count="6" type="cond" truecount="0" falsecount="1"/>
        <line num="103" count="6" type="stmt"/>
        <line num="105" count="7" type="cond" truecount="1" falsecount="0"/>
        <line num="106" count="6" type="stmt"/>
        <line num="107" count="6" type="cond" truecount="1" falsecount="1"/>
        <line num="108" count="6" type="cond" truecount="1" falsecount="1"/>
        <line num="109" count="6" type="cond" truecount="2" falsecount="1"/>
        <line num="110" count="6" type="cond" truecount="1" falsecount="0"/>
        <line num="111" count="5" type="cond" truecount="2" falsecount="0"/>
        <line num="113" count="2" type="cond" truecount="1" falsecount="1"/>
        <line num="115" count="0" type="stmt"/>
        <line num="119" count="3" type="stmt"/>
        <line num="120" count="24" type="stmt"/>
        <line num="123" count="3" type="stmt"/>
      </file>
      <file name="hasSpecialChar.ts" path="C:\Users\alanz\Desktop\school code\software eng\Computer-Serve-Code\src\utils\hasSpecialChar.ts">
        <metrics statements="2" coveredstatements="2" conditionals="0" coveredconditionals="0" methods="1" coveredmethods="1"/>
        <line num="4" count="4" type="stmt"/>
        <line num="6" count="109" type="stmt"/>
      </file>
      <file name="multipleCellUpdate.ts" path="C:\Users\alanz\Desktop\school code\software eng\Computer-Serve-Code\src\utils\multipleCellUpdate.ts">
        <metrics statements="5" coveredstatements="5" conditionals="0" coveredconditionals="0" methods="2" coveredmethods="2"/>
        <line num="3" count="2" type="stmt"/>
        <line num="6" count="2" type="stmt"/>
        <line num="7" count="2" type="stmt"/>
        <line num="8" count="6" type="stmt"/>
        <line num="9" count="2" type="stmt"/>
      </file>
      <file name="numberToColumnLabel.ts" path="C:\Users\alanz\Desktop\school code\software eng\Computer-Serve-Code\src\utils\numberToColumnLabel.ts">
        <metrics statements="7" coveredstatements="7" conditionals="0" coveredconditionals="0" methods="1" coveredmethods="1"/>
        <line num="4" count="3" type="stmt"/>
        <line num="5" count="15" type="stmt"/>
        <line num="6" count="15" type="stmt"/>
        <line num="7" count="23" type="stmt"/>
        <line num="8" count="23" type="stmt"/>
        <line num="9" count="23" type="stmt"/>
        <line num="11" count="15" type="stmt"/>
      </file>
      <file name="parseRef.ts" path="C:\Users\alanz\Desktop\school code\software eng\Computer-Serve-Code\src\utils\parseRef.ts">
        <metrics statements="11" coveredstatements="11" conditionals="4" coveredconditionals="4" methods="1" coveredmethods="1"/>
        <line num="2" count="4" type="stmt"/>
        <line num="6" count="4" type="stmt"/>
        <line num="7" count="13" type="stmt"/>
        <line num="8" count="13" type="stmt"/>
        <line num="9" count="13" type="cond" truecount="4" falsecount="0"/>
        <line num="10" count="4" type="stmt"/>
        <line num="13" count="9" type="stmt"/>
        <line num="14" count="9" type="stmt"/>
        <line num="16" count="9" type="stmt"/>
        <line num="18" count="9" type="stmt"/>
        <line num="21" count="4" type="stmt"/>
      </file>
      <file name="parseTerm.ts" path="C:\Users\alanz\Desktop\school code\software eng\Computer-Serve-Code\src\utils\parseTerm.ts">
        <metrics statements="10" coveredstatements="10" conditionals="3" coveredconditionals="3" methods="1" coveredmethods="1"/>
        <line num="5" count="4" type="stmt"/>
        <line num="6" count="17" type="stmt"/>
        <line num="9" count="17" type="cond" truecount="1" falsecount="0"/>
        <line num="10" count="10" type="stmt"/>
        <line num="14" count="7" type="cond" truecount="1" falsecount="0"/>
        <line num="16" count="2" type="stmt"/>
        <line num="17" count="2" type="stmt"/>
        <line num="21" count="5" type="cond" truecount="1" falsecount="0"/>
        <line num="22" count="2" type="stmt"/>
        <line num="25" count="3" type="stmt"/>
      </file>
      <file name="singleCellUpdate.ts" path="C:\Users\alanz\Desktop\school code\software eng\Computer-Serve-Code\src\utils\singleCellUpdate.ts">
        <metrics statements="10" coveredstatements="10" conditionals="5" coveredconditionals="4" methods="1" coveredmethods="1"/>
        <line num="4" count="3" type="stmt"/>
        <line num="5" count="3" type="stmt"/>
        <line num="9" count="3" type="stmt"/>
        <line num="10" count="13" type="stmt"/>
        <line num="11" count="13" type="stmt"/>
        <line num="12" count="13" type="cond" truecount="3" falsecount="0"/>
        <line num="13" count="2" type="stmt"/>
        <line num="15" count="11" type="cond" truecount="1" falsecount="1"/>
        <line num="17" count="11" type="stmt"/>
        <line num="18" count="10" type="stmt"/>
      </file>
    </package>
  </project>
</coverage>
