{"C:\\Users\\alanz\\Desktop\\school code\\software eng\\Computer-Serve-Code\\src\\app\\api\\v1\\checkUser\\route.ts": {"path":"C:\\Users\\alanz\\Desktop\\school code\\software eng\\Computer-Serve-Code\\src\\app\\api\\v1\\checkUser\\route.ts","statementMap":{"0":{"start":{"line":2,"column":0},"end":{"line":2,"column":61}},"1":{"start":{"line":3,"column":0},"end":{"line":3,"column":46}},"2":{"start":{"line":5,"column":15},"end":{"line":5,"column":33}},"3":{"start":{"line":6,"column":20},"end":{"line":6,"column":30}},"4":{"start":{"line":10,"column":21},"end":{"line":10,"column":53}},"5":{"start":{"line":11,"column":2},"end":{"line":13,"column":3}},"6":{"start":{"line":12,"column":4},"end":{"line":12,"column":16}},"7":{"start":{"line":15,"column":28},"end":{"line":15,"column":52}},"8":{"start":{"line":16,"column":2},"end":{"line":18,"column":3}},"9":{"start":{"line":17,"column":4},"end":{"line":17,"column":16}},"10":{"start":{"line":20,"column":22},"end":{"line":21,"column":null}},"11":{"start":{"line":23,"column":31},"end":{"line":23,"column":53}},"12":{"start":{"line":24,"column":2},"end":{"line":24,"column":32}},"13":{"start":{"line":28,"column":2},"end":{"line":73,"column":3}},"14":{"start":{"line":29,"column":24},"end":{"line":29,"column":43}},"15":{"start":{"line":30,"column":4},"end":{"line":40,"column":5}},"16":{"start":{"line":31,"column":6},"end":{"line":39,"column":8}},"17":{"start":{"line":42,"column":35},"end":{"line":42,"column":46}},"18":{"start":{"line":45,"column":17},"end":{"line":47,"column":6}},"19":{"start":{"line":49,"column":4},"end":{"line":54,"column":5}},"20":{"start":{"line":50,"column":6},"end":{"line":53,"column":8}},"21":{"start":{"line":57,"column":4},"end":{"line":62,"column":5}},"22":{"start":{"line":58,"column":6},"end":{"line":61,"column":8}},"23":{"start":{"line":64,"column":4},"end":{"line":67,"column":6}},"24":{"start":{"line":69,"column":4},"end":{"line":72,"column":6}},"25":{"start":{"line":27,"column":0},"end":{"line":27,"column":7}}},"fnMap":{"0":{"name":"parseBasicAuth","decl":{"start":{"line":9,"column":9},"end":{"line":9,"column":23}},"loc":{"start":{"line":9,"column":40},"end":{"line":25,"column":1}}},"1":{"name":"GET","decl":{"start":{"line":27,"column":22},"end":{"line":27,"column":25}},"loc":{"start":{"line":27,"column":42},"end":{"line":74,"column":1}}}},"branchMap":{"0":{"loc":{"start":{"line":11,"column":2},"end":{"line":13,"column":3}},"type":"if","locations":[{"start":{"line":11,"column":2},"end":{"line":13,"column":3}}]},"1":{"loc":{"start":{"line":16,"column":2},"end":{"line":18,"column":3}},"type":"if","locations":[{"start":{"line":16,"column":2},"end":{"line":18,"column":3}}]},"2":{"loc":{"start":{"line":30,"column":4},"end":{"line":40,"column":5}},"type":"if","locations":[{"start":{"line":30,"column":4},"end":{"line":40,"column":5}}]},"3":{"loc":{"start":{"line":49,"column":4},"end":{"line":54,"column":5}},"type":"if","locations":[{"start":{"line":49,"column":4},"end":{"line":54,"column":5}}]},"4":{"loc":{"start":{"line":57,"column":4},"end":{"line":62,"column":5}},"type":"if","locations":[{"start":{"line":57,"column":4},"end":{"line":62,"column":5}}]}},"s":{"0":1,"1":1,"2":1,"3":1,"4":5,"5":5,"6":1,"7":4,"8":4,"9":0,"10":4,"11":4,"12":4,"13":5,"14":5,"15":5,"16":1,"17":4,"18":4,"19":3,"20":1,"21":2,"22":1,"23":1,"24":1,"25":1},"f":{"0":5,"1":5},"b":{"0":[1],"1":[0],"2":[1],"3":[1],"4":[1]}}
,"C:\\Users\\alanz\\Desktop\\school code\\software eng\\Computer-Serve-Code\\src\\app\\api\\v1\\createSheet\\route.ts": {"path":"C:\\Users\\alanz\\Desktop\\school code\\software eng\\Computer-Serve-Code\\src\\app\\api\\v1\\createSheet\\route.ts","statementMap":{"0":{"start":{"line":2,"column":0},"end":{"line":2,"column":61}},"1":{"start":{"line":3,"column":0},"end":{"line":3,"column":46}},"2":{"start":{"line":5,"column":15},"end":{"line":5,"column":33}},"3":{"start":{"line":6,"column":20},"end":{"line":6,"column":30}},"4":{"start":{"line":10,"column":4},"end":{"line":39,"column":5}},"5":{"start":{"line":11,"column":37},"end":{"line":11,"column":53}},"6":{"start":{"line":12,"column":24},"end":{"line":12,"column":26}},"7":{"start":{"line":14,"column":8},"end":{"line":16,"column":9}},"8":{"start":{"line":15,"column":12},"end":{"line":15,"column":139}},"9":{"start":{"line":18,"column":31},"end":{"line":22,"column":10}},"10":{"start":{"line":24,"column":8},"end":{"line":26,"column":9}},"11":{"start":{"line":25,"column":12},"end":{"line":25,"column":134}},"12":{"start":{"line":28,"column":8},"end":{"line":34,"column":11}},"13":{"start":{"line":36,"column":8},"end":{"line":36,"column":112}},"14":{"start":{"line":38,"column":8},"end":{"line":38,"column":133}},"15":{"start":{"line":9,"column":0},"end":{"line":9,"column":7}}},"fnMap":{"0":{"name":"POST","decl":{"start":{"line":9,"column":22},"end":{"line":9,"column":26}},"loc":{"start":{"line":9,"column":43},"end":{"line":40,"column":1}}}},"branchMap":{"0":{"loc":{"start":{"line":14,"column":8},"end":{"line":16,"column":9}},"type":"if","locations":[{"start":{"line":14,"column":8},"end":{"line":16,"column":9}}]},"1":{"loc":{"start":{"line":14,"column":12},"end":{"line":14,"column":32}},"type":"binary-expr","locations":[{"start":{"line":14,"column":12},"end":{"line":14,"column":22}},{"start":{"line":14,"column":26},"end":{"line":14,"column":32}}]},"2":{"loc":{"start":{"line":24,"column":8},"end":{"line":26,"column":9}},"type":"if","locations":[{"start":{"line":24,"column":8},"end":{"line":26,"column":9}}]}},"s":{"0":1,"1":1,"2":1,"3":1,"4":4,"5":4,"6":4,"7":4,"8":1,"9":3,"10":2,"11":1,"12":1,"13":1,"14":1,"15":1},"f":{"0":4},"b":{"0":[1],"1":[4,3],"2":[1]}}
,"C:\\Users\\alanz\\Desktop\\school code\\software eng\\Computer-Serve-Code\\src\\app\\api\\v1\\createUser\\route.ts": {"path":"C:\\Users\\alanz\\Desktop\\school code\\software eng\\Computer-Serve-Code\\src\\app\\api\\v1\\createUser\\route.ts","statementMap":{"0":{"start":{"line":3,"column":0},"end":{"line":3,"column":61}},"1":{"start":{"line":4,"column":0},"end":{"line":4,"column":46}},"2":{"start":{"line":6,"column":15},"end":{"line":6,"column":33}},"3":{"start":{"line":7,"column":20},"end":{"line":7,"column":30}},"4":{"start":{"line":11,"column":35},"end":{"line":11,"column":51}},"5":{"start":{"line":12,"column":17},"end":{"line":17,"column":6}},"6":{"start":{"line":19,"column":4},"end":{"line":23,"column":7}},"7":{"start":{"line":25,"column":19},"end":{"line":30,"column":null}},"8":{"start":{"line":32,"column":4},"end":{"line":32,"column":54}},"9":{"start":{"line":10,"column":0},"end":{"line":10,"column":7}}},"fnMap":{"0":{"name":"POST","decl":{"start":{"line":10,"column":22},"end":{"line":10,"column":26}},"loc":{"start":{"line":10,"column":43},"end":{"line":33,"column":1}}}},"branchMap":{},"s":{"0":1,"1":1,"2":1,"3":1,"4":1,"5":1,"6":1,"7":1,"8":1,"9":1},"f":{"0":1},"b":{}}
,"C:\\Users\\alanz\\Desktop\\school code\\software eng\\Computer-Serve-Code\\src\\app\\api\\v1\\deleteSheet\\route.ts": {"path":"C:\\Users\\alanz\\Desktop\\school code\\software eng\\Computer-Serve-Code\\src\\app\\api\\v1\\deleteSheet\\route.ts","statementMap":{"0":{"start":{"line":3,"column":0},"end":{"line":3,"column":61}},"1":{"start":{"line":4,"column":0},"end":{"line":4,"column":46}},"2":{"start":{"line":6,"column":15},"end":{"line":6,"column":33}},"3":{"start":{"line":7,"column":20},"end":{"line":7,"column":30}},"4":{"start":{"line":11,"column":4},"end":{"line":55,"column":5}},"5":{"start":{"line":12,"column":37},"end":{"line":12,"column":53}},"6":{"start":{"line":14,"column":8},"end":{"line":16,"column":9}},"7":{"start":{"line":15,"column":12},"end":{"line":15,"column":140}},"8":{"start":{"line":18,"column":31},"end":{"line":22,"column":10}},"9":{"start":{"line":24,"column":8},"end":{"line":26,"column":9}},"10":{"start":{"line":25,"column":12},"end":{"line":25,"column":136}},"11":{"start":{"line":28,"column":27},"end":{"line":33,"column":10}},"12":{"start":{"line":35,"column":8},"end":{"line":37,"column":9}},"13":{"start":{"line":36,"column":12},"end":{"line":36,"column":132}},"14":{"start":{"line":39,"column":8},"end":{"line":43,"column":null}},"15":{"start":{"line":45,"column":8},"end":{"line":49,"column":11}},"16":{"start":{"line":51,"column":8},"end":{"line":51,"column":138}},"17":{"start":{"line":53,"column":8},"end":{"line":53,"column":69}},"18":{"start":{"line":54,"column":8},"end":{"line":54,"column":134}},"19":{"start":{"line":10,"column":0},"end":{"line":10,"column":7}}},"fnMap":{"0":{"name":"POST","decl":{"start":{"line":10,"column":22},"end":{"line":10,"column":26}},"loc":{"start":{"line":10,"column":43},"end":{"line":56,"column":1}}}},"branchMap":{"0":{"loc":{"start":{"line":14,"column":8},"end":{"line":16,"column":9}},"type":"if","locations":[{"start":{"line":14,"column":8},"end":{"line":16,"column":9}}]},"1":{"loc":{"start":{"line":14,"column":12},"end":{"line":14,"column":32}},"type":"binary-expr","locations":[{"start":{"line":14,"column":12},"end":{"line":14,"column":22}},{"start":{"line":14,"column":26},"end":{"line":14,"column":32}}]},"2":{"loc":{"start":{"line":24,"column":8},"end":{"line":26,"column":9}},"type":"if","locations":[{"start":{"line":24,"column":8},"end":{"line":26,"column":9}}]},"3":{"loc":{"start":{"line":35,"column":8},"end":{"line":37,"column":9}},"type":"if","locations":[{"start":{"line":35,"column":8},"end":{"line":37,"column":9}}]}},"s":{"0":1,"1":1,"2":1,"3":1,"4":4,"5":4,"6":4,"7":1,"8":3,"9":2,"10":1,"11":1,"12":1,"13":1,"14":0,"15":0,"16":0,"17":1,"18":1,"19":1},"f":{"0":4},"b":{"0":[1],"1":[4,3],"2":[1],"3":[1]}}
,"C:\\Users\\alanz\\Desktop\\school code\\software eng\\Computer-Serve-Code\\src\\app\\api\\v1\\getPublishers\\route.ts": {"path":"C:\\Users\\alanz\\Desktop\\school code\\software eng\\Computer-Serve-Code\\src\\app\\api\\v1\\getPublishers\\route.ts","statementMap":{"0":{"start":{"line":2,"column":0},"end":{"line":2,"column":43}},"1":{"start":{"line":3,"column":0},"end":{"line":3,"column":46}},"2":{"start":{"line":5,"column":15},"end":{"line":5,"column":33}},"3":{"start":{"line":6,"column":20},"end":{"line":6,"column":30}},"4":{"start":{"line":10,"column":4},"end":{"line":27,"column":5}},"5":{"start":{"line":11,"column":27},"end":{"line":11,"column":60}},"6":{"start":{"line":13,"column":25},"end":{"line":15,"column":11}},"7":{"start":{"line":13,"column":54},"end":{"line":15,"column":10}},"8":{"start":{"line":17,"column":23},"end":{"line":22,"column":null}},"9":{"start":{"line":24,"column":8},"end":{"line":24,"column":58}},"10":{"start":{"line":26,"column":8},"end":{"line":26,"column":126}},"11":{"start":{"line":9,"column":0},"end":{"line":9,"column":7}}},"fnMap":{"0":{"name":"GET","decl":{"start":{"line":9,"column":22},"end":{"line":9,"column":25}},"loc":{"start":{"line":9,"column":25},"end":{"line":28,"column":1}}},"1":{"name":"(anonymous_1)","decl":{"start":{"line":13,"column":40},"end":{"line":13,"column":49}},"loc":{"start":{"line":13,"column":54},"end":{"line":15,"column":10}}}},"branchMap":{},"s":{"0":1,"1":1,"2":1,"3":1,"4":2,"5":2,"6":1,"7":2,"8":1,"9":1,"10":1,"11":1},"f":{"0":2,"1":2},"b":{}}
,"C:\\Users\\alanz\\Desktop\\school code\\software eng\\Computer-Serve-Code\\src\\app\\api\\v1\\getSheets\\route.ts": {"path":"C:\\Users\\alanz\\Desktop\\school code\\software eng\\Computer-Serve-Code\\src\\app\\api\\v1\\getSheets\\route.ts","statementMap":{"0":{"start":{"line":2,"column":0},"end":{"line":2,"column":61}},"1":{"start":{"line":3,"column":0},"end":{"line":3,"column":46}},"2":{"start":{"line":5,"column":15},"end":{"line":5,"column":33}},"3":{"start":{"line":6,"column":20},"end":{"line":6,"column":30}},"4":{"start":{"line":10,"column":4},"end":{"line":10,"column":29}},"5":{"start":{"line":12,"column":4},"end":{"line":53,"column":5}},"6":{"start":{"line":13,"column":30},"end":{"line":13,"column":46}},"7":{"start":{"line":15,"column":8},"end":{"line":17,"column":9}},"8":{"start":{"line":16,"column":12},"end":{"line":16,"column":139}},"9":{"start":{"line":19,"column":31},"end":{"line":23,"column":10}},"10":{"start":{"line":25,"column":8},"end":{"line":27,"column":9}},"11":{"start":{"line":26,"column":12},"end":{"line":26,"column":136}},"12":{"start":{"line":29,"column":23},"end":{"line":33,"column":10}},"13":{"start":{"line":35,"column":25},"end":{"line":40,"column":11}},"14":{"start":{"line":35,"column":65},"end":{"line":40,"column":10}},"15":{"start":{"line":42,"column":23},"end":{"line":47,"column":null}},"16":{"start":{"line":49,"column":8},"end":{"line":49,"column":58}},"17":{"start":{"line":51,"column":8},"end":{"line":51,"column":29}},"18":{"start":{"line":52,"column":8},"end":{"line":52,"column":134}},"19":{"start":{"line":9,"column":0},"end":{"line":9,"column":7}}},"fnMap":{"0":{"name":"POST","decl":{"start":{"line":9,"column":22},"end":{"line":9,"column":26}},"loc":{"start":{"line":9,"column":43},"end":{"line":54,"column":1}}},"1":{"name":"(anonymous_1)","decl":{"start":{"line":35,"column":36},"end":{"line":35,"column":37}},"loc":{"start":{"line":35,"column":65},"end":{"line":40,"column":10}}}},"branchMap":{"0":{"loc":{"start":{"line":15,"column":8},"end":{"line":17,"column":9}},"type":"if","locations":[{"start":{"line":15,"column":8},"end":{"line":17,"column":9}}]},"1":{"loc":{"start":{"line":25,"column":8},"end":{"line":27,"column":9}},"type":"if","locations":[{"start":{"line":25,"column":8},"end":{"line":27,"column":9}}]}},"s":{"0":1,"1":1,"2":1,"3":1,"4":4,"5":4,"6":4,"7":4,"8":1,"9":3,"10":2,"11":1,"12":1,"13":1,"14":2,"15":1,"16":1,"17":1,"18":1,"19":1},"f":{"0":4,"1":2},"b":{"0":[1],"1":[1]}}
,"C:\\Users\\alanz\\Desktop\\school code\\software eng\\Computer-Serve-Code\\src\\app\\api\\v1\\getUpdatesForPublished\\route.ts": {"path":"C:\\Users\\alanz\\Desktop\\school code\\software eng\\Computer-Serve-Code\\src\\app\\api\\v1\\getUpdatesForPublished\\route.ts","statementMap":{"0":{"start":{"line":3,"column":0},"end":{"line":3,"column":61}},"1":{"start":{"line":4,"column":0},"end":{"line":4,"column":46}},"2":{"start":{"line":6,"column":15},"end":{"line":6,"column":33}},"3":{"start":{"line":7,"column":20},"end":{"line":7,"column":30}},"4":{"start":{"line":11,"column":4},"end":{"line":72,"column":5}},"5":{"start":{"line":12,"column":41},"end":{"line":12,"column":57}},"6":{"start":{"line":14,"column":8},"end":{"line":16,"column":9}},"7":{"start":{"line":15,"column":12},"end":{"line":15,"column":140}},"8":{"start":{"line":18,"column":31},"end":{"line":22,"column":10}},"9":{"start":{"line":24,"column":8},"end":{"line":26,"column":9}},"10":{"start":{"line":25,"column":12},"end":{"line":25,"column":136}},"11":{"start":{"line":28,"column":27},"end":{"line":33,"column":10}},"12":{"start":{"line":35,"column":8},"end":{"line":37,"column":9}},"13":{"start":{"line":36,"column":12},"end":{"line":36,"column":132}},"14":{"start":{"line":39,"column":24},"end":{"line":49,"column":10}},"15":{"start":{"line":51,"column":24},"end":{"line":51,"column":61}},"16":{"start":{"line":51,"column":46},"end":{"line":51,"column":60}},"17":{"start":{"line":52,"column":23},"end":{"line":52,"column":80}},"18":{"start":{"line":54,"column":25},"end":{"line":59,"column":10}},"19":{"start":{"line":61,"column":23},"end":{"line":66,"column":null}},"20":{"start":{"line":68,"column":8},"end":{"line":68,"column":58}},"21":{"start":{"line":70,"column":8},"end":{"line":70,"column":29}},"22":{"start":{"line":71,"column":8},"end":{"line":71,"column":134}},"23":{"start":{"line":10,"column":0},"end":{"line":10,"column":7}}},"fnMap":{"0":{"name":"POST","decl":{"start":{"line":10,"column":22},"end":{"line":10,"column":26}},"loc":{"start":{"line":10,"column":43},"end":{"line":73,"column":1}}},"1":{"name":"(anonymous_1)","decl":{"start":{"line":51,"column":36},"end":{"line":51,"column":42}},"loc":{"start":{"line":51,"column":46},"end":{"line":51,"column":60}}}},"branchMap":{"0":{"loc":{"start":{"line":14,"column":8},"end":{"line":16,"column":9}},"type":"if","locations":[{"start":{"line":14,"column":8},"end":{"line":16,"column":9}}]},"1":{"loc":{"start":{"line":14,"column":12},"end":{"line":14,"column":39}},"type":"binary-expr","locations":[{"start":{"line":14,"column":12},"end":{"line":14,"column":22}},{"start":{"line":14,"column":26},"end":{"line":14,"column":32}},{"start":{"line":14,"column":36},"end":{"line":14,"column":39}}]},"2":{"loc":{"start":{"line":24,"column":8},"end":{"line":26,"column":9}},"type":"if","locations":[{"start":{"line":24,"column":8},"end":{"line":26,"column":9}}]},"3":{"loc":{"start":{"line":35,"column":8},"end":{"line":37,"column":9}},"type":"if","locations":[{"start":{"line":35,"column":8},"end":{"line":37,"column":9}}]},"4":{"loc":{"start":{"line":52,"column":23},"end":{"line":52,"column":80}},"type":"cond-expr","locations":[{"start":{"line":52,"column":44},"end":{"line":52,"column":75}},{"start":{"line":52,"column":78},"end":{"line":52,"column":80}}]}},"s":{"0":1,"1":1,"2":1,"3":1,"4":5,"5":5,"6":5,"7":1,"8":4,"9":3,"10":1,"11":2,"12":2,"13":1,"14":1,"15":1,"16":2,"17":1,"18":1,"19":1,"20":1,"21":1,"22":1,"23":1},"f":{"0":5,"1":2},"b":{"0":[1],"1":[5,5,5],"2":[1],"3":[1],"4":[1,0]}}
,"C:\\Users\\alanz\\Desktop\\school code\\software eng\\Computer-Serve-Code\\src\\app\\api\\v1\\getUpdatesForSubscription\\route.ts": {"path":"C:\\Users\\alanz\\Desktop\\school code\\software eng\\Computer-Serve-Code\\src\\app\\api\\v1\\getUpdatesForSubscription\\route.ts","statementMap":{"0":{"start":{"line":1,"column":0},"end":{"line":1,"column":61}},"1":{"start":{"line":2,"column":0},"end":{"line":2,"column":46}},"2":{"start":{"line":4,"column":15},"end":{"line":4,"column":33}},"3":{"start":{"line":5,"column":20},"end":{"line":5,"column":30}},"4":{"start":{"line":9,"column":4},"end":{"line":69,"column":5}},"5":{"start":{"line":10,"column":41},"end":{"line":10,"column":109}},"6":{"start":{"line":12,"column":8},"end":{"line":14,"column":9}},"7":{"start":{"line":13,"column":12},"end":{"line":13,"column":140}},"8":{"start":{"line":16,"column":31},"end":{"line":20,"column":10}},"9":{"start":{"line":22,"column":8},"end":{"line":24,"column":9}},"10":{"start":{"line":23,"column":12},"end":{"line":23,"column":136}},"11":{"start":{"line":26,"column":27},"end":{"line":31,"column":10}},"12":{"start":{"line":33,"column":8},"end":{"line":35,"column":9}},"13":{"start":{"line":34,"column":12},"end":{"line":34,"column":132}},"14":{"start":{"line":38,"column":24},"end":{"line":48,"column":10}},"15":{"start":{"line":50,"column":24},"end":{"line":50,"column":61}},"16":{"start":{"line":50,"column":46},"end":{"line":50,"column":60}},"17":{"start":{"line":51,"column":23},"end":{"line":51,"column":80}},"18":{"start":{"line":53,"column":25},"end":{"line":56,"column":10}},"19":{"start":{"line":58,"column":23},"end":{"line":63,"column":null}},"20":{"start":{"line":65,"column":8},"end":{"line":65,"column":58}},"21":{"start":{"line":67,"column":8},"end":{"line":67,"column":29}},"22":{"start":{"line":68,"column":8},"end":{"line":68,"column":134}},"23":{"start":{"line":8,"column":0},"end":{"line":8,"column":7}}},"fnMap":{"0":{"name":"POST","decl":{"start":{"line":8,"column":22},"end":{"line":8,"column":26}},"loc":{"start":{"line":8,"column":43},"end":{"line":70,"column":1}}},"1":{"name":"(anonymous_1)","decl":{"start":{"line":50,"column":36},"end":{"line":50,"column":42}},"loc":{"start":{"line":50,"column":46},"end":{"line":50,"column":60}}}},"branchMap":{"0":{"loc":{"start":{"line":12,"column":8},"end":{"line":14,"column":9}},"type":"if","locations":[{"start":{"line":12,"column":8},"end":{"line":14,"column":9}}]},"1":{"loc":{"start":{"line":12,"column":12},"end":{"line":12,"column":78}},"type":"binary-expr","locations":[{"start":{"line":12,"column":12},"end":{"line":12,"column":35}},{"start":{"line":12,"column":39},"end":{"line":12,"column":58}},{"start":{"line":12,"column":62},"end":{"line":12,"column":78}}]},"2":{"loc":{"start":{"line":22,"column":8},"end":{"line":24,"column":9}},"type":"if","locations":[{"start":{"line":22,"column":8},"end":{"line":24,"column":9}}]},"3":{"loc":{"start":{"line":33,"column":8},"end":{"line":35,"column":9}},"type":"if","locations":[{"start":{"line":33,"column":8},"end":{"line":35,"column":9}}]},"4":{"loc":{"start":{"line":51,"column":23},"end":{"line":51,"column":80}},"type":"cond-expr","locations":[{"start":{"line":51,"column":44},"end":{"line":51,"column":75}},{"start":{"line":51,"column":78},"end":{"line":51,"column":80}}]}},"s":{"0":1,"1":1,"2":1,"3":1,"4":5,"5":5,"6":5,"7":1,"8":4,"9":3,"10":1,"11":2,"12":2,"13":1,"14":1,"15":1,"16":2,"17":1,"18":1,"19":1,"20":1,"21":1,"22":1,"23":1},"f":{"0":5,"1":2},"b":{"0":[1],"1":[5,5,5],"2":[1],"3":[1],"4":[1,0]}}
,"C:\\Users\\alanz\\Desktop\\school code\\software eng\\Computer-Serve-Code\\src\\app\\api\\v1\\register\\route.ts": {"path":"C:\\Users\\alanz\\Desktop\\school code\\software eng\\Computer-Serve-Code\\src\\app\\api\\v1\\register\\route.ts","statementMap":{"0":{"start":{"line":2,"column":0},"end":{"line":2,"column":61}},"1":{"start":{"line":3,"column":0},"end":{"line":3,"column":46}},"2":{"start":{"line":4,"column":0},"end":{"line":4,"column":32}},"3":{"start":{"line":6,"column":15},"end":{"line":6,"column":33}},"4":{"start":{"line":7,"column":20},"end":{"line":7,"column":30}},"5":{"start":{"line":10,"column":23},"end":{"line":10,"column":55}},"6":{"start":{"line":11,"column":4},"end":{"line":13,"column":5}},"7":{"start":{"line":12,"column":8},"end":{"line":12,"column":20}},"8":{"start":{"line":15,"column":30},"end":{"line":15,"column":54}},"9":{"start":{"line":16,"column":4},"end":{"line":18,"column":5}},"10":{"start":{"line":17,"column":8},"end":{"line":17,"column":20}},"11":{"start":{"line":20,"column":24},"end":{"line":20,"column":82}},"12":{"start":{"line":21,"column":33},"end":{"line":21,"column":55}},"13":{"start":{"line":22,"column":4},"end":{"line":22,"column":34}},"14":{"start":{"line":27,"column":4},"end":{"line":62,"column":5}},"15":{"start":{"line":28,"column":28},"end":{"line":28,"column":47}},"16":{"start":{"line":30,"column":8},"end":{"line":32,"column":9}},"17":{"start":{"line":31,"column":12},"end":{"line":31,"column":156}},"18":{"start":{"line":34,"column":39},"end":{"line":34,"column":50}},"19":{"start":{"line":37,"column":21},"end":{"line":42,"column":10}},"20":{"start":{"line":44,"column":8},"end":{"line":46,"column":9}},"21":{"start":{"line":45,"column":12},"end":{"line":45,"column":136}},"22":{"start":{"line":49,"column":34},"end":{"line":53,"column":10}},"23":{"start":{"line":55,"column":8},"end":{"line":57,"column":9}},"24":{"start":{"line":56,"column":12},"end":{"line":56,"column":141}},"25":{"start":{"line":59,"column":8},"end":{"line":59,"column":142}},"26":{"start":{"line":61,"column":8},"end":{"line":61,"column":134}},"27":{"start":{"line":26,"column":0},"end":{"line":26,"column":7}}},"fnMap":{"0":{"name":"parseBasicAuth","decl":{"start":{"line":9,"column":9},"end":{"line":9,"column":23}},"loc":{"start":{"line":9,"column":40},"end":{"line":23,"column":1}}},"1":{"name":"GET","decl":{"start":{"line":26,"column":22},"end":{"line":26,"column":25}},"loc":{"start":{"line":26,"column":42},"end":{"line":63,"column":1}}}},"branchMap":{"0":{"loc":{"start":{"line":11,"column":4},"end":{"line":13,"column":5}},"type":"if","locations":[{"start":{"line":11,"column":4},"end":{"line":13,"column":5}}]},"1":{"loc":{"start":{"line":16,"column":4},"end":{"line":18,"column":5}},"type":"if","locations":[{"start":{"line":16,"column":4},"end":{"line":18,"column":5}}]},"2":{"loc":{"start":{"line":30,"column":8},"end":{"line":32,"column":9}},"type":"if","locations":[{"start":{"line":30,"column":8},"end":{"line":32,"column":9}}]},"3":{"loc":{"start":{"line":44,"column":8},"end":{"line":46,"column":9}},"type":"if","locations":[{"start":{"line":44,"column":8},"end":{"line":46,"column":9}}]},"4":{"loc":{"start":{"line":55,"column":8},"end":{"line":57,"column":9}},"type":"if","locations":[{"start":{"line":55,"column":8},"end":{"line":57,"column":9}}]}},"s":{"0":1,"1":1,"2":1,"3":1,"4":1,"5":5,"6":5,"7":1,"8":4,"9":4,"10":0,"11":4,"12":4,"13":4,"14":5,"15":5,"16":5,"17":1,"18":4,"19":4,"20":3,"21":1,"22":2,"23":2,"24":1,"25":1,"26":1,"27":1},"f":{"0":5,"1":5},"b":{"0":[1],"1":[0],"2":[1],"3":[1],"4":[1]}}
,"C:\\Users\\alanz\\Desktop\\school code\\software eng\\Computer-Serve-Code\\src\\app\\api\\v1\\updatePublished\\route.ts": {"path":"C:\\Users\\alanz\\Desktop\\school code\\software eng\\Computer-Serve-Code\\src\\app\\api\\v1\\updatePublished\\route.ts","statementMap":{"0":{"start":{"line":2,"column":0},"end":{"line":2,"column":61}},"1":{"start":{"line":3,"column":0},"end":{"line":3,"column":46}},"2":{"start":{"line":5,"column":15},"end":{"line":5,"column":33}},"3":{"start":{"line":6,"column":20},"end":{"line":6,"column":30}},"4":{"start":{"line":10,"column":4},"end":{"line":50,"column":5}},"5":{"start":{"line":11,"column":46},"end":{"line":11,"column":62}},"6":{"start":{"line":13,"column":8},"end":{"line":15,"column":9}},"7":{"start":{"line":14,"column":12},"end":{"line":14,"column":140}},"8":{"start":{"line":17,"column":31},"end":{"line":21,"column":10}},"9":{"start":{"line":23,"column":8},"end":{"line":25,"column":9}},"10":{"start":{"line":24,"column":12},"end":{"line":24,"column":136}},"11":{"start":{"line":27,"column":27},"end":{"line":32,"column":10}},"12":{"start":{"line":34,"column":8},"end":{"line":36,"column":9}},"13":{"start":{"line":35,"column":12},"end":{"line":35,"column":132}},"14":{"start":{"line":38,"column":8},"end":{"line":45,"column":11}},"15":{"start":{"line":47,"column":8},"end":{"line":47,"column":138}},"16":{"start":{"line":49,"column":8},"end":{"line":49,"column":134}},"17":{"start":{"line":9,"column":0},"end":{"line":9,"column":7}}},"fnMap":{"0":{"name":"POST","decl":{"start":{"line":9,"column":22},"end":{"line":9,"column":26}},"loc":{"start":{"line":9,"column":43},"end":{"line":51,"column":1}}}},"branchMap":{"0":{"loc":{"start":{"line":13,"column":8},"end":{"line":15,"column":9}},"type":"if","locations":[{"start":{"line":13,"column":8},"end":{"line":15,"column":9}}]},"1":{"loc":{"start":{"line":13,"column":12},"end":{"line":13,"column":44}},"type":"binary-expr","locations":[{"start":{"line":13,"column":12},"end":{"line":13,"column":22}},{"start":{"line":13,"column":26},"end":{"line":13,"column":32}},{"start":{"line":13,"column":36},"end":{"line":13,"column":44}}]},"2":{"loc":{"start":{"line":23,"column":8},"end":{"line":25,"column":9}},"type":"if","locations":[{"start":{"line":23,"column":8},"end":{"line":25,"column":9}}]},"3":{"loc":{"start":{"line":34,"column":8},"end":{"line":36,"column":9}},"type":"if","locations":[{"start":{"line":34,"column":8},"end":{"line":36,"column":9}}]}},"s":{"0":1,"1":1,"2":1,"3":1,"4":5,"5":5,"6":5,"7":1,"8":4,"9":3,"10":1,"11":2,"12":2,"13":1,"14":1,"15":1,"16":1,"17":1},"f":{"0":5},"b":{"0":[1],"1":[5,5,5],"2":[1],"3":[1]}}
,"C:\\Users\\alanz\\Desktop\\school code\\software eng\\Computer-Serve-Code\\src\\app\\api\\v1\\updateSubscription\\route.ts": {"path":"C:\\Users\\alanz\\Desktop\\school code\\software eng\\Computer-Serve-Code\\src\\app\\api\\v1\\updateSubscription\\route.ts","statementMap":{"0":{"start":{"line":2,"column":0},"end":{"line":2,"column":61}},"1":{"start":{"line":3,"column":0},"end":{"line":3,"column":46}},"2":{"start":{"line":5,"column":15},"end":{"line":5,"column":33}},"3":{"start":{"line":6,"column":20},"end":{"line":6,"column":30}},"4":{"start":{"line":10,"column":4},"end":{"line":49,"column":5}},"5":{"start":{"line":11,"column":46},"end":{"line":11,"column":119}},"6":{"start":{"line":13,"column":8},"end":{"line":15,"column":9}},"7":{"start":{"line":14,"column":12},"end":{"line":14,"column":140}},"8":{"start":{"line":17,"column":31},"end":{"line":21,"column":10}},"9":{"start":{"line":23,"column":8},"end":{"line":25,"column":9}},"10":{"start":{"line":24,"column":12},"end":{"line":24,"column":136}},"11":{"start":{"line":27,"column":27},"end":{"line":32,"column":10}},"12":{"start":{"line":34,"column":8},"end":{"line":36,"column":9}},"13":{"start":{"line":35,"column":12},"end":{"line":35,"column":132}},"14":{"start":{"line":38,"column":8},"end":{"line":43,"column":11}},"15":{"start":{"line":45,"column":8},"end":{"line":45,"column":153}},"16":{"start":{"line":47,"column":8},"end":{"line":47,"column":29}},"17":{"start":{"line":48,"column":8},"end":{"line":48,"column":134}},"18":{"start":{"line":9,"column":0},"end":{"line":9,"column":7}}},"fnMap":{"0":{"name":"POST","decl":{"start":{"line":9,"column":22},"end":{"line":9,"column":26}},"loc":{"start":{"line":9,"column":43},"end":{"line":50,"column":1}}}},"branchMap":{"0":{"loc":{"start":{"line":13,"column":8},"end":{"line":15,"column":9}},"type":"if","locations":[{"start":{"line":13,"column":8},"end":{"line":15,"column":9}}]},"1":{"loc":{"start":{"line":13,"column":12},"end":{"line":13,"column":44}},"type":"binary-expr","locations":[{"start":{"line":13,"column":12},"end":{"line":13,"column":22}},{"start":{"line":13,"column":26},"end":{"line":13,"column":32}},{"start":{"line":13,"column":36},"end":{"line":13,"column":44}}]},"2":{"loc":{"start":{"line":23,"column":8},"end":{"line":25,"column":9}},"type":"if","locations":[{"start":{"line":23,"column":8},"end":{"line":25,"column":9}}]},"3":{"loc":{"start":{"line":34,"column":8},"end":{"line":36,"column":9}},"type":"if","locations":[{"start":{"line":34,"column":8},"end":{"line":36,"column":9}}]}},"s":{"0":1,"1":1,"2":1,"3":1,"4":5,"5":5,"6":5,"7":1,"8":4,"9":3,"10":1,"11":2,"12":2,"13":1,"14":1,"15":1,"16":1,"17":1,"18":1},"f":{"0":5},"b":{"0":[1],"1":[5,5,5],"2":[1],"3":[1]}}
,"C:\\Users\\alanz\\Desktop\\school code\\software eng\\Computer-Serve-Code\\src\\classes\\cell.ts": {"path":"C:\\Users\\alanz\\Desktop\\school code\\software eng\\Computer-Serve-Code\\src\\classes\\cell.ts","statementMap":{"0":{"start":{"line":3,"column":0},"end":{"line":3,"column":28}},"1":{"start":{"line":14,"column":12},"end":{"line":14,"column":31}},"2":{"start":{"line":15,"column":12},"end":{"line":23,"column":13}},"3":{"start":{"line":16,"column":16},"end":{"line":22,"column":17}},"4":{"start":{"line":17,"column":20},"end":{"line":17,"column":45}},"5":{"start":{"line":18,"column":20},"end":{"line":18,"column":44}},"6":{"start":{"line":20,"column":20},"end":{"line":20,"column":37}},"7":{"start":{"line":21,"column":20},"end":{"line":21,"column":54}},"8":{"start":{"line":30,"column":12},"end":{"line":30,"column":30}},"9":{"start":{"line":35,"column":12},"end":{"line":35,"column":31}},"10":{"start":{"line":40,"column":12},"end":{"line":40,"column":27}},"11":{"start":{"line":41,"column":12},"end":{"line":41,"column":46}},"12":{"start":{"line":46,"column":12},"end":{"line":46,"column":43}},"13":{"start":{"line":47,"column":12},"end":{"line":47,"column":44}},"14":{"start":{"line":52,"column":12},"end":{"line":56,"column":13}},"15":{"start":{"line":53,"column":16},"end":{"line":53,"column":32}},"16":{"start":{"line":55,"column":16},"end":{"line":55,"column":52}},"17":{"start":{"line":61,"column":12},"end":{"line":65,"column":13}},"18":{"start":{"line":62,"column":16},"end":{"line":62,"column":43}},"19":{"start":{"line":64,"column":16},"end":{"line":64,"column":52}},"20":{"start":{"line":70,"column":12},"end":{"line":70,"column":161}},"21":{"start":{"line":5,"column":9},"end":{"line":5,"column":13}}},"fnMap":{"0":{"name":"(anonymous_0)","decl":{"start":{"line":13,"column":8},"end":{"line":13,"column":20}},"loc":{"start":{"line":13,"column":91},"end":{"line":24,"column":9}}},"1":{"name":"(anonymous_1)","decl":{"start":{"line":27,"column":8},"end":{"line":27,"column":16}},"loc":{"start":{"line":27,"column":16},"end":{"line":31,"column":9}}},"2":{"name":"(anonymous_2)","decl":{"start":{"line":34,"column":8},"end":{"line":34,"column":16}},"loc":{"start":{"line":34,"column":68},"end":{"line":36,"column":9}}},"3":{"name":"(anonymous_3)","decl":{"start":{"line":39,"column":8},"end":{"line":39,"column":14}},"loc":{"start":{"line":39,"column":23},"end":{"line":42,"column":9}}},"4":{"name":"(anonymous_4)","decl":{"start":{"line":45,"column":8},"end":{"line":45,"column":22}},"loc":{"start":{"line":45,"column":42},"end":{"line":48,"column":9}}},"5":{"name":"(anonymous_5)","decl":{"start":{"line":51,"column":8},"end":{"line":51,"column":14}},"loc":{"start":{"line":51,"column":14},"end":{"line":57,"column":9}}},"6":{"name":"(anonymous_6)","decl":{"start":{"line":60,"column":8},"end":{"line":60,"column":20}},"loc":{"start":{"line":60,"column":20},"end":{"line":66,"column":9}}},"7":{"name":"(anonymous_7)","decl":{"start":{"line":69,"column":8},"end":{"line":69,"column":14}},"loc":{"start":{"line":69,"column":25},"end":{"line":71,"column":9}}}},"branchMap":{"0":{"loc":{"start":{"line":15,"column":12},"end":{"line":23,"column":13}},"type":"if","locations":[{"start":{"line":15,"column":12},"end":{"line":23,"column":13}}]},"1":{"loc":{"start":{"line":16,"column":16},"end":{"line":22,"column":17}},"type":"if","locations":[{"start":{"line":16,"column":16},"end":{"line":22,"column":17}},{"start":{"line":19,"column":23},"end":{"line":22,"column":17}}]},"2":{"loc":{"start":{"line":52,"column":12},"end":{"line":56,"column":13}},"type":"if","locations":[{"start":{"line":52,"column":12},"end":{"line":56,"column":13}},{"start":{"line":54,"column":19},"end":{"line":56,"column":13}}]},"3":{"loc":{"start":{"line":61,"column":12},"end":{"line":65,"column":13}},"type":"if","locations":[{"start":{"line":61,"column":12},"end":{"line":65,"column":13}},{"start":{"line":63,"column":19},"end":{"line":65,"column":13}}]},"4":{"loc":{"start":{"line":70,"column":19},"end":{"line":70,"column":160}},"type":"binary-expr","locations":[{"start":{"line":70,"column":19},"end":{"line":70,"column":68}},{"start":{"line":70,"column":73},"end":{"line":70,"column":118}},{"start":{"line":70,"column":123},"end":{"line":70,"column":160}}]}},"s":{"0":3,"1":1000465,"2":1000465,"3":17,"4":10,"5":10,"6":7,"7":7,"8":55,"9":21,"10":8,"11":8,"12":12,"13":12,"14":7,"15":6,"16":1,"17":7,"18":6,"19":1,"20":10,"21":3},"f":{"0":1000465,"1":55,"2":21,"3":8,"4":12,"5":7,"6":7,"7":10},"b":{"0":[17],"1":[10,7],"2":[6,1],"3":[6,1],"4":[10,8,5]}}
,"C:\\Users\\alanz\\Desktop\\school code\\software eng\\Computer-Serve-Code\\src\\classes\\publisher.ts": {"path":"C:\\Users\\alanz\\Desktop\\school code\\software eng\\Computer-Serve-Code\\src\\classes\\publisher.ts","statementMap":{"0":{"start":{"line":3,"column":0},"end":{"line":3,"column":57}},"1":{"start":{"line":9,"column":4},"end":{"line":10,"column":38}},"2":{"start":{"line":10,"column":6},"end":{"line":10,"column":38}},"3":{"start":{"line":11,"column":4},"end":{"line":11,"column":21}},"4":{"start":{"line":12,"column":4},"end":{"line":14,"column":5}},"5":{"start":{"line":13,"column":6},"end":{"line":13,"column":36}},"6":{"start":{"line":15,"column":4},"end":{"line":15,"column":17}},"7":{"start":{"line":19,"column":4},"end":{"line":19,"column":21}},"8":{"start":{"line":23,"column":4},"end":{"line":23,"column":19}},"9":{"start":{"line":27,"column":4},"end":{"line":31,"column":5}},"10":{"start":{"line":28,"column":6},"end":{"line":28,"column":38}},"11":{"start":{"line":30,"column":6},"end":{"line":30,"column":23}},"12":{"start":{"line":35,"column":8},"end":{"line":40,"column":9}},"13":{"start":{"line":36,"column":12},"end":{"line":36,"column":null}},"14":{"start":{"line":39,"column":12},"end":{"line":39,"column":25}},"15":{"start":{"line":46,"column":4},"end":{"line":46,"column":68}},"16":{"start":{"line":4,"column":0},"end":{"line":4,"column":13}}},"fnMap":{"0":{"name":"(anonymous_0)","decl":{"start":{"line":8,"column":2},"end":{"line":8,"column":14}},"loc":{"start":{"line":8,"column":38},"end":{"line":16,"column":3}}},"1":{"name":"(anonymous_1)","decl":{"start":{"line":18,"column":2},"end":{"line":18,"column":9}},"loc":{"start":{"line":18,"column":9},"end":{"line":20,"column":3}}},"2":{"name":"(anonymous_2)","decl":{"start":{"line":22,"column":2},"end":{"line":22,"column":7}},"loc":{"start":{"line":22,"column":7},"end":{"line":24,"column":3}}},"3":{"name":"(anonymous_3)","decl":{"start":{"line":26,"column":2},"end":{"line":26,"column":9}},"loc":{"start":{"line":26,"column":22},"end":{"line":32,"column":3}}},"4":{"name":"(anonymous_4)","decl":{"start":{"line":34,"column":4},"end":{"line":34,"column":9}},"loc":{"start":{"line":34,"column":20},"end":{"line":42,"column":5}}},"5":{"name":"(anonymous_5)","decl":{"start":{"line":45,"column":2},"end":{"line":45,"column":8}},"loc":{"start":{"line":45,"column":29},"end":{"line":47,"column":3}}}},"branchMap":{"0":{"loc":{"start":{"line":9,"column":4},"end":{"line":10,"column":38}},"type":"if","locations":[{"start":{"line":9,"column":4},"end":{"line":10,"column":38}}]},"1":{"loc":{"start":{"line":9,"column":8},"end":{"line":9,"column":50}},"type":"binary-expr","locations":[{"start":{"line":9,"column":8},"end":{"line":9,"column":26}},{"start":{"line":9,"column":30},"end":{"line":9,"column":50}}]},"2":{"loc":{"start":{"line":12,"column":4},"end":{"line":14,"column":5}},"type":"if","locations":[{"start":{"line":12,"column":4},"end":{"line":14,"column":5}}]},"3":{"loc":{"start":{"line":12,"column":8},"end":{"line":12,"column":73}},"type":"binary-expr","locations":[{"start":{"line":12,"column":8},"end":{"line":12,"column":14}},{"start":{"line":12,"column":18},"end":{"line":12,"column":34}},{"start":{"line":12,"column":38},"end":{"line":12,"column":53}},{"start":{"line":12,"column":57},"end":{"line":12,"column":73}}]},"4":{"loc":{"start":{"line":27,"column":4},"end":{"line":31,"column":5}},"type":"if","locations":[{"start":{"line":27,"column":4},"end":{"line":31,"column":5}},{"start":{"line":29,"column":11},"end":{"line":31,"column":5}}]},"5":{"loc":{"start":{"line":35,"column":8},"end":{"line":40,"column":9}},"type":"if","locations":[{"start":{"line":35,"column":8},"end":{"line":40,"column":9}},{"start":{"line":38,"column":15},"end":{"line":40,"column":9}}]},"6":{"loc":{"start":{"line":35,"column":11},"end":{"line":35,"column":76}},"type":"binary-expr","locations":[{"start":{"line":35,"column":11},"end":{"line":35,"column":17}},{"start":{"line":35,"column":21},"end":{"line":35,"column":37}},{"start":{"line":35,"column":41},"end":{"line":35,"column":56}},{"start":{"line":35,"column":60},"end":{"line":35,"column":76}}]},"7":{"loc":{"start":{"line":46,"column":11},"end":{"line":46,"column":67}},"type":"binary-expr","locations":[{"start":{"line":46,"column":11},"end":{"line":46,"column":39}},{"start":{"line":46,"column":43},"end":{"line":46,"column":67}}]}},"s":{"0":3,"1":103,"2":2,"3":101,"4":101,"5":4,"6":97,"7":7,"8":103,"9":3,"10":1,"11":2,"12":7,"13":4,"14":3,"15":2,"16":3},"f":{"0":103,"1":7,"2":103,"3":3,"4":7,"5":2},"b":{"0":[2],"1":[103,103],"2":[4],"3":[101,99,99,98],"4":[1,2],"5":[4,3],"6":[7,5,5,4],"7":[2,1]}}
,"C:\\Users\\alanz\\Desktop\\school code\\software eng\\Computer-Serve-Code\\src\\classes\\ref.ts": {"path":"C:\\Users\\alanz\\Desktop\\school code\\software eng\\Computer-Serve-Code\\src\\classes\\ref.ts","statementMap":{"0":{"start":{"line":12,"column":4},"end":{"line":43,"column":5}},"1":{"start":{"line":14,"column":20},"end":{"line":14,"column":74}},"2":{"start":{"line":15,"column":6},"end":{"line":17,"column":7}},"3":{"start":{"line":16,"column":8},"end":{"line":16,"column":55}},"4":{"start":{"line":18,"column":34},"end":{"line":18,"column":56}},"5":{"start":{"line":19,"column":6},"end":{"line":23,"column":7}},"6":{"start":{"line":20,"column":8},"end":{"line":22,"column":10}},"7":{"start":{"line":24,"column":6},"end":{"line":24,"column":37}},"8":{"start":{"line":25,"column":6},"end":{"line":25,"column":29}},"9":{"start":{"line":27,"column":6},"end":{"line":29,"column":7}},"10":{"start":{"line":28,"column":8},"end":{"line":28,"column":65}},"11":{"start":{"line":31,"column":6},"end":{"line":31,"column":32}},"12":{"start":{"line":32,"column":6},"end":{"line":42,"column":7}},"13":{"start":{"line":39,"column":8},"end":{"line":39,"column":70}},"14":{"start":{"line":41,"column":8},"end":{"line":41,"column":23}},"15":{"start":{"line":47,"column":4},"end":{"line":47,"column":40}},"16":{"start":{"line":51,"column":4},"end":{"line":51,"column":23}},"17":{"start":{"line":55,"column":8},"end":{"line":57,"column":9}},"18":{"start":{"line":56,"column":12},"end":{"line":56,"column":79}},"19":{"start":{"line":58,"column":8},"end":{"line":58,"column":24}},"20":{"start":{"line":64,"column":4},"end":{"line":64,"column":44}},"21":{"start":{"line":65,"column":17},"end":{"line":65,"column":18}},"22":{"start":{"line":66,"column":18},"end":{"line":66,"column":29}},"23":{"start":{"line":67,"column":19},"end":{"line":67,"column":31}},"24":{"start":{"line":69,"column":4},"end":{"line":72,"column":5}},"25":{"start":{"line":69,"column":17},"end":{"line":69,"column":18}},"26":{"start":{"line":70,"column":6},"end":{"line":70,"column":19}},"27":{"start":{"line":71,"column":6},"end":{"line":71,"column":60}},"28":{"start":{"line":73,"column":4},"end":{"line":73,"column":18}},"29":{"start":{"line":78,"column":8},"end":{"line":78,"column":66}},"30":{"start":{"line":81,"column":4},"end":{"line":83,"column":5}},"31":{"start":{"line":82,"column":6},"end":{"line":82,"column":27}},"32":{"start":{"line":87,"column":8},"end":{"line":87,"column":45}},"33":{"start":{"line":90,"column":4},"end":{"line":92,"column":5}},"34":{"start":{"line":91,"column":6},"end":{"line":91,"column":21}},"35":{"start":{"line":5,"column":0},"end":{"line":5,"column":13}}},"fnMap":{"0":{"name":"(anonymous_0)","decl":{"start":{"line":11,"column":2},"end":{"line":11,"column":14}},"loc":{"start":{"line":11,"column":47},"end":{"line":44,"column":3}}},"1":{"name":"(anonymous_1)","decl":{"start":{"line":46,"column":2},"end":{"line":46,"column":10}},"loc":{"start":{"line":46,"column":10},"end":{"line":48,"column":3}}},"2":{"name":"(anonymous_2)","decl":{"start":{"line":50,"column":2},"end":{"line":50,"column":11}},"loc":{"start":{"line":50,"column":11},"end":{"line":52,"column":3}}},"3":{"name":"(anonymous_3)","decl":{"start":{"line":54,"column":4},"end":{"line":54,"column":10}},"loc":{"start":{"line":54,"column":10},"end":{"line":59,"column":5}}},"4":{"name":"(anonymous_4)","decl":{"start":{"line":63,"column":2},"end":{"line":63,"column":16}},"loc":{"start":{"line":63,"column":16},"end":{"line":74,"column":3}}},"5":{"name":"(anonymous_5)","decl":{"start":{"line":77,"column":4},"end":{"line":77,"column":10}},"loc":{"start":{"line":77,"column":19},"end":{"line":79,"column":5}}},"6":{"name":"(anonymous_6)","decl":{"start":{"line":80,"column":2},"end":{"line":80,"column":11}},"loc":{"start":{"line":80,"column":26},"end":{"line":84,"column":3}}},"7":{"name":"(anonymous_7)","decl":{"start":{"line":86,"column":4},"end":{"line":86,"column":15}},"loc":{"start":{"line":86,"column":15},"end":{"line":88,"column":5}}},"8":{"name":"(anonymous_8)","decl":{"start":{"line":89,"column":2},"end":{"line":89,"column":8}},"loc":{"start":{"line":89,"column":20},"end":{"line":93,"column":3}}}},"branchMap":{"0":{"loc":{"start":{"line":12,"column":4},"end":{"line":43,"column":5}},"type":"if","locations":[{"start":{"line":12,"column":4},"end":{"line":43,"column":5}},{"start":{"line":26,"column":11},"end":{"line":43,"column":5}}]},"1":{"loc":{"start":{"line":15,"column":6},"end":{"line":17,"column":7}},"type":"if","locations":[{"start":{"line":15,"column":6},"end":{"line":17,"column":7}}]},"2":{"loc":{"start":{"line":15,"column":10},"end":{"line":15,"column":34}},"type":"binary-expr","locations":[{"start":{"line":15,"column":10},"end":{"line":15,"column":21}},{"start":{"line":15,"column":25},"end":{"line":15,"column":34}}]},"3":{"loc":{"start":{"line":19,"column":6},"end":{"line":23,"column":7}},"type":"if","locations":[{"start":{"line":19,"column":6},"end":{"line":23,"column":7}}]},"4":{"loc":{"start":{"line":27,"column":6},"end":{"line":29,"column":7}},"type":"if","locations":[{"start":{"line":27,"column":6},"end":{"line":29,"column":7}}]},"5":{"loc":{"start":{"line":32,"column":6},"end":{"line":42,"column":7}},"type":"if","locations":[{"start":{"line":32,"column":6},"end":{"line":42,"column":7}},{"start":{"line":40,"column":13},"end":{"line":42,"column":7}}]},"6":{"loc":{"start":{"line":33,"column":8},"end":{"line":37,"column":25}},"type":"binary-expr","locations":[{"start":{"line":33,"column":8},"end":{"line":33,"column":15}},{"start":{"line":34,"column":8},"end":{"line":34,"column":25}},{"start":{"line":35,"column":8},"end":{"line":35,"column":21}},{"start":{"line":36,"column":8},"end":{"line":36,"column":24}},{"start":{"line":37,"column":8},"end":{"line":37,"column":25}}]},"7":{"loc":{"start":{"line":55,"column":8},"end":{"line":57,"column":9}},"type":"if","locations":[{"start":{"line":55,"column":8},"end":{"line":57,"column":9}}]},"8":{"loc":{"start":{"line":78,"column":15},"end":{"line":78,"column":65}},"type":"binary-expr","locations":[{"start":{"line":78,"column":15},"end":{"line":78,"column":41}},{"start":{"line":78,"column":45},"end":{"line":78,"column":65}}]},"9":{"loc":{"start":{"line":81,"column":4},"end":{"line":83,"column":5}},"type":"if","locations":[{"start":{"line":81,"column":4},"end":{"line":83,"column":5}}]},"10":{"loc":{"start":{"line":90,"column":4},"end":{"line":92,"column":5}},"type":"if","locations":[{"start":{"line":90,"column":4},"end":{"line":92,"column":5}}]},"11":{"loc":{"start":{"line":90,"column":8},"end":{"line":90,"column":45}},"type":"binary-expr","locations":[{"start":{"line":90,"column":8},"end":{"line":90,"column":33}},{"start":{"line":90,"column":37},"end":{"line":90,"column":45}}]}},"s":{"0":144,"1":93,"2":93,"3":18,"4":75,"5":75,"6":1,"7":74,"8":74,"9":51,"10":12,"11":39,"12":39,"13":13,"14":26,"15":37,"16":4,"17":4,"18":0,"19":4,"20":30,"21":30,"22":30,"23":30,"24":30,"25":30,"26":39,"27":39,"28":30,"29":5,"30":12,"31":3,"32":5,"33":9,"34":3,"35":8},"f":{"0":144,"1":37,"2":4,"3":4,"4":30,"5":5,"6":12,"7":5,"8":9},"b":{"0":[93,51],"1":[18],"2":[93,75],"3":[1],"4":[12],"5":[13,26],"6":[39,33,31,26,26],"7":[0],"8":[5,4],"9":[3],"10":[3],"11":[9,3]}}
,"C:\\Users\\alanz\\Desktop\\school code\\software eng\\Computer-Serve-Code\\src\\classes\\sheetGraphManager.ts": {"path":"C:\\Users\\alanz\\Desktop\\school code\\software eng\\Computer-Serve-Code\\src\\classes\\sheetGraphManager.ts","statementMap":{"0":{"start":{"line":34,"column":8},"end":{"line":34,"column":32}},"1":{"start":{"line":35,"column":8},"end":{"line":35,"column":36}},"2":{"start":{"line":36,"column":8},"end":{"line":36,"column":43}},"3":{"start":{"line":37,"column":8},"end":{"line":37,"column":40}},"4":{"start":{"line":42,"column":8},"end":{"line":44,"column":9}},"5":{"start":{"line":43,"column":12},"end":{"line":43,"column":56}},"6":{"start":{"line":45,"column":8},"end":{"line":45,"column":58}},"7":{"start":{"line":50,"column":8},"end":{"line":52,"column":9}},"8":{"start":{"line":51,"column":12},"end":{"line":51,"column":51}},"9":{"start":{"line":54,"column":8},"end":{"line":61,"column":9}},"10":{"start":{"line":55,"column":12},"end":{"line":60,"column":13}},"11":{"start":{"line":57,"column":16},"end":{"line":57,"column":44}},"12":{"start":{"line":58,"column":16},"end":{"line":58,"column":55}},"13":{"start":{"line":59,"column":16},"end":{"line":59,"column":52}},"14":{"start":{"line":62,"column":8},"end":{"line":62,"column":44}},"15":{"start":{"line":68,"column":8},"end":{"line":70,"column":9}},"16":{"start":{"line":69,"column":12},"end":{"line":69,"column":52}},"17":{"start":{"line":71,"column":8},"end":{"line":73,"column":9}},"18":{"start":{"line":72,"column":12},"end":{"line":72,"column":51}},"19":{"start":{"line":75,"column":8},"end":{"line":75,"column":46}},"20":{"start":{"line":76,"column":8},"end":{"line":76,"column":69}},"21":{"start":{"line":77,"column":8},"end":{"line":77,"column":86}},"22":{"start":{"line":77,"column":71},"end":{"line":77,"column":83}},"23":{"start":{"line":82,"column":8},"end":{"line":84,"column":9}},"24":{"start":{"line":83,"column":12},"end":{"line":83,"column":47}},"25":{"start":{"line":86,"column":8},"end":{"line":86,"column":36}},"26":{"start":{"line":87,"column":8},"end":{"line":87,"column":47}},"27":{"start":{"line":90,"column":8},"end":{"line":90,"column":44}},"28":{"start":{"line":95,"column":8},"end":{"line":99,"column":9}},"29":{"start":{"line":96,"column":8},"end":{"line":96,"column":25}},"30":{"start":{"line":98,"column":12},"end":{"line":98,"column":44}},"31":{"start":{"line":105,"column":7},"end":{"line":109,"column":9}},"32":{"start":{"line":106,"column":9},"end":{"line":106,"column":26}},"33":{"start":{"line":108,"column":12},"end":{"line":108,"column":52}},"34":{"start":{"line":114,"column":8},"end":{"line":116,"column":9}},"35":{"start":{"line":118,"column":28},"end":{"line":118,"column":63}},"36":{"start":{"line":119,"column":8},"end":{"line":119,"column":88}},"37":{"start":{"line":125,"column":30},"end":{"line":125,"column":62}},"38":{"start":{"line":126,"column":8},"end":{"line":126,"column":108}},"39":{"start":{"line":126,"column":73},"end":{"line":126,"column":101}},"40":{"start":{"line":131,"column":8},"end":{"line":133,"column":9}},"41":{"start":{"line":132,"column":12},"end":{"line":132,"column":47}},"42":{"start":{"line":134,"column":8},"end":{"line":136,"column":9}},"43":{"start":{"line":135,"column":12},"end":{"line":135,"column":53}},"44":{"start":{"line":137,"column":28},"end":{"line":137,"column":60}},"45":{"start":{"line":138,"column":8},"end":{"line":140,"column":9}},"46":{"start":{"line":139,"column":12},"end":{"line":139,"column":47}},"47":{"start":{"line":141,"column":8},"end":{"line":141,"column":45}},"48":{"start":{"line":146,"column":8},"end":{"line":148,"column":9}},"49":{"start":{"line":147,"column":12},"end":{"line":147,"column":47}},"50":{"start":{"line":149,"column":28},"end":{"line":149,"column":60}},"51":{"start":{"line":150,"column":8},"end":{"line":152,"column":9}},"52":{"start":{"line":151,"column":12},"end":{"line":151,"column":47}},"53":{"start":{"line":153,"column":22},"end":{"line":153,"column":55}},"54":{"start":{"line":154,"column":8},"end":{"line":156,"column":9}},"55":{"start":{"line":155,"column":12},"end":{"line":155,"column":53}},"56":{"start":{"line":157,"column":8},"end":{"line":157,"column":37}},"57":{"start":{"line":162,"column":32},"end":{"line":162,"column":34}},"58":{"start":{"line":163,"column":8},"end":{"line":167,"column":9}},"59":{"start":{"line":164,"column":12},"end":{"line":166,"column":13}},"60":{"start":{"line":165,"column":16},"end":{"line":165,"column":55}},"61":{"start":{"line":168,"column":8},"end":{"line":168,"column":22}},"62":{"start":{"line":173,"column":8},"end":{"line":185,"column":5}},"63":{"start":{"line":176,"column":8},"end":{"line":176,"column":57}},"64":{"start":{"line":178,"column":22},"end":{"line":178,"column":44}},"65":{"start":{"line":179,"column":28},"end":{"line":179,"column":64}},"66":{"start":{"line":180,"column":8},"end":{"line":184,"column":9}},"67":{"start":{"line":182,"column":12},"end":{"line":182,"column":84}},"68":{"start":{"line":182,"column":69},"end":{"line":182,"column":81}},"69":{"start":{"line":192,"column":8},"end":{"line":194,"column":9}},"70":{"start":{"line":193,"column":12},"end":{"line":193,"column":47}},"71":{"start":{"line":195,"column":8},"end":{"line":195,"column":47}},"72":{"start":{"line":196,"column":8},"end":{"line":196,"column":44}},"73":{"start":{"line":7,"column":0},"end":{"line":7,"column":13}}},"fnMap":{"0":{"name":"(anonymous_0)","decl":{"start":{"line":33,"column":4},"end":{"line":33,"column":null}},"loc":{"start":{"line":33,"column":4},"end":{"line":38,"column":5}}},"1":{"name":"(anonymous_1)","decl":{"start":{"line":41,"column":4},"end":{"line":41,"column":16}},"loc":{"start":{"line":41,"column":37},"end":{"line":46,"column":5}}},"2":{"name":"(anonymous_2)","decl":{"start":{"line":49,"column":4},"end":{"line":49,"column":19}},"loc":{"start":{"line":49,"column":39},"end":{"line":64,"column":5}}},"3":{"name":"(anonymous_3)","decl":{"start":{"line":67,"column":4},"end":{"line":67,"column":12}},"loc":{"start":{"line":67,"column":78},"end":{"line":78,"column":5}}},"4":{"name":"(anonymous_4)","decl":{"start":{"line":77,"column":63},"end":{"line":77,"column":67}},"loc":{"start":{"line":77,"column":71},"end":{"line":77,"column":83}}},"5":{"name":"(anonymous_5)","decl":{"start":{"line":81,"column":4},"end":{"line":81,"column":15}},"loc":{"start":{"line":81,"column":31},"end":{"line":91,"column":5}}},"6":{"name":"(anonymous_6)","decl":{"start":{"line":94,"column":4},"end":{"line":94,"column":12}},"loc":{"start":{"line":94,"column":28},"end":{"line":101,"column":5}}},"7":{"name":"(anonymous_7)","decl":{"start":{"line":104,"column":4},"end":{"line":104,"column":16}},"loc":{"start":{"line":104,"column":36},"end":{"line":110,"column":5}}},"8":{"name":"(anonymous_8)","decl":{"start":{"line":113,"column":4},"end":{"line":113,"column":24}},"loc":{"start":{"line":113,"column":40},"end":{"line":121,"column":1}}},"9":{"name":"(anonymous_9)","decl":{"start":{"line":124,"column":4},"end":{"line":124,"column":26}},"loc":{"start":{"line":124,"column":42},"end":{"line":127,"column":5}}},"10":{"name":"(anonymous_10)","decl":{"start":{"line":126,"column":63},"end":{"line":126,"column":69}},"loc":{"start":{"line":126,"column":73},"end":{"line":126,"column":101}}},"11":{"name":"(anonymous_11)","decl":{"start":{"line":130,"column":4},"end":{"line":130,"column":24}},"loc":{"start":{"line":130,"column":63},"end":{"line":142,"column":5}}},"12":{"name":"(anonymous_12)","decl":{"start":{"line":145,"column":4},"end":{"line":145,"column":29}},"loc":{"start":{"line":145,"column":67},"end":{"line":158,"column":5}}},"13":{"name":"(anonymous_13)","decl":{"start":{"line":161,"column":4},"end":{"line":161,"column":25}},"loc":{"start":{"line":161,"column":45},"end":{"line":169,"column":5}}},"14":{"name":"(anonymous_14)","decl":{"start":{"line":172,"column":4},"end":{"line":172,"column":23}},"loc":{"start":{"line":172,"column":60},"end":{"line":186,"column":5}}},"15":{"name":"(anonymous_15)","decl":{"start":{"line":182,"column":61},"end":{"line":182,"column":65}},"loc":{"start":{"line":182,"column":69},"end":{"line":182,"column":81}}},"16":{"name":"(anonymous_16)","decl":{"start":{"line":191,"column":4},"end":{"line":191,"column":28}},"loc":{"start":{"line":191,"column":44},"end":{"line":197,"column":5}}}},"branchMap":{"0":{"loc":{"start":{"line":42,"column":8},"end":{"line":44,"column":9}},"type":"if","locations":[{"start":{"line":42,"column":8},"end":{"line":44,"column":9}}]},"1":{"loc":{"start":{"line":50,"column":8},"end":{"line":52,"column":9}},"type":"if","locations":[{"start":{"line":50,"column":8},"end":{"line":52,"column":9}}]},"2":{"loc":{"start":{"line":55,"column":12},"end":{"line":60,"column":13}},"type":"if","locations":[{"start":{"line":55,"column":12},"end":{"line":60,"column":13}}]},"3":{"loc":{"start":{"line":67,"column":49},"end":{"line":67,"column":78}},"type":"default-arg","locations":[{"start":{"line":67,"column":76},"end":{"line":67,"column":78}}]},"4":{"loc":{"start":{"line":68,"column":8},"end":{"line":70,"column":9}},"type":"if","locations":[{"start":{"line":68,"column":8},"end":{"line":70,"column":9}}]},"5":{"loc":{"start":{"line":71,"column":8},"end":{"line":73,"column":9}},"type":"if","locations":[{"start":{"line":71,"column":8},"end":{"line":73,"column":9}}]},"6":{"loc":{"start":{"line":82,"column":8},"end":{"line":84,"column":9}},"type":"if","locations":[{"start":{"line":82,"column":8},"end":{"line":84,"column":9}}]},"7":{"loc":{"start":{"line":95,"column":8},"end":{"line":99,"column":9}},"type":"if","locations":[{"start":{"line":95,"column":8},"end":{"line":99,"column":9}},{"start":{"line":97,"column":13},"end":{"line":99,"column":9}}]},"8":{"loc":{"start":{"line":105,"column":7},"end":{"line":109,"column":9}},"type":"if","locations":[{"start":{"line":105,"column":7},"end":{"line":109,"column":9}},{"start":{"line":107,"column":14},"end":{"line":109,"column":9}}]},"9":{"loc":{"start":{"line":114,"column":8},"end":{"line":116,"column":9}},"type":"if","locations":[{"start":{"line":114,"column":8},"end":{"line":116,"column":9}}]},"10":{"loc":{"start":{"line":119,"column":15},"end":{"line":119,"column":87}},"type":"cond-expr","locations":[{"start":{"line":119,"column":43},"end":{"line":119,"column":75}},{"start":{"line":119,"column":78},"end":{"line":119,"column":87}}]},"11":{"loc":{"start":{"line":126,"column":15},"end":{"line":126,"column":107}},"type":"cond-expr","locations":[{"start":{"line":126,"column":45},"end":{"line":126,"column":102}},{"start":{"line":126,"column":105},"end":{"line":126,"column":107}}]},"12":{"loc":{"start":{"line":131,"column":8},"end":{"line":133,"column":9}},"type":"if","locations":[{"start":{"line":131,"column":8},"end":{"line":133,"column":9}}]},"13":{"loc":{"start":{"line":134,"column":8},"end":{"line":136,"column":9}},"type":"if","locations":[{"start":{"line":134,"column":8},"end":{"line":136,"column":9}}]},"14":{"loc":{"start":{"line":138,"column":8},"end":{"line":140,"column":9}},"type":"if","locations":[{"start":{"line":138,"column":8},"end":{"line":140,"column":9}}]},"15":{"loc":{"start":{"line":146,"column":8},"end":{"line":148,"column":9}},"type":"if","locations":[{"start":{"line":146,"column":8},"end":{"line":148,"column":9}}]},"16":{"loc":{"start":{"line":150,"column":8},"end":{"line":152,"column":9}},"type":"if","locations":[{"start":{"line":150,"column":8},"end":{"line":152,"column":9}}]},"17":{"loc":{"start":{"line":154,"column":8},"end":{"line":156,"column":9}},"type":"if","locations":[{"start":{"line":154,"column":8},"end":{"line":156,"column":9}}]},"18":{"loc":{"start":{"line":164,"column":12},"end":{"line":166,"column":13}},"type":"if","locations":[{"start":{"line":164,"column":12},"end":{"line":166,"column":13}}]},"19":{"loc":{"start":{"line":173,"column":8},"end":{"line":185,"column":5}},"type":"if","locations":[{"start":{"line":173,"column":8},"end":{"line":185,"column":5}}]},"20":{"loc":{"start":{"line":173,"column":12},"end":{"line":173,"column":74}},"type":"binary-expr","locations":[{"start":{"line":173,"column":12},"end":{"line":173,"column":37}},{"start":{"line":173,"column":41},"end":{"line":173,"column":74}}]},"21":{"loc":{"start":{"line":180,"column":8},"end":{"line":184,"column":9}},"type":"if","locations":[{"start":{"line":180,"column":8},"end":{"line":184,"column":9}}]},"22":{"loc":{"start":{"line":192,"column":8},"end":{"line":194,"column":9}},"type":"if","locations":[{"start":{"line":192,"column":8},"end":{"line":194,"column":9}}]}},"s":{"0":21,"1":21,"2":21,"3":21,"4":25,"5":1,"6":24,"7":3,"8":1,"9":2,"10":2,"11":2,"12":2,"13":2,"14":2,"15":17,"16":1,"17":16,"18":1,"19":15,"20":15,"21":15,"22":1,"23":2,"24":1,"25":1,"26":1,"27":1,"28":5,"29":4,"30":1,"31":2,"32":1,"33":1,"34":5,"35":5,"36":5,"37":5,"38":5,"39":3,"40":5,"41":2,"42":3,"43":1,"44":2,"45":2,"46":0,"47":2,"48":3,"49":1,"50":2,"51":2,"52":0,"53":2,"54":2,"55":1,"56":1,"57":3,"58":3,"59":6,"60":4,"61":3,"62":2,"63":1,"64":1,"65":1,"66":1,"67":0,"68":0,"69":2,"70":1,"71":1,"72":1,"73":1},"f":{"0":21,"1":25,"2":3,"3":17,"4":1,"5":2,"6":5,"7":2,"8":5,"9":5,"10":3,"11":5,"12":3,"13":3,"14":2,"15":0,"16":2},"b":{"0":[1],"1":[1],"2":[2],"3":[16],"4":[1],"5":[1],"6":[1],"7":[4,1],"8":[1,1],"9":[4],"10":[4,1],"11":[4,1],"12":[2],"13":[1],"14":[0],"15":[1],"16":[0],"17":[1],"18":[4],"19":[1],"20":[2,1],"21":[0],"22":[1]}}
,"C:\\Users\\alanz\\Desktop\\school code\\software eng\\Computer-Serve-Code\\src\\classes\\sheets.ts": {"path":"C:\\Users\\alanz\\Desktop\\school code\\software eng\\Computer-Serve-Code\\src\\classes\\sheets.ts","statementMap":{"0":{"start":{"line":8,"column":0},"end":{"line":8,"column":30}},"1":{"start":{"line":9,"column":0},"end":{"line":9,"column":28}},"2":{"start":{"line":11,"column":0},"end":{"line":11,"column":40}},"3":{"start":{"line":12,"column":0},"end":{"line":12,"column":56}},"4":{"start":{"line":13,"column":0},"end":{"line":13,"column":67}},"5":{"start":{"line":14,"column":0},"end":{"line":14,"column":51}},"6":{"start":{"line":21,"column":31},"end":{"line":21,"column":49}},"7":{"start":{"line":22,"column":18},"end":{"line":22,"column":53}},"8":{"start":{"line":23,"column":2},"end":{"line":23,"column":32}},"9":{"start":{"line":34,"column":38},"end":{"line":34,"column":40}},"10":{"start":{"line":35,"column":20},"end":{"line":35,"column":40}},"11":{"start":{"line":36,"column":23},"end":{"line":36,"column":50}},"12":{"start":{"line":45,"column":4},"end":{"line":47,"column":5}},"13":{"start":{"line":46,"column":6},"end":{"line":46,"column":50}},"14":{"start":{"line":48,"column":4},"end":{"line":50,"column":6}},"15":{"start":{"line":49,"column":6},"end":{"line":49,"column":62}},"16":{"start":{"line":49,"column":47},"end":{"line":49,"column":61}},"17":{"start":{"line":51,"column":4},"end":{"line":53,"column":5}},"18":{"start":{"line":52,"column":6},"end":{"line":52,"column":40}},"19":{"start":{"line":54,"column":4},"end":{"line":54,"column":33}},"20":{"start":{"line":55,"column":4},"end":{"line":55,"column":65}},"21":{"start":{"line":56,"column":4},"end":{"line":56,"column":23}},"22":{"start":{"line":61,"column":24},"end":{"line":61,"column":48}},"23":{"start":{"line":62,"column":21},"end":{"line":62,"column":32}},"24":{"start":{"line":64,"column":4},"end":{"line":66,"column":5}},"25":{"start":{"line":65,"column":6},"end":{"line":65,"column":80}},"26":{"start":{"line":68,"column":19},"end":{"line":68,"column":42}},"27":{"start":{"line":69,"column":4},"end":{"line":71,"column":5}},"28":{"start":{"line":70,"column":6},"end":{"line":70,"column":57}},"29":{"start":{"line":73,"column":17},"end":{"line":73,"column":33}},"30":{"start":{"line":74,"column":4},"end":{"line":76,"column":5}},"31":{"start":{"line":75,"column":6},"end":{"line":75,"column":72}},"32":{"start":{"line":78,"column":4},"end":{"line":78,"column":16}},"33":{"start":{"line":83,"column":4},"end":{"line":83,"column":36}},"34":{"start":{"line":90,"column":4},"end":{"line":96,"column":5}},"35":{"start":{"line":91,"column":6},"end":{"line":91,"column":28}},"36":{"start":{"line":92,"column":11},"end":{"line":96,"column":5}},"37":{"start":{"line":93,"column":6},"end":{"line":93,"column":44}},"38":{"start":{"line":95,"column":6},"end":{"line":95,"column":45}},"39":{"start":{"line":98,"column":21},"end":{"line":98,"column":28}},"40":{"start":{"line":100,"column":4},"end":{"line":102,"column":5}},"41":{"start":{"line":101,"column":6},"end":{"line":101,"column":56}},"42":{"start":{"line":104,"column":19},"end":{"line":104,"column":42}},"43":{"start":{"line":105,"column":4},"end":{"line":107,"column":5}},"44":{"start":{"line":106,"column":6},"end":{"line":106,"column":53}},"45":{"start":{"line":109,"column":17},"end":{"line":109,"column":33}},"46":{"start":{"line":110,"column":4},"end":{"line":112,"column":5}},"47":{"start":{"line":111,"column":6},"end":{"line":111,"column":72}},"48":{"start":{"line":114,"column":4},"end":{"line":114,"column":16}},"49":{"start":{"line":118,"column":4},"end":{"line":118,"column":22}},"50":{"start":{"line":122,"column":4},"end":{"line":122,"column":26}},"51":{"start":{"line":126,"column":4},"end":{"line":126,"column":27}},"52":{"start":{"line":131,"column":4},"end":{"line":131,"column":34}},"53":{"start":{"line":135,"column":18},"end":{"line":135,"column":50}},"54":{"start":{"line":137,"column":4},"end":{"line":141,"column":5}},"55":{"start":{"line":138,"column":6},"end":{"line":138,"column":42}},"56":{"start":{"line":140,"column":6},"end":{"line":140,"column":38}},"57":{"start":{"line":145,"column":4},"end":{"line":201,"column":5}},"58":{"start":{"line":146,"column":19},"end":{"line":146,"column":36}},"59":{"start":{"line":147,"column":6},"end":{"line":147,"column":27}},"60":{"start":{"line":149,"column":6},"end":{"line":151,"column":7}},"61":{"start":{"line":150,"column":8},"end":{"line":150,"column":37}},"62":{"start":{"line":155,"column":6},"end":{"line":176,"column":7}},"63":{"start":{"line":158,"column":8},"end":{"line":158,"column":52}},"64":{"start":{"line":162,"column":27},"end":{"line":162,"column":61}},"65":{"start":{"line":163,"column":8},"end":{"line":173,"column":null}},"66":{"start":{"line":166,"column":10},"end":{"line":166,"column":69}},"67":{"start":{"line":167,"column":10},"end":{"line":169,"column":11}},"68":{"start":{"line":168,"column":12},"end":{"line":168,"column":42}},"69":{"start":{"line":170,"column":10},"end":{"line":172,"column":11}},"70":{"start":{"line":171,"column":12},"end":{"line":171,"column":66}},"71":{"start":{"line":175,"column":8},"end":{"line":175,"column":45}},"72":{"start":{"line":179,"column":25},"end":{"line":179,"column":66}},"73":{"start":{"line":180,"column":6},"end":{"line":198,"column":7}},"74":{"start":{"line":181,"column":8},"end":{"line":197,"column":11}},"75":{"start":{"line":184,"column":37},"end":{"line":184,"column":132}},"76":{"start":{"line":185,"column":23},"end":{"line":185,"column":66}},"77":{"start":{"line":187,"column":10},"end":{"line":196,"column":11}},"78":{"start":{"line":188,"column":26},"end":{"line":188,"column":70}},"79":{"start":{"line":191,"column":12},"end":{"line":195,"column":13}},"80":{"start":{"line":194,"column":14},"end":{"line":194,"column":88}},"81":{"start":{"line":200,"column":6},"end":{"line":200,"column":41}},"82":{"start":{"line":200,"column":36},"end":{"line":200,"column":39}},"83":{"start":{"line":206,"column":17},"end":{"line":206,"column":34}},"84":{"start":{"line":207,"column":18},"end":{"line":207,"column":33}},"85":{"start":{"line":208,"column":4},"end":{"line":222,"column":5}},"86":{"start":{"line":209,"column":27},"end":{"line":219,"column":7}},"87":{"start":{"line":210,"column":27},"end":{"line":210,"column":83}},"88":{"start":{"line":211,"column":26},"end":{"line":211,"column":61}},"89":{"start":{"line":212,"column":8},"end":{"line":214,"column":9}},"90":{"start":{"line":213,"column":10},"end":{"line":213,"column":60}},"91":{"start":{"line":215,"column":8},"end":{"line":217,"column":9}},"92":{"start":{"line":216,"column":10},"end":{"line":216,"column":33}},"93":{"start":{"line":218,"column":8},"end":{"line":218,"column":25}},"94":{"start":{"line":221,"column":8},"end":{"line":221,"column":60}},"95":{"start":{"line":224,"column":4},"end":{"line":224,"column":16}},"96":{"start":{"line":229,"column":4},"end":{"line":229,"column":76}},"97":{"start":{"line":233,"column":4},"end":{"line":236,"column":5}},"98":{"start":{"line":233,"column":22},"end":{"line":233,"column":46}},"99":{"start":{"line":235,"column":6},"end":{"line":235,"column":39}},"100":{"start":{"line":240,"column":4},"end":{"line":242,"column":5}},"101":{"start":{"line":241,"column":6},"end":{"line":241,"column":29}},"102":{"start":{"line":246,"column":4},"end":{"line":246,"column":24}},"103":{"start":{"line":250,"column":4},"end":{"line":254,"column":5}},"104":{"start":{"line":251,"column":6},"end":{"line":251,"column":36}},"105":{"start":{"line":253,"column":6},"end":{"line":253,"column":24}},"106":{"start":{"line":259,"column":26},"end":{"line":259,"column":48}},"107":{"start":{"line":260,"column":26},"end":{"line":260,"column":35}},"108":{"start":{"line":261,"column":24},"end":{"line":261,"column":44}},"109":{"start":{"line":262,"column":24},"end":{"line":262,"column":31}},"110":{"start":{"line":263,"column":26},"end":{"line":263,"column":28}},"111":{"start":{"line":265,"column":4},"end":{"line":270,"column":5}},"112":{"start":{"line":265,"column":24},"end":{"line":265,"column":37}},"113":{"start":{"line":266,"column":6},"end":{"line":269,"column":7}},"114":{"start":{"line":266,"column":26},"end":{"line":266,"column":39}},"115":{"start":{"line":267,"column":21},"end":{"line":267,"column":83}},"116":{"start":{"line":268,"column":8},"end":{"line":268,"column":25}},"117":{"start":{"line":271,"column":4},"end":{"line":271,"column":17}},"118":{"start":{"line":276,"column":4},"end":{"line":276,"column":40}},"119":{"start":{"line":281,"column":4},"end":{"line":281,"column":53}},"120":{"start":{"line":286,"column":4},"end":{"line":286,"column":36}},"121":{"start":{"line":291,"column":4},"end":{"line":291,"column":51}},"122":{"start":{"line":296,"column":26},"end":{"line":296,"column":28}},"123":{"start":{"line":297,"column":4},"end":{"line":303,"column":5}},"124":{"start":{"line":298,"column":6},"end":{"line":302,"column":7}},"125":{"start":{"line":299,"column":8},"end":{"line":301,"column":9}},"126":{"start":{"line":300,"column":10},"end":{"line":300,"column":27}},"127":{"start":{"line":304,"column":4},"end":{"line":304,"column":17}},"128":{"start":{"line":309,"column":34},"end":{"line":309,"column":36}},"129":{"start":{"line":310,"column":19},"end":{"line":310,"column":121}},"130":{"start":{"line":311,"column":20},"end":{"line":311,"column":46}},"131":{"start":{"line":312,"column":25},"end":{"line":312,"column":111}},"132":{"start":{"line":312,"column":67},"end":{"line":312,"column":110}},"133":{"start":{"line":313,"column":25},"end":{"line":313,"column":65}},"134":{"start":{"line":315,"column":4},"end":{"line":315,"column":29}},"135":{"start":{"line":316,"column":4},"end":{"line":316,"column":35}},"136":{"start":{"line":318,"column":4},"end":{"line":335,"column":5}},"137":{"start":{"line":318,"column":24},"end":{"line":318,"column":25}},"138":{"start":{"line":319,"column":18},"end":{"line":319,"column":38}},"139":{"start":{"line":320,"column":23},"end":{"line":320,"column":65}},"140":{"start":{"line":321,"column":6},"end":{"line":334,"column":7}},"141":{"start":{"line":322,"column":26},"end":{"line":331,"column":22}},"142":{"start":{"line":323,"column":24},"end":{"line":323,"column":39}},"143":{"start":{"line":324,"column":10},"end":{"line":330,"column":11}},"144":{"start":{"line":325,"column":12},"end":{"line":325,"column":25}},"145":{"start":{"line":326,"column":17},"end":{"line":330,"column":11}},"146":{"start":{"line":327,"column":12},"end":{"line":327,"column":56}},"147":{"start":{"line":329,"column":12},"end":{"line":329,"column":53}},"148":{"start":{"line":333,"column":8},"end":{"line":333,"column":55}},"149":{"start":{"line":337,"column":4},"end":{"line":337,"column":34}},"150":{"start":{"line":342,"column":4},"end":{"line":342,"column":36}},"151":{"start":{"line":347,"column":4},"end":{"line":347,"column":61}},"152":{"start":{"line":352,"column":4},"end":{"line":360,"column":5}},"153":{"start":{"line":354,"column":8},"end":{"line":359,"column":7}},"154":{"start":{"line":356,"column":8},"end":{"line":356,"column":52}},"155":{"start":{"line":358,"column":8},"end":{"line":358,"column":39}},"156":{"start":{"line":364,"column":36},"end":{"line":364,"column":38}},"157":{"start":{"line":365,"column":4},"end":{"line":372,"column":5}},"158":{"start":{"line":366,"column":6},"end":{"line":371,"column":7}},"159":{"start":{"line":368,"column":8},"end":{"line":368,"column":50}},"160":{"start":{"line":370,"column":8},"end":{"line":370,"column":36}},"161":{"start":{"line":373,"column":4},"end":{"line":373,"column":30}},"162":{"start":{"line":374,"column":4},"end":{"line":374,"column":25}},"163":{"start":{"line":375,"column":4},"end":{"line":375,"column":19}},"164":{"start":{"line":28,"column":0},"end":{"line":28,"column":13}}},"fnMap":{"0":{"name":"parseCellReferences","decl":{"start":{"line":19,"column":9},"end":{"line":19,"column":28}},"loc":{"start":{"line":19,"column":44},"end":{"line":24,"column":1}}},"1":{"name":"(anonymous_1)","decl":{"start":{"line":38,"column":2},"end":{"line":38,"column":null}},"loc":{"start":{"line":43,"column":28},"end":{"line":57,"column":3}}},"2":{"name":"(anonymous_2)","decl":{"start":{"line":48,"column":49},"end":{"line":48,"column":52}},"loc":{"start":{"line":49,"column":6},"end":{"line":49,"column":62}}},"3":{"name":"(anonymous_3)","decl":{"start":{"line":49,"column":41},"end":{"line":49,"column":44}},"loc":{"start":{"line":49,"column":47},"end":{"line":49,"column":61}}},"4":{"name":"(anonymous_4)","decl":{"start":{"line":60,"column":2},"end":{"line":60,"column":9}},"loc":{"start":{"line":60,"column":18},"end":{"line":79,"column":3}}},"5":{"name":"(anonymous_5)","decl":{"start":{"line":82,"column":2},"end":{"line":82,"column":14}},"loc":{"start":{"line":82,"column":14},"end":{"line":84,"column":3}}},"6":{"name":"(anonymous_6)","decl":{"start":{"line":87,"column":2},"end":{"line":87,"column":17}},"loc":{"start":{"line":87,"column":51},"end":{"line":115,"column":3}}},"7":{"name":"(anonymous_7)","decl":{"start":{"line":117,"column":2},"end":{"line":117,"column":10}},"loc":{"start":{"line":117,"column":10},"end":{"line":119,"column":3}}},"8":{"name":"(anonymous_8)","decl":{"start":{"line":121,"column":2},"end":{"line":121,"column":14}},"loc":{"start":{"line":121,"column":14},"end":{"line":123,"column":3}}},"9":{"name":"(anonymous_9)","decl":{"start":{"line":125,"column":2},"end":{"line":125,"column":10}},"loc":{"start":{"line":125,"column":10},"end":{"line":127,"column":3}}},"10":{"name":"(anonymous_10)","decl":{"start":{"line":130,"column":2},"end":{"line":130,"column":13}},"loc":{"start":{"line":130,"column":34},"end":{"line":132,"column":3}}},"11":{"name":"(anonymous_11)","decl":{"start":{"line":134,"column":2},"end":{"line":134,"column":16}},"loc":{"start":{"line":134,"column":37},"end":{"line":142,"column":3}}},"12":{"name":"(anonymous_12)","decl":{"start":{"line":144,"column":2},"end":{"line":144,"column":9}},"loc":{"start":{"line":144,"column":56},"end":{"line":202,"column":3}}},"13":{"name":"(anonymous_13)","decl":{"start":{"line":163,"column":27},"end":{"line":163,"column":28}},"loc":{"start":{"line":163,"column":44},"end":{"line":173,"column":9}}},"14":{"name":"(anonymous_14)","decl":{"start":{"line":181,"column":27},"end":{"line":181,"column":28}},"loc":{"start":{"line":181,"column":44},"end":{"line":197,"column":9}}},"15":{"name":"(anonymous_15)","decl":{"start":{"line":200,"column":29},"end":{"line":200,"column":30}},"loc":{"start":{"line":200,"column":36},"end":{"line":200,"column":39}}},"16":{"name":"(anonymous_16)","decl":{"start":{"line":205,"column":2},"end":{"line":205,"column":21}},"loc":{"start":{"line":205,"column":30},"end":{"line":225,"column":3}}},"17":{"name":"(anonymous_17)","decl":{"start":{"line":209,"column":27},"end":{"line":209,"column":28}},"loc":{"start":{"line":209,"column":71},"end":{"line":219,"column":7}}},"18":{"name":"(anonymous_18)","decl":{"start":{"line":228,"column":2},"end":{"line":228,"column":9}},"loc":{"start":{"line":228,"column":9},"end":{"line":230,"column":3}}},"19":{"name":"(anonymous_19)","decl":{"start":{"line":232,"column":2},"end":{"line":232,"column":10}},"loc":{"start":{"line":232,"column":24},"end":{"line":237,"column":3}}},"20":{"name":"(anonymous_20)","decl":{"start":{"line":239,"column":2},"end":{"line":239,"column":14}},"loc":{"start":{"line":239,"column":31},"end":{"line":243,"column":3}}},"21":{"name":"(anonymous_21)","decl":{"start":{"line":245,"column":2},"end":{"line":245,"column":7}},"loc":{"start":{"line":245,"column":7},"end":{"line":247,"column":3}}},"22":{"name":"(anonymous_22)","decl":{"start":{"line":249,"column":2},"end":{"line":249,"column":7}},"loc":{"start":{"line":249,"column":18},"end":{"line":255,"column":3}}},"23":{"name":"(anonymous_23)","decl":{"start":{"line":258,"column":2},"end":{"line":258,"column":17}},"loc":{"start":{"line":258,"column":38},"end":{"line":272,"column":3}}},"24":{"name":"(anonymous_24)","decl":{"start":{"line":275,"column":2},"end":{"line":275,"column":21}},"loc":{"start":{"line":275,"column":30},"end":{"line":277,"column":3}}},"25":{"name":"(anonymous_25)","decl":{"start":{"line":280,"column":2},"end":{"line":280,"column":24}},"loc":{"start":{"line":280,"column":58},"end":{"line":282,"column":3}}},"26":{"name":"(anonymous_26)","decl":{"start":{"line":285,"column":2},"end":{"line":285,"column":21}},"loc":{"start":{"line":285,"column":43},"end":{"line":287,"column":3}}},"27":{"name":"(anonymous_27)","decl":{"start":{"line":290,"column":2},"end":{"line":290,"column":24}},"loc":{"start":{"line":290,"column":71},"end":{"line":292,"column":3}}},"28":{"name":"(anonymous_28)","decl":{"start":{"line":295,"column":2},"end":{"line":295,"column":19}},"loc":{"start":{"line":295,"column":31},"end":{"line":305,"column":3}}},"29":{"name":"(anonymous_29)","decl":{"start":{"line":308,"column":2},"end":{"line":308,"column":10}},"loc":{"start":{"line":308,"column":10},"end":{"line":338,"column":3}}},"30":{"name":"(anonymous_30)","decl":{"start":{"line":312,"column":57},"end":{"line":312,"column":58}},"loc":{"start":{"line":312,"column":67},"end":{"line":312,"column":110}}},"31":{"name":"(anonymous_31)","decl":{"start":{"line":322,"column":34},"end":{"line":322,"column":38}},"loc":{"start":{"line":322,"column":41},"end":{"line":331,"column":9}}},"32":{"name":"(anonymous_32)","decl":{"start":{"line":341,"column":2},"end":{"line":341,"column":14}},"loc":{"start":{"line":341,"column":36},"end":{"line":343,"column":3}}},"33":{"name":"(anonymous_33)","decl":{"start":{"line":346,"column":2},"end":{"line":346,"column":30}},"loc":{"start":{"line":346,"column":57},"end":{"line":348,"column":3}}},"34":{"name":"(anonymous_34)","decl":{"start":{"line":351,"column":2},"end":{"line":351,"column":13}},"loc":{"start":{"line":351,"column":36},"end":{"line":361,"column":3}}},"35":{"name":"(anonymous_35)","decl":{"start":{"line":363,"column":2},"end":{"line":363,"column":16}},"loc":{"start":{"line":363,"column":16},"end":{"line":376,"column":3}}}},"branchMap":{"0":{"loc":{"start":{"line":23,"column":9},"end":{"line":23,"column":31}},"type":"cond-expr","locations":[{"start":{"line":23,"column":19},"end":{"line":23,"column":26}},{"start":{"line":23,"column":29},"end":{"line":23,"column":31}}]},"1":{"loc":{"start":{"line":45,"column":4},"end":{"line":47,"column":5}},"type":"if","locations":[{"start":{"line":45,"column":4},"end":{"line":47,"column":5}}]},"2":{"loc":{"start":{"line":45,"column":8},"end":{"line":45,"column":37}},"type":"binary-expr","locations":[{"start":{"line":45,"column":8},"end":{"line":45,"column":22}},{"start":{"line":45,"column":26},"end":{"line":45,"column":37}}]},"3":{"loc":{"start":{"line":51,"column":4},"end":{"line":53,"column":5}},"type":"if","locations":[{"start":{"line":51,"column":4},"end":{"line":53,"column":5}}]},"4":{"loc":{"start":{"line":64,"column":4},"end":{"line":66,"column":5}},"type":"if","locations":[{"start":{"line":64,"column":4},"end":{"line":66,"column":5}}]},"5":{"loc":{"start":{"line":64,"column":8},"end":{"line":64,"column":59}},"type":"binary-expr","locations":[{"start":{"line":64,"column":8},"end":{"line":64,"column":23}},{"start":{"line":64,"column":27},"end":{"line":64,"column":59}}]},"6":{"loc":{"start":{"line":69,"column":4},"end":{"line":71,"column":5}},"type":"if","locations":[{"start":{"line":69,"column":4},"end":{"line":71,"column":5}}]},"7":{"loc":{"start":{"line":69,"column":8},"end":{"line":69,"column":60}},"type":"binary-expr","locations":[{"start":{"line":69,"column":8},"end":{"line":69,"column":15}},{"start":{"line":69,"column":19},"end":{"line":69,"column":31}},{"start":{"line":69,"column":35},"end":{"line":69,"column":60}}]},"8":{"loc":{"start":{"line":74,"column":4},"end":{"line":76,"column":5}},"type":"if","locations":[{"start":{"line":74,"column":4},"end":{"line":76,"column":5}}]},"9":{"loc":{"start":{"line":90,"column":4},"end":{"line":96,"column":5}},"type":"if","locations":[{"start":{"line":90,"column":4},"end":{"line":96,"column":5}},{"start":{"line":92,"column":11},"end":{"line":96,"column":5}}]},"10":{"loc":{"start":{"line":92,"column":11},"end":{"line":96,"column":5}},"type":"if","locations":[{"start":{"line":92,"column":11},"end":{"line":96,"column":5}},{"start":{"line":94,"column":11},"end":{"line":96,"column":5}}]},"11":{"loc":{"start":{"line":100,"column":4},"end":{"line":102,"column":5}},"type":"if","locations":[{"start":{"line":100,"column":4},"end":{"line":102,"column":5}}]},"12":{"loc":{"start":{"line":100,"column":8},"end":{"line":100,"column":59}},"type":"binary-expr","locations":[{"start":{"line":100,"column":8},"end":{"line":100,"column":23}},{"start":{"line":100,"column":27},"end":{"line"
[...]
column":58}},"84":{"start":{"line":115,"column":12},"end":{"line":115,"column":56}},"85":{"start":{"line":119,"column":24},"end":{"line":121,"column":1}},"86":{"start":{"line":120,"column":4},"end":{"line":120,"column":43}},"87":{"start":{"line":123,"column":9},"end":{"line":123,"column":24}}},"fnMap":{"0":{"name":"(anonymous_0)","decl":{"start":{"line":21,"column":17},"end":{"line":21,"column":18}},"loc":{"start":{"line":21,"column":45},"end":{"line":21,"column":66}}},"1":{"name":"(anonymous_1)","decl":{"start":{"line":22,"column":17},"end":{"line":22,"column":18}},"loc":{"start":{"line":22,"column":45},"end":{"line":22,"column":89}}},"2":{"name":"(anonymous_2)","decl":{"start":{"line":23,"column":20},"end":{"line":23,"column":21}},"loc":{"start":{"line":23,"column":48},"end":{"line":23,"column":79}}},"3":{"name":"(anonymous_3)","decl":{"start":{"line":25,"column":17},"end":{"line":25,"column":18}},"loc":{"start":{"line":25,"column":86},"end":{"line":38,"column":1}}},"4":{"name":"(anonymous_4)","decl":{"start":{"line":40,"column":27},"end":{"line":40,"column":28}},"loc":{"start":{"line":40,"column":96},"end":{"line":44,"column":1}}},"5":{"name":"(anonymous_5)","decl":{"start":{"line":46,"column":17},"end":{"line":46,"column":18}},"loc":{"start":{"line":46,"column":44},"end":{"line":49,"column":1}}},"6":{"name":"(anonymous_6)","decl":{"start":{"line":51,"column":20},"end":{"line":51,"column":21}},"loc":{"start":{"line":51,"column":50},"end":{"line":73,"column":1}}},"7":{"name":"(anonymous_7)","decl":{"start":{"line":54,"column":28},"end":{"line":54,"column":40}},"loc":{"start":{"line":54,"column":42},"end":{"line":70,"column":5}}},"8":{"name":"(anonymous_8)","decl":{"start":{"line":75,"column":20},"end":{"line":75,"column":21}},"loc":{"start":{"line":75,"column":90},"end":{"line":86,"column":1}}},"9":{"name":"(anonymous_9)","decl":{"start":{"line":81,"column":43},"end":{"line":81,"column":46}},"loc":{"start":{"line":81,"column":50},"end":{"line":81,"column":80}}},"10":{"name":"(anonymous_10)","decl":{"start":{"line":88,"column":29},"end":{"line":88,"column":30}},"loc":{"start":{"line":88,"column":104},"end":{"line":117,"column":1}}},"11":{"name":"(anonymous_11)","decl":{"start":{"line":92,"column":29},"end":{"line":92,"column":30}},"loc":{"start":{"line":92,"column":34},"end":{"line":92,"column":43}}},"12":{"name":"(anonymous_12)","decl":{"start":{"line":92,"column":53},"end":{"line":92,"column":54}},"loc":{"start":{"line":92,"column":67},"end":{"line":92,"column":89}}},"13":{"name":"(anonymous_13)","decl":{"start":{"line":94,"column":28},"end":{"line":94,"column":31}},"loc":{"start":{"line":94,"column":36},"end":{"line":94,"column":67}}},"14":{"name":"(anonymous_14)","decl":{"start":{"line":96,"column":26},"end":{"line":96,"column":29}},"loc":{"start":{"line":96,"column":33},"end":{"line":96,"column":56}}},"15":{"name":"(anonymous_15)","decl":{"start":{"line":99,"column":26},"end":{"line":99,"column":29}},"loc":{"start":{"line":99,"column":33},"end":{"line":99,"column":56}}},"16":{"name":"(anonymous_16)","decl":{"start":{"line":102,"column":26},"end":{"line":102,"column":29}},"loc":{"start":{"line":102,"column":33},"end":{"line":102,"column":56}}},"17":{"name":"(anonymous_17)","decl":{"start":{"line":103,"column":45},"end":{"line":103,"column":46}},"loc":{"start":{"line":103,"column":59},"end":{"line":103,"column":81}}},"18":{"name":"(anonymous_18)","decl":{"start":{"line":119,"column":24},"end":{"line":119,"column":25}},"loc":{"start":{"line":119,"column":96},"end":{"line":121,"column":1}}}},"branchMap":{"0":{"loc":{"start":{"line":22,"column":45},"end":{"line":22,"column":89}},"type":"binary-expr","locations":[{"start":{"line":22,"column":45},"end":{"line":22,"column":66}},{"start":{"line":22,"column":70},"end":{"line":22,"column":89}}]},"1":{"loc":{"start":{"line":26,"column":4},"end":{"line":30,"column":5}},"type":"if","locations":[{"start":{"line":26,"column":4},"end":{"line":30,"column":5}}]},"2":{"loc":{"start":{"line":28,"column":8},"end":{"line":28,"column":75}},"type":"if","locations":[{"start":{"line":28,"column":8},"end":{"line":28,"column":75}}]},"3":{"loc":{"start":{"line":31,"column":4},"end":{"line":31,"column":44}},"type":"if","locations":[{"start":{"line":31,"column":4},"end":{"line":31,"column":44}}]},"4":{"loc":{"start":{"line":32,"column":4},"end":{"line":32,"column":70}},"type":"if","locations":[{"start":{"line":32,"column":4},"end":{"line":32,"column":70}}]},"5":{"loc":{"start":{"line":33,"column":4},"end":{"line":36,"column":5}},"type":"if","locations":[{"start":{"line":33,"column":4},"end":{"line":36,"column":5}}]},"6":{"loc":{"start":{"line":48,"column":11},"end":{"line":48,"column":34}},"type":"binary-expr","locations":[{"start":{"line":48,"column":11},"end":{"line":48,"column":28}},{"start":{"line":48,"column":32},"end":{"line":48,"column":34}}]},"7":{"loc":{"start":{"line":55,"column":8},"end":{"line":57,"column":9}},"type":"if","locations":[{"start":{"line":55,"column":8},"end":{"line":57,"column":9}}]},"8":{"loc":{"start":{"line":55,"column":12},"end":{"line":55,"column":98}},"type":"binary-expr","locations":[{"start":{"line":55,"column":12},"end":{"line":55,"column":40}},{"start":{"line":55,"column":44},"end":{"line":55,"column":69}},{"start":{"line":55,"column":73},"end":{"line":55,"column":98}}]},"9":{"loc":{"start":{"line":55,"column":24},"end":{"line":55,"column":39}},"type":"binary-expr","locations":[{"start":{"line":55,"column":24},"end":{"line":55,"column":33}},{"start":{"line":55,"column":37},"end":{"line":55,"column":39}}]},"10":{"loc":{"start":{"line":55,"column":53},"end":{"line":55,"column":68}},"type":"binary-expr","locations":[{"start":{"line":55,"column":53},"end":{"line":55,"column":62}},{"start":{"line":55,"column":66},"end":{"line":55,"column":68}}]},"11":{"loc":{"start":{"line":55,"column":82},"end":{"line":55,"column":97}},"type":"binary-expr","locations":[{"start":{"line":55,"column":82},"end":{"line":55,"column":91}},{"start":{"line":55,"column":95},"end":{"line":55,"column":97}}]},"12":{"loc":{"start":{"line":56,"column":45},"end":{"line":56,"column":62}},"type":"binary-expr","locations":[{"start":{"line":56,"column":45},"end":{"line":56,"column":56}},{"start":{"line":56,"column":60},"end":{"line":56,"column":62}}]},"13":{"loc":{"start":{"line":58,"column":8},"end":{"line":68,"column":9}},"type":"if","locations":[{"start":{"line":58,"column":8},"end":{"line":68,"column":9}}]},"14":{"loc":{"start":{"line":58,"column":31},"end":{"line":58,"column":46}},"type":"binary-expr","locations":[{"start":{"line":58,"column":31},"end":{"line":58,"column":40}},{"start":{"line":58,"column":44},"end":{"line":58,"column":46}}]},"15":{"loc":{"start":{"line":59,"column":26},"end":{"line":59,"column":43}},"type":"binary-expr","locations":[{"start":{"line":59,"column":26},"end":{"line":59,"column":37}},{"start":{"line":59,"column":41},"end":{"line":59,"column":43}}]},"16":{"loc":{"start":{"line":61,"column":19},"end":{"line":61,"column":57}},"type":"binary-expr","locations":[{"start":{"line":61,"column":19},"end":{"line":61,"column":36}},{"start":{"line":61,"column":40},"end":{"line":61,"column":57}}]},"17":{"loc":{"start":{"line":63,"column":16},"end":{"line":63,"column":43}},"type":"if","locations":[{"start":{"line":63,"column":16},"end":{"line":63,"column":43}}]},"18":{"loc":{"start":{"line":65,"column":12},"end":{"line":65,"column":77}},"type":"if","locations":[{"start":{"line":65,"column":12},"end":{"line":65,"column":77}}]},"19":{"loc":{"start":{"line":76,"column":4},"end":{"line":85,"column":5}},"type":"switch","locations":[{"start":{"line":77,"column":8},"end":{"line":78,"column":81}},{"start":{"line":79,"column":8},"end":{"line":82,"column":61}},{"start":{"line":83,"column":8},"end":{"line":84,"column":53}}]},"20":{"loc":{"start":{"line":89,"column":4},"end":{"line":116,"column":5}},"type":"switch","locations":[{"start":{"line":90,"column":8},"end":{"line":92,"column":94}},{"start":{"line":93,"column":8},"end":{"line":94,"column":79}},{"start":{"line":95,"column":8},"end":{"line":97,"column":51}},{"start":{"line":98,"column":8},"end":{"line":100,"column":51}},{"start":{"line":101,"column":8},"end":{"line":103,"column":100}},{"start":{"line":104,"column":8},"end":{"line":111,"column":60}},{"start":{"line":112,"column":8},"end":{"line":113,"column":58}},{"start":{"line":114,"column":8},"end":{"line":115,"column":56}}]},"21":{"loc":{"start":{"line":94,"column":36},"end":{"line":94,"column":67}},"type":"cond-expr","locations":[{"start":{"line":94,"column":51},"end":{"line":94,"column":62}},{"start":{"line":94,"column":65},"end":{"line":94,"column":67}}]},"22":{"loc":{"start":{"line":96,"column":12},"end":{"line":96,"column":108}},"type":"if","locations":[{"start":{"line":96,"column":12},"end":{"line":96,"column":108}}]},"23":{"loc":{"start":{"line":99,"column":12},"end":{"line":99,"column":108}},"type":"if","locations":[{"start":{"line":99,"column":12},"end":{"line":99,"column":108}}]},"24":{"loc":{"start":{"line":102,"column":12},"end":{"line":102,"column":108}},"type":"if","locations":[{"start":{"line":102,"column":12},"end":{"line":102,"column":108}}]},"25":{"loc":{"start":{"line":105,"column":12},"end":{"line":105,"column":87}},"type":"if","locations":[{"start":{"line":105,"column":12},"end":{"line":105,"column":87}}]},"26":{"loc":{"start":{"line":107,"column":30},"end":{"line":107,"column":68}},"type":"cond-expr","locations":[{"start":{"line":107,"column":54},"end":{"line":107,"column":61}},{"start":{"line":107,"column":64},"end":{"line":107,"column":68}}]},"27":{"loc":{"start":{"line":108,"column":31},"end":{"line":108,"column":69}},"type":"cond-expr","locations":[{"start":{"line":108,"column":55},"end":{"line":108,"column":62}},{"start":{"line":108,"column":65},"end":{"line":108,"column":69}}]},"28":{"loc":{"start":{"line":109,"column":12},"end":{"line":109,"column":111}},"type":"if","locations":[{"start":{"line":109,"column":12},"end":{"line":109,"column":111}}]},"29":{"loc":{"start":{"line":109,"column":16},"end":{"line":109,"column":61}},"type":"binary-expr","locations":[{"start":{"line":109,"column":16},"end":{"line":109,"column":39}},{"start":{"line":109,"column":43},"end":{"line":109,"column":61}}]},"30":{"loc":{"start":{"line":110,"column":12},"end":{"line":110,"column":96}},"type":"if","locations":[{"start":{"line":110,"column":12},"end":{"line":110,"column":96}}]},"31":{"loc":{"start":{"line":111,"column":19},"end":{"line":111,"column":59}},"type":"cond-expr","locations":[{"start":{"line":111,"column":37},"end":{"line":111,"column":46}},{"start":{"line":111,"column":49},"end":{"line":111,"column":59}}]},"32":{"loc":{"start":{"line":113,"column":19},"end":{"line":113,"column":57}},"type":"cond-expr","locations":[{"start":{"line":113,"column":43},"end":{"line":113,"column":50}},{"start":{"line":113,"column":53},"end":{"line":113,"column":57}}]}},"s":{"0":3,"1":99,"2":3,"3":72,"4":3,"5":159,"6":3,"7":81,"8":31,"9":31,"10":1,"11":30,"12":50,"13":14,"14":36,"15":16,"16":20,"17":20,"18":20,"19":0,"20":3,"21":20,"22":20,"23":20,"24":3,"25":20,"26":20,"27":3,"28":20,"29":20,"30":78,"31":57,"32":21,"33":21,"34":21,"35":21,"36":58,"37":58,"38":37,"39":21,"40":0,"41":21,"42":21,"43":0,"44":20,"45":3,"46":78,"47":57,"48":21,"49":21,"50":58,"51":21,"52":0,"53":3,"54":21,"55":3,"56":7,"57":7,"58":3,"59":7,"60":2,"61":8,"62":0,"63":2,"64":2,"65":8,"66":0,"67":2,"68":2,"69":6,"70":0,"71":2,"72":6,"73":7,"74":1,"75":6,"76":6,"77":6,"78":6,"79":0,"80":6,"81":1,"82":5,"83":2,"84":0,"85":3,"86":24,"87":3},"f":{"0":99,"1":72,"2":159,"3":81,"4":20,"5":20,"6":20,"7":78,"8":78,"9":58,"10":21,"11":7,"12":7,"13":7,"14":8,"15":8,"16":6,"17":6,"18":24},"b":{"0":[72,31],"1":[31],"2":[1],"3":[14],"4":[16],"5":[20],"6":[20,0],"7":[57],"8":[78,49,36],"9":[78,0],"10":[49,0],"11":[36,0],"12":[57,0],"13":[21],"14":[21,0],"15":[21,0],"16":[79,58],"17":[37],"18":[0],"19":[57,21,0],"20":[3,3,2,2,2,7,2,0],"21":[7,0],"22":[0],"23":[0],"24":[0],"25":[1],"26":[6,0],"27":[6,0],"28":[0],"29":[6,6],"30":[1],"31":[4,1],"32":[2,0]}}
,"C:\\Users\\alanz\\Desktop\\school code\\software eng\\Computer-Serve-Code\\src\\utils\\hasSpecialChar.ts": {"path":"C:\\Users\\alanz\\Desktop\\school code\\software eng\\Computer-Serve-Code\\src\\utils\\hasSpecialChar.ts","statementMap":{"0":{"start":{"line":6,"column":4},"end":{"line":6,"column":65}},"1":{"start":{"line":4,"column":0},"end":{"line":4,"column":16}}},"fnMap":{"0":{"name":"hasSpecialChar","decl":{"start":{"line":4,"column":16},"end":{"line":4,"column":30}},"loc":{"start":{"line":4,"column":45},"end":{"line":7,"column":1}}}},"branchMap":{},"s":{"0":109,"1":4},"f":{"0":109},"b":{}}
,"C:\\Users\\alanz\\Desktop\\school code\\software eng\\Computer-Serve-Code\\src\\utils\\multipleCellUpdate.ts": {"path":"C:\\Users\\alanz\\Desktop\\school code\\software eng\\Computer-Serve-Code\\src\\utils\\multipleCellUpdate.ts","statementMap":{"0":{"start":{"line":3,"column":0},"end":{"line":3,"column":59}},"1":{"start":{"line":7,"column":18},"end":{"line":7,"column":44}},"2":{"start":{"line":8,"column":42},"end":{"line":8,"column":95}},"3":{"start":{"line":8,"column":60},"end":{"line":8,"column":94}},"4":{"start":{"line":9,"column":4},"end":{"line":9,"column":25}},"5":{"start":{"line":6,"column":0},"end":{"line":6,"column":16}}},"fnMap":{"0":{"name":"multipleCellUpdate","decl":{"start":{"line":6,"column":16},"end":{"line":6,"column":34}},"loc":{"start":{"line":6,"column":50},"end":{"line":10,"column":1}}},"1":{"name":"(anonymous_1)","decl":{"start":{"line":8,"column":52},"end":{"line":8,"column":56}},"loc":{"start":{"line":8,"column":60},"end":{"line":8,"column":94}}}},"branchMap":{},"s":{"0":2,"1":2,"2":2,"3":6,"4":2,"5":2},"f":{"0":2,"1":6},"b":{}}
,"C:\\Users\\alanz\\Desktop\\school code\\software eng\\Computer-Serve-Code\\src\\utils\\numberToColumnLabel.ts": {"path":"C:\\Users\\alanz\\Desktop\\school code\\software eng\\Computer-Serve-Code\\src\\utils\\numberToColumnLabel.ts","statementMap":{"0":{"start":{"line":5,"column":16},"end":{"line":5,"column":18}},"1":{"start":{"line":6,"column":4},"end":{"line":10,"column":5}},"2":{"start":{"line":7,"column":26},"end":{"line":7,"column":43}},"3":{"start":{"line":8,"column":8},"end":{"line":8,"column":75}},"4":{"start":{"line":9,"column":8},"end":{"line":9,"column":47}},"5":{"start":{"line":11,"column":4},"end":{"line":11,"column":17}},"6":{"start":{"line":4,"column":0},"end":{"line":4,"column":16}}},"fnMap":{"0":{"name":"numberToColumnLabel","decl":{"start":{"line":4,"column":16},"end":{"line":4,"column":35}},"loc":{"start":{"line":4,"column":50},"end":{"line":12,"column":1}}}},"branchMap":{},"s":{"0":15,"1":15,"2":23,"3":23,"4":23,"5":15,"6":3},"f":{"0":15},"b":{}}
,"C:\\Users\\alanz\\Desktop\\school code\\software eng\\Computer-Serve-Code\\src\\utils\\parseRef.ts": {"path":"C:\\Users\\alanz\\Desktop\\school code\\software eng\\Computer-Serve-Code\\src\\utils\\parseRef.ts","statementMap":{"0":{"start":{"line":2,"column":0},"end":{"line":2,"column":36}},"1":{"start":{"line":7,"column":23},"end":{"line":7,"column":45}},"2":{"start":{"line":8,"column":18},"end":{"line":8,"column":39}},"3":{"start":{"line":9,"column":4},"end":{"line":11,"column":5}},"4":{"start":{"line":10,"column":8},"end":{"line":10,"column":47}},"5":{"start":{"line":13,"column":19},"end":{"line":13,"column":27}},"6":{"start":{"line":14,"column":19},"end":{"line":14,"column":27}},"7":{"start":{"line":16,"column":27},"end":{"line":16,"column":78}},"8":{"start":{"line":18,"column":4},"end":{"line":18,"column":21}},"9":{"start":{"line":6,"column":0},"end":{"line":6,"column":16}},"10":{"start":{"line":21,"column":0},"end":{"line":21,"column":24}}},"fnMap":{"0":{"name":"parseRef","decl":{"start":{"line":6,"column":16},"end":{"line":6,"column":24}},"loc":{"start":{"line":6,"column":36},"end":{"line":19,"column":1}}}},"branchMap":{"0":{"loc":{"start":{"line":9,"column":4},"end":{"line":11,"column":5}},"type":"if","locations":[{"start":{"line":9,"column":4},"end":{"line":11,"column":5}}]},"1":{"loc":{"start":{"line":9,"column":8},"end":{"line":9,"column":40}},"type":"binary-expr","locations":[{"start":{"line":9,"column":8},"end":{"line":9,"column":14}},{"start":{"line":9,"column":18},"end":{"line":9,"column":27}},{"start":{"line":9,"column":31},"end":{"line":9,"column":40}}]}},"s":{"0":4,"1":13,"2":13,"3":13,"4":4,"5":9,"6":9,"7":9,"8":9,"9":4,"10":4},"f":{"0":13},"b":{"0":[4],"1":[13,9,9]}}
,"C:\\Users\\alanz\\Desktop\\school code\\software eng\\Computer-Serve-Code\\src\\utils\\parseTerm.ts": {"path":"C:\\Users\\alanz\\Desktop\\school code\\software eng\\Computer-Serve-Code\\src\\utils\\parseTerm.ts","statementMap":{"0":{"start":{"line":6,"column":2},"end":{"line":6,"column":23}},"1":{"start":{"line":9,"column":2},"end":{"line":11,"column":3}},"2":{"start":{"line":10,"column":6},"end":{"line":10,"column":31}},"3":{"start":{"line":14,"column":2},"end":{"line":18,"column":3}},"4":{"start":{"line":16,"column":18},"end":{"line":16,"column":57}},"5":{"start":{"line":17,"column":6},"end":{"line":17,"column":17}},"6":{"start":{"line":21,"column":2},"end":{"line":23,"column":3}},"7":{"start":{"line":22,"column":6},"end":{"line":22,"column":41}},"8":{"start":{"line":25,"column":2},"end":{"line":25,"column":44}},"9":{"start":{"line":5,"column":0},"end":{"line":5,"column":16}}},"fnMap":{"0":{"name":"parseTerm","decl":{"start":{"line":5,"column":16},"end":{"line":5,"column":25}},"loc":{"start":{"line":5,"column":39},"end":{"line":26,"column":1}}}},"branchMap":{"0":{"loc":{"start":{"line":9,"column":2},"end":{"line":11,"column":3}},"type":"if","locations":[{"start":{"line":9,"column":2},"end":{"line":11,"column":3}}]},"1":{"loc":{"start":{"line":14,"column":2},"end":{"line":18,"column":3}},"type":"if","locations":[{"start":{"line":14,"column":2},"end":{"line":18,"column":3}}]},"2":{"loc":{"start":{"line":21,"column":2},"end":{"line":23,"column":3}},"type":"if","locations":[{"start":{"line":21,"column":2},"end":{"line":23,"column":3}}]}},"s":{"0":17,"1":17,"2":10,"3":7,"4":2,"5":2,"6":5,"7":2,"8":3,"9":4},"f":{"0":17},"b":{"0":[10],"1":[2],"2":[2]}}
,"C:\\Users\\alanz\\Desktop\\school code\\software eng\\Computer-Serve-Code\\src\\utils\\singleCellUpdate.ts": {"path":"C:\\Users\\alanz\\Desktop\\school code\\software eng\\Computer-Serve-Code\\src\\utils\\singleCellUpdate.ts","statementMap":{"0":{"start":{"line":4,"column":0},"end":{"line":4,"column":40}},"1":{"start":{"line":5,"column":0},"end":{"line":5,"column":38}},"2":{"start":{"line":10,"column":35},"end":{"line":10,"column":57}},"3":{"start":{"line":11,"column":20},"end":{"line":11,"column":39}},"4":{"start":{"line":12,"column":4},"end":{"line":14,"column":5}},"5":{"start":{"line":13,"column":8},"end":{"line":13,"column":55}},"6":{"start":{"line":15,"column":16},"end":{"line":15,"column":38}},"7":{"start":{"line":17,"column":17},"end":{"line":17,"column":35}},"8":{"start":{"line":18,"column":4},"end":{"line":18,"column":25}},"9":{"start":{"line":9,"column":0},"end":{"line":9,"column":16}}},"fnMap":{"0":{"name":"parseSingleCellUpdate","decl":{"start":{"line":9,"column":16},"end":{"line":9,"column":37}},"loc":{"start":{"line":9,"column":50},"end":{"line":19,"column":1}}}},"branchMap":{"0":{"loc":{"start":{"line":12,"column":4},"end":{"line":14,"column":5}},"type":"if","locations":[{"start":{"line":12,"column":4},"end":{"line":14,"column":5}}]},"1":{"loc":{"start":{"line":12,"column":8},"end":{"line":12,"column":39}},"type":"binary-expr","locations":[{"start":{"line":12,"column":8},"end":{"line":12,"column":21}},{"start":{"line":12,"column":25},"end":{"line":12,"column":39}}]},"2":{"loc":{"start":{"line":15,"column":25},"end":{"line":15,"column":37}},"type":"binary-expr","locations":[{"start":{"line":15,"column":25},"end":{"line":15,"column":31}},{"start":{"line":15,"column":35},"end":{"line":15,"column":37}}]}},"s":{"0":3,"1":3,"2":13,"3":13,"4":13,"5":2,"6":11,"7":11,"8":10,"9":3},"f":{"0":13},"b":{"0":[2],"1":[13,13],"2":[11,0]}}
}
