TN:
SF:src/app/api/v1/checkUser/route.ts
FN:9,parseBasicAuth
FN:27,GET
FNF:2
FNH:2
FNDA:5,parseBasicAuth
FNDA:5,GET
DA:2,1
DA:3,1
DA:5,1
DA:6,1
DA:10,5
DA:11,5
DA:12,1
DA:15,4
DA:16,4
DA:17,0
DA:20,4
DA:23,4
DA:24,4
DA:27,1
DA:28,5
DA:29,5
DA:30,5
DA:31,1
DA:42,4
DA:45,4
DA:49,3
DA:50,1
DA:57,2
DA:58,1
DA:64,1
DA:69,1
LF:26
LH:25
BRDA:11,0,0,1
BRDA:16,1,0,0
BRDA:30,2,0,1
BRDA:49,3,0,1
BRDA:57,4,0,1
BRF:5
BRH:4
end_of_record
TN:
SF:src/app/api/v1/createSheet/route.ts
FN:8,POST
FNF:1
FNH:1
FNDA:4,POST
DA:1,1
DA:2,1
DA:4,1
DA:5,1
DA:8,1
DA:9,4
DA:10,4
DA:11,4
DA:13,4
DA:14,1
DA:17,3
DA:23,2
DA:24,1
DA:27,1
DA:35,1
DA:37,1
LF:16
LH:16
BRDA:13,0,0,1
BRDA:13,1,0,4
BRDA:13,1,1,3
BRDA:23,2,0,1
BRF:4
BRH:4
end_of_record
TN:
SF:src/app/api/v1/createUser/route.ts
FN:9,POST
FNF:1
FNH:1
FNDA:1,POST
DA:2,1
DA:3,1
DA:5,1
DA:6,1
DA:9,1
DA:10,1
DA:11,1
DA:18,1
DA:24,1
DA:31,1
LF:10
LH:10
BRF:0
BRH:0
end_of_record
TN:
SF:src/app/api/v1/deleteSheet/route.ts
FN:8,POST
FNF:1
FNH:1
FNDA:4,POST
DA:1,1
DA:2,1
DA:4,1
DA:5,1
DA:8,1
DA:9,4
DA:10,4
DA:12,4
DA:13,1
DA:16,3
DA:22,2
DA:23,1
DA:26,1
DA:33,1
DA:34,1
DA:37,0
DA:43,0
DA:49,0
DA:51,1
DA:52,1
LF:20
LH:17
BRDA:12,0,0,1
BRDA:12,1,0,4
BRDA:12,1,1,3
BRDA:22,2,0,1
BRDA:33,3,0,1
BRF:5
BRH:5
end_of_record
TN:
SF:src/app/api/v1/getPublishers/route.ts
FN:9,GET
FN:13,(anonymous_1)
FNF:2
FNH:2
FNDA:2,GET
FNDA:2,(anonymous_1)
DA:2,1
DA:3,1
DA:5,1
DA:6,1
DA:9,1
DA:10,2
DA:11,2
DA:13,2
DA:17,1
DA:24,1
DA:26,1
LF:11
LH:11
BRF:0
BRH:0
end_of_record
TN:
SF:src/app/api/v1/getSheets/route.ts
FN:8,POST
FN:34,(anonymous_1)
FNF:2
FNH:2
FNDA:4,POST
FNDA:2,(anonymous_1)
DA:1,1
DA:2,1
DA:4,1
DA:5,1
DA:8,1
DA:9,4
DA:11,4
DA:12,4
DA:14,4
DA:15,1
DA:18,3
DA:24,2
DA:25,1
DA:28,1
DA:34,2
DA:41,1
DA:48,1
DA:50,1
DA:51,1
LF:19
LH:19
BRDA:14,0,0,1
BRDA:24,1,0,1
BRF:2
BRH:2
end_of_record
TN:
SF:src/app/api/v1/getUpdatesForPublished/route.ts
FN:9,POST
FN:50,(anonymous_1)
FNF:2
FNH:2
FNDA:5,POST
FNDA:2,(anonymous_1)
DA:2,1
DA:3,1
DA:5,1
DA:6,1
DA:9,1
DA:10,5
DA:11,5
DA:13,5
DA:14,1
DA:17,4
DA:23,3
DA:24,1
DA:27,2
DA:34,2
DA:35,1
DA:38,1
DA:50,2
DA:51,1
DA:53,1
DA:60,1
DA:67,1
DA:69,1
DA:70,1
LF:23
LH:23
BRDA:13,0,0,1
BRDA:13,1,0,5
BRDA:13,1,1,5
BRDA:13,1,2,5
BRDA:23,2,0,1
BRDA:34,3,0,1
BRDA:51,4,0,1
BRDA:51,4,1,0
BRF:8
BRH:7
end_of_record
TN:
SF:src/app/api/v1/getUpdatesForSubscription/route.ts
FN:8,POST
FN:50,(anonymous_1)
FNF:2
FNH:2
FNDA:5,POST
FNDA:2,(anonymous_1)
DA:1,1
DA:2,1
DA:4,1
DA:5,1
DA:8,1
DA:9,5
DA:10,5
DA:12,5
DA:13,1
DA:16,4
DA:22,3
DA:23,1
DA:26,2
DA:33,2
DA:34,1
DA:38,1
DA:50,2
DA:51,1
DA:53,1
DA:58,1
DA:65,1
DA:67,1
DA:68,1
LF:23
LH:23
BRDA:12,0,0,1
BRDA:12,1,0,5
BRDA:12,1,1,5
BRDA:12,1,2,5
BRDA:22,2,0,1
BRDA:33,3,0,1
BRDA:51,4,0,1
BRDA:51,4,1,0
BRF:8
BRH:7
end_of_record
TN:
SF:src/app/api/v1/register/route.ts
FN:9,parseBasicAuth
FN:26,GET
FNF:2
FNH:2
FNDA:5,parseBasicAuth
FNDA:5,GET
DA:2,1
DA:3,1
DA:4,1
DA:6,1
DA:7,1
DA:10,5
DA:11,5
DA:12,1
DA:15,4
DA:16,4
DA:17,0
DA:20,4
DA:21,4
DA:22,4
DA:26,1
DA:27,5
DA:28,5
DA:30,5
DA:31,1
DA:34,4
DA:37,4
DA:44,3
DA:45,1
DA:49,2
DA:55,2
DA:56,1
DA:59,1
DA:61,1
LF:28
LH:27
BRDA:11,0,0,1
BRDA:16,1,0,0
BRDA:30,2,0,1
BRDA:44,3,0,1
BRDA:55,4,0,1
BRF:5
BRH:4
end_of_record
TN:
SF:src/app/api/v1/updatePublished/route.ts
FN:8,POST
FNF:1
FNH:1
FNDA:5,POST
DA:1,1
DA:2,1
DA:4,1
DA:5,1
DA:8,1
DA:9,5
DA:10,5
DA:12,5
DA:13,1
DA:16,4
DA:22,3
DA:23,1
DA:26,2
DA:33,2
DA:34,1
DA:37,1
DA:46,1
DA:48,1
LF:18
LH:18
BRDA:12,0,0,1
BRDA:12,1,0,5
BRDA:12,1,1,5
BRDA:12,1,2,5
BRDA:22,2,0,1
BRDA:33,3,0,1
BRF:6
BRH:6
end_of_record
TN:
SF:src/app/api/v1/updateSubscription/route.ts
FN:9,POST
FNF:1
FNH:1
FNDA:5,POST
DA:2,1
DA:3,1
DA:5,1
DA:6,1
DA:9,1
DA:10,5
DA:11,5
DA:13,5
DA:14,1
DA:17,4
DA:23,3
DA:24,1
DA:27,2
DA:34,2
DA:35,1
DA:38,1
DA:45,1
DA:47,1
DA:48,1
LF:19
LH:19
BRDA:13,0,0,1
BRDA:13,1,0,5
BRDA:13,1,1,5
BRDA:13,1,2,5
BRDA:23,2,0,1
BRDA:34,3,0,1
BRF:6
BRH:6
end_of_record
TN:
SF:src/classes/cell.ts
FN:12,(anonymous_0)
FN:26,(anonymous_1)
FN:31,(anonymous_2)
FN:36,(anonymous_3)
FN:42,(anonymous_4)
FN:48,(anonymous_5)
FN:57,(anonymous_6)
FN:66,(anonymous_7)
FNF:8
FNH:8
FNDA:1000465,(anonymous_0)
FNDA:55,(anonymous_1)
FNDA:21,(anonymous_2)
FNDA:8,(anonymous_3)
FNDA:12,(anonymous_4)
FNDA:7,(anonymous_5)
FNDA:7,(anonymous_6)
FNDA:10,(anonymous_7)
DA:2,3
DA:4,3
DA:13,1000465
DA:14,1000465
DA:15,17
DA:16,10
DA:17,10
DA:19,7
DA:20,7
DA:27,55
DA:32,21
DA:37,8
DA:38,8
DA:43,12
DA:44,12
DA:49,7
DA:50,6
DA:52,1
DA:58,7
DA:59,6
DA:61,1
DA:67,10
LF:22
LH:22
BRDA:14,0,0,17
BRDA:15,1,0,10
BRDA:15,1,1,7
BRDA:49,2,0,6
BRDA:49,2,1,1
BRDA:58,3,0,6
BRDA:58,3,1,1
BRDA:67,4,0,10
BRDA:67,4,1,8
BRDA:67,4,2,5
BRF:10
BRH:10
end_of_record
TN:
SF:src/classes/publisher.ts
FN:8,(anonymous_0)
FN:18,(anonymous_1)
FN:22,(anonymous_2)
FN:26,(anonymous_3)
FN:34,(anonymous_4)
FN:45,(anonymous_5)
FNF:6
FNH:6
FNDA:103,(anonymous_0)
FNDA:7,(anonymous_1)
FNDA:103,(anonymous_2)
FNDA:3,(anonymous_3)
FNDA:7,(anonymous_4)
FNDA:2,(anonymous_5)
DA:3,3
DA:4,3
DA:9,103
DA:10,2
DA:11,101
DA:12,101
DA:13,4
DA:15,97
DA:19,7
DA:23,103
DA:27,3
DA:28,1
DA:30,2
DA:35,7
DA:36,4
DA:39,3
DA:46,2
LF:17
LH:17
BRDA:9,0,0,2
BRDA:9,1,0,103
BRDA:9,1,1,103
BRDA:12,2,0,4
BRDA:12,3,0,101
BRDA:12,3,1,99
BRDA:12,3,2,99
BRDA:12,3,3,98
BRDA:27,4,0,1
BRDA:27,4,1,2
BRDA:35,5,0,4
BRDA:35,5,1,3
BRDA:35,6,0,7
BRDA:35,6,1,5
BRDA:35,6,2,5
BRDA:35,6,3,4
BRDA:46,7,0,2
BRDA:46,7,1,1
BRF:18
BRH:18
end_of_record
TN:
SF:src/classes/ref.ts
FN:11,(anonymous_0)
FN:46,(anonymous_1)
FN:50,(anonymous_2)
FN:54,(anonymous_3)
FN:63,(anonymous_4)
FN:77,(anonymous_5)
FN:80,(anonymous_6)
FN:86,(anonymous_7)
FN:89,(anonymous_8)
FNF:9
FNH:9
FNDA:144,(anonymous_0)
FNDA:37,(anonymous_1)
FNDA:4,(anonymous_2)
FNDA:4,(anonymous_3)
FNDA:30,(anonymous_4)
FNDA:5,(anonymous_5)
FNDA:12,(anonymous_6)
FNDA:5,(anonymous_7)
FNDA:9,(anonymous_8)
DA:5,8
DA:12,144
DA:14,93
DA:15,93
DA:16,18
DA:18,75
DA:19,75
DA:20,1
DA:24,74
DA:25,74
DA:27,51
DA:28,12
DA:31,39
DA:32,39
DA:39,13
DA:41,26
DA:47,37
DA:51,4
DA:55,4
DA:56,0
DA:58,4
DA:64,30
DA:65,30
DA:66,30
DA:67,30
DA:69,30
DA:70,39
DA:71,39
DA:73,30
DA:78,5
DA:81,12
DA:82,3
DA:87,5
DA:90,9
DA:91,3
LF:35
LH:34
BRDA:12,0,0,93
BRDA:12,0,1,51
BRDA:15,1,0,18
BRDA:15,2,0,93
BRDA:15,2,1,75
BRDA:19,3,0,1
BRDA:27,4,0,12
BRDA:32,5,0,13
BRDA:32,5,1,26
BRDA:33,6,0,39
BRDA:33,6,1,33
BRDA:33,6,2,31
BRDA:33,6,3,26
BRDA:33,6,4,26
BRDA:55,7,0,0
BRDA:78,8,0,5
BRDA:78,8,1,4
BRDA:81,9,0,3
BRDA:90,10,0,3
BRDA:90,11,0,9
BRDA:90,11,1,3
BRF:21
BRH:20
end_of_record
TN:
SF:src/classes/sheetGraphManager.ts
FN:33,(anonymous_0)
FN:41,(anonymous_1)
FN:49,(anonymous_2)
FN:67,(anonymous_3)
FN:77,(anonymous_4)
FN:81,(anonymous_5)
FN:94,(anonymous_6)
FN:104,(anonymous_7)
FN:113,(anonymous_8)
FN:124,(anonymous_9)
FN:126,(anonymous_10)
FN:130,(anonymous_11)
FN:145,(anonymous_12)
FN:161,(anonymous_13)
FN:172,(anonymous_14)
FN:182,(anonymous_15)
FN:191,(anonymous_16)
FNF:17
FNH:16
FNDA:21,(anonymous_0)
FNDA:25,(anonymous_1)
FNDA:3,(anonymous_2)
FNDA:17,(anonymous_3)
FNDA:1,(anonymous_4)
FNDA:2,(anonymous_5)
FNDA:5,(anonymous_6)
FNDA:2,(anonymous_7)
FNDA:5,(anonymous_8)
FNDA:5,(anonymous_9)
FNDA:3,(anonymous_10)
FNDA:5,(anonymous_11)
FNDA:3,(anonymous_12)
FNDA:3,(anonymous_13)
FNDA:2,(anonymous_14)
FNDA:0,(anonymous_15)
FNDA:2,(anonymous_16)
DA:7,1
DA:34,21
DA:35,21
DA:36,21
DA:37,21
DA:42,25
DA:43,1
DA:45,24
DA:50,3
DA:51,1
DA:54,2
DA:55,2
DA:57,2
DA:58,2
DA:59,2
DA:62,2
DA:68,17
DA:69,1
DA:71,16
DA:72,1
DA:75,15
DA:76,15
DA:77,15
DA:82,2
DA:83,1
DA:86,1
DA:87,1
DA:90,1
DA:95,5
DA:96,4
DA:98,1
DA:105,2
DA:106,1
DA:108,1
DA:114,5
DA:118,5
DA:119,5
DA:125,5
DA:126,5
DA:131,5
DA:132,2
DA:134,3
DA:135,1
DA:137,2
DA:138,2
DA:139,0
DA:141,2
DA:146,3
DA:147,1
DA:149,2
DA:150,2
DA:151,0
DA:153,2
DA:154,2
DA:155,1
DA:157,1
DA:162,3
DA:163,3
DA:164,6
DA:165,4
DA:168,3
DA:173,2
DA:176,1
DA:178,1
DA:179,1
DA:180,1
DA:182,0
DA:192,2
DA:193,1
DA:195,1
DA:196,1
LF:71
LH:68
BRDA:42,0,0,1
BRDA:50,1,0,1
BRDA:55,2,0,2
BRDA:67,3,0,16
BRDA:68,4,0,1
BRDA:71,5,0,1
BRDA:82,6,0,1
BRDA:95,7,0,4
BRDA:95,7,1,1
BRDA:105,8,0,1
BRDA:105,8,1,1
BRDA:114,9,0,4
BRDA:119,10,0,4
BRDA:119,10,1,1
BRDA:126,11,0,4
BRDA:126,11,1,1
BRDA:131,12,0,2
BRDA:134,13,0,1
BRDA:138,14,0,0
BRDA:146,15,0,1
BRDA:150,16,0,0
BRDA:154,17,0,1
BRDA:164,18,0,4
BRDA:173,19,0,1
BRDA:173,20,0,2
BRDA:173,20,1,1
BRDA:180,21,0,0
BRDA:192,22,0,1
BRF:28
BRH:25
end_of_record
TN:
SF:src/classes/sheets.ts
FN:14,parseCellReferences
FN:33,(anonymous_1)
FN:43,(anonymous_2)
FN:44,(anonymous_3)
FN:55,(anonymous_4)
FN:77,(anonymous_5)
FN:82,(anonymous_6)
FN:112,(anonymous_7)
FN:116,(anonymous_8)
FN:120,(anonymous_9)
FN:125,(anonymous_10)
FN:129,(anonymous_11)
FN:139,(anonymous_12)
FN:158,(anonymous_13)
FN:176,(anonymous_14)
FN:195,(anonymous_15)
FN:200,(anonymous_16)
FN:204,(anonymous_17)
FN:224,(anonymous_18)
FN:228,(anonymous_19)
FN:235,(anonymous_20)
FN:241,(anonymous_21)
FN:245,(anonymous_22)
FN:254,(anonymous_23)
FN:271,(anonymous_24)
FN:276,(anonymous_25)
FN:281,(anonymous_26)
FN:286,(anonymous_27)
FN:291,(anonymous_28)
FN:304,(anonymous_29)
FN:308,(anonymous_30)
FN:318,(anonymous_31)
FN:336,(anonymous_32)
FN:341,(anonymous_33)
FN:346,(anonymous_34)
FN:358,(anonymous_35)
FNF:36
FNH:27
FNDA:0,parseCellReferences
FNDA:50,(anonymous_1)
FNDA:1141,(anonymous_2)
FNDA:1000423,(anonymous_3)
FNDA:22,(anonymous_4)
FNDA:2,(anonymous_5)
FNDA:27,(anonymous_6)
FNDA:1,(anonymous_7)
FNDA:2,(anonymous_8)
FNDA:2,(anonymous_9)
FNDA:1,(anonymous_10)
FNDA:1,(anonymous_11)
FNDA:9,(anonymous_12)
FNDA:0,(anonymous_13)
FNDA:0,(anonymous_14)
FNDA:0,(anonymous_15)
FNDA:0,(anonymous_16)
FNDA:0,(anonymous_17)
FNDA:1,(anonymous_18)
FNDA:2,(anonymous_19)
FNDA:1,(anonymous_20)
FNDA:91,(anonymous_21)
FNDA:50,(anonymous_22)
FNDA:1,(anonymous_23)
FNDA:1,(anonymous_24)
FNDA:1,(anonymous_25)
FNDA:1,(anonymous_26)
FNDA:12,(anonymous_27)
FNDA:1,(anonymous_28)
FNDA:1,(anonymous_29)
FNDA:3,(anonymous_30)
FNDA:9,(anonymous_31)
FNDA:6,(anonymous_32)
FNDA:0,(anonymous_33)
FNDA:0,(anonymous_34)
FNDA:0,(anonymous_35)
DA:3,2
DA:4,2
DA:6,2
DA:7,2
DA:8,2
DA:9,2
DA:16,0
DA:17,0
DA:18,0
DA:23,2
DA:29,50
DA:30,50
DA:31,50
DA:40,50
DA:41,2
DA:43,48
DA:44,1000423
DA:46,48
DA:47,1
DA:49,47
DA:50,47
DA:51,47
DA:56,22
DA:57,22
DA:59,22
DA:60,1
DA:63,21
DA:64,21
DA:65,2
DA:68,19
DA:69,19
DA:70,0
DA:73,19
DA:78,2
DA:85,27
DA:86,15
DA:87,12
DA:88,12
DA:90,0
DA:93,27
DA:95,27
DA:96,6
DA:99,21
DA:100,21
DA:101,4
DA:104,17
DA:105,17
DA:106,0
DA:109,17
DA:113,1
DA:117,2
DA:121,2
DA:126,1
DA:130,1
DA:132,1
DA:133,0
DA:135,1
DA:140,9
DA:141,9
DA:142,9
DA:144,9
DA:145,0
DA:150,9
DA:153,0
DA:157,0
DA:158,0
DA:161,0
DA:162,0
DA:163,0
DA:165,0
DA:166,0
DA:170,0
DA:174,9
DA:175,9
DA:176,0
DA:179,0
DA:180,0
DA:182,0
DA:183,0
DA:186,0
DA:189,0
DA:195,9
DA:201,0
DA:202,0
DA:203,0
DA:204,0
DA:205,0
DA:206,0
DA:207,0
DA:208,0
DA:210,0
DA:212,0
DA:214,0
DA:217,0
DA:220,0
DA:225,1
DA:229,2
DA:231,1
DA:236,1
DA:237,1
DA:242,91
DA:246,50
DA:247,4
DA:249,46
DA:255,1
DA:256,1
DA:257,1
DA:258,1
DA:259,1
DA:261,1
DA:262,2
DA:263,4
DA:264,4
DA:267,1
DA:272,1
DA:277,1
DA:282,1
DA:287,12
DA:292,1
DA:293,1
DA:294,3
DA:295,9
DA:296,1
DA:300,1
DA:305,1
DA:306,1
DA:307,1
DA:308,3
DA:309,1
DA:311,1
DA:312,1
DA:314,1
DA:315,3
DA:316,3
DA:317,3
DA:318,3
DA:319,9
DA:320,9
DA:321,6
DA:322,3
DA:323,0
DA:325,3
DA:329,3
DA:332,1
DA:337,6
DA:342,0
DA:347,0
DA:349,0
DA:351,0
DA:353,0
DA:359,0
DA:360,0
DA:361,0
DA:363,0
DA:365,0
DA:368,0
DA:369,0
DA:370,0
LF:158
LH:107
BRDA:18,0,0,0
BRDA:18,0,1,0
BRDA:40,1,0,2
BRDA:40,2,0,50
BRDA:40,2,1,49
BRDA:46,3,0,1
BRDA:59,4,0,1
BRDA:59,5,0,22
BRDA:59,5,1,22
BRDA:64,6,0,2
BRDA:64,7,0,21
BRDA:64,7,1,21
BRDA:64,7,2,21
BRDA:69,8,0,0
BRDA:85,9,0,15
BRDA:85,9,1,12
BRDA:87,10,0,12
BRDA:87,10,1,0
BRDA:95,11,0,6
BRDA:95,12,0,27
BRDA:95,12,1,26
BRDA:100,13,0,4
BRDA:100,14,0,21
BRDA:100,14,1,21
BRDA:100,14,2,19
BRDA:105,15,0,0
BRDA:132,16,0,0
BRDA:132,16,1,1
BRDA:140,17,0,9
BRDA:140,18,0,9
BRDA:140,18,1,9
BRDA:144,19,0,0
BRDA:150,20,0,0
BRDA:162,21,0,0
BRDA:165,22,0,0
BRDA:175,23,0,0
BRDA:182,24,0,0
BRDA:186,25,0,0
BRDA:203,26,0,0
BRDA:207,27,0,0
BRDA:210,28,0,0
BRDA:210,29,0,0
BRDA:210,29,1,0
BRDA:210,29,2,0
BRDA:225,30,0,1
BRDA:225,30,1,0
BRDA:229,31,0,1
BRDA:229,31,1,1
BRDA:236,32,0,1
BRDA:246,33,0,4
BRDA:246,33,1,46
BRDA:246,34,0,50
BRDA:246,34,1,48
BRDA:246,34,2,48
BRDA:246,34,3,47
BRDA:295,35,0,1
BRDA:307,36,0,1
BRDA:307,36,1,0
BRDA:317,37,0,3
BRDA:320,38,0,6
BRDA:320,38,1,3
BRDA:322,39,0,0
BRDA:322,39,1,3
BRDA:322,40,0,3
BRDA:322,40,1,0
BRDA:349,41,0,0
BRDA:349,41,1,0
BRDA:361,42,0,0
BRDA:361,42,1,0
BRF:69
BRH:42
end_of_record
TN:
SF:src/utils/columnToNumber.ts
FN:5,columnToNumber
FNF:1
FNH:1
FNDA:20,columnToNumber
DA:5,3
DA:6,20
DA:7,20
DA:8,20
DA:9,30
DA:10,30
DA:12,20
LF:7
LH:7
BRF:0
BRH:0
end_of_record
TN:
SF:src/utils/formula.ts
FN:19,(anonymous_0)
FN:20,(anonymous_1)
FN:21,(anonymous_2)
FN:23,(anonymous_3)
FN:38,(anonymous_4)
FN:44,(anonymous_5)
FN:49,(anonymous_6)
FN:52,(anonymous_7)
FN:73,(anonymous_8)
FN:79,(anonymous_9)
FN:86,(anonymous_10)
FN:90,(anonymous_11)
FN:90,(anonymous_12)
FN:92,(anonymous_13)
FN:94,(anonymous_14)
FN:97,(anonymous_15)
FN:100,(anonymous_16)
FN:101,(anonymous_17)
FN:117,(anonymous_18)
FNF:19
FNH:19
FNDA:99,(anonymous_0)
FNDA:72,(anonymous_1)
FNDA:159,(anonymous_2)
FNDA:81,(anonymous_3)
FNDA:20,(anonymous_4)
FNDA:20,(anonymous_5)
FNDA:20,(anonymous_6)
FNDA:78,(anonymous_7)
FNDA:78,(anonymous_8)
FNDA:58,(anonymous_9)
FNDA:21,(anonymous_10)
FNDA:7,(anonymous_11)
FNDA:7,(anonymous_12)
FNDA:7,(anonymous_13)
FNDA:8,(anonymous_14)
FNDA:8,(anonymous_15)
FNDA:6,(anonymous_16)
FNDA:6,(anonymous_17)
FNDA:24,(anonymous_18)
DA:19,99
DA:20,72
DA:21,159
DA:23,3
DA:24,81
DA:25,31
DA:26,31
DA:27,30
DA:29,50
DA:30,36
DA:31,20
DA:32,20
DA:33,20
DA:35,0
DA:38,3
DA:39,20
DA:40,20
DA:41,20
DA:44,3
DA:45,20
DA:46,20
DA:49,3
DA:50,20
DA:52,20
DA:53,78
DA:54,57
DA:56,21
DA:57,21
DA:58,21
DA:59,21
DA:60,58
DA:61,58
DA:63,21
DA:64,21
DA:65,21
DA:67,0
DA:70,20
DA:73,3
DA:74,78
DA:76,57
DA:78,21
DA:79,58
DA:80,21
DA:82,0
DA:86,3
DA:87,21
DA:90,7
DA:92,7
DA:94,8
DA:95,2
DA:97,8
DA:98,2
DA:100,6
DA:101,6
DA:103,7
DA:104,6
DA:105,6
DA:106,6
DA:107,6
DA:108,6
DA:109,5
DA:111,2
DA:113,0
DA:117,3
DA:118,24
DA:121,3
LF:66
LH:62
BRDA:20,0,0,72
BRDA:20,0,1,31
BRDA:24,1,0,31
BRDA:26,2,0,1
BRDA:29,3,0,14
BRDA:30,4,0,16
BRDA:31,5,0,20
BRDA:46,6,0,20
BRDA:46,6,1,0
BRDA:53,7,0,57
BRDA:53,8,0,78
BRDA:53,8,1,49
BRDA:53,8,2,36
BRDA:53,9,0,78
BRDA:53,9,1,0
BRDA:53,10,0,49
BRDA:53,10,1,0
BRDA:53,11,0,36
BRDA:53,11,1,0
BRDA:54,12,0,57
BRDA:54,12,1,0
BRDA:56,13,0,21
BRDA:56,14,0,21
BRDA:56,14,1,0
BRDA:57,15,0,21
BRDA:57,15,1,0
BRDA:59,16,0,79
BRDA:59,16,1,58
BRDA:61,17,0,37
BRDA:63,18,0,0
BRDA:74,19,0,57
BRDA:74,19,1,21
BRDA:74,19,2,0
BRDA:87,20,0,3
BRDA:87,20,1,3
BRDA:87,20,2,2
BRDA:87,20,3,2
BRDA:87,20,4,2
BRDA:87,20,5,7
BRDA:87,20,6,2
BRDA:87,20,7,0
BRDA:92,21,0,7
BRDA:92,21,1,0
BRDA:94,22,0,0
BRDA:97,23,0,0
BRDA:100,24,0,0
BRDA:103,25,0,1
BRDA:105,26,0,6
BRDA:105,26,1,0
BRDA:106,27,0,6
BRDA:106,27,1,0
BRDA:107,28,0,0
BRDA:107,29,0,6
BRDA:107,29,1,6
BRDA:108,30,0,1
BRDA:109,31,0,4
BRDA:109,31,1,1
BRDA:111,32,0,2
BRDA:111,32,1,0
BRF:59
BRH:41
end_of_record
TN:
SF:src/utils/hasSpecialChar.ts
FN:4,hasSpecialChar
FNF:1
FNH:1
FNDA:109,hasSpecialChar
DA:4,4
DA:6,109
LF:2
LH:2
BRF:0
BRH:0
end_of_record
TN:
SF:src/utils/multipleCellUpdate.ts
FN:6,multipleCellUpdate
FN:8,(anonymous_1)
FNF:2
FNH:2
FNDA:2,multipleCellUpdate
FNDA:6,(anonymous_1)
DA:3,2
DA:6,2
DA:7,2
DA:8,6
DA:9,2
LF:5
LH:5
BRF:0
BRH:0
end_of_record
TN:
SF:src/utils/numberToColumnLabel.ts
FN:4,numberToColumnLabel
FNF:1
FNH:1
FNDA:15,numberToColumnLabel
DA:4,3
DA:5,15
DA:6,15
DA:7,23
DA:8,23
DA:9,23
DA:11,15
LF:7
LH:7
BRF:0
BRH:0
end_of_record
TN:
SF:src/utils/parseRef.ts
FN:5,parseRef
FNF:1
FNH:1
FNDA:13,parseRef
DA:1,4
DA:5,4
DA:6,13
DA:7,13
DA:8,13
DA:9,4
DA:12,9
DA:13,9
DA:15,9
DA:17,9
DA:20,4
LF:11
LH:11
BRDA:8,0,0,4
BRDA:8,1,0,13
BRDA:8,1,1,9
BRDA:8,1,2,9
BRF:4
BRH:4
end_of_record
TN:
SF:src/utils/parseTerm.ts
FN:5,parseTerm
FNF:1
FNH:1
FNDA:17,parseTerm
DA:5,4
DA:6,17
DA:9,17
DA:10,10
DA:14,7
DA:16,2
DA:17,2
DA:21,5
DA:22,2
DA:25,3
LF:10
LH:10
BRDA:9,0,0,10
BRDA:14,1,0,2
BRDA:21,2,0,2
BRF:3
BRH:3
end_of_record
TN:
SF:src/utils/singleCellUpdate.ts
FN:8,parseSingleCellUpdate
FNF:1
FNH:1
FNDA:13,parseSingleCellUpdate
DA:3,3
DA:4,3
DA:8,3
DA:9,13
DA:10,13
DA:11,13
DA:12,2
DA:14,11
DA:16,11
DA:17,10
LF:10
LH:10
BRDA:11,0,0,2
BRDA:11,1,0,13
BRDA:11,1,1,13
BRDA:14,2,0,11
BRDA:14,2,1,0
BRF:5
BRH:4
end_of_record
