TN:
SF:src\app\api\v1\checkUser\route.ts
FN:9,parseBasicAuth
FN:27,GET
FNF:2
FNH:2
FNDA:5,parseBasicAuth
FNDA:5,GET
DA:2,1
DA:3,1
DA:5,1
DA:6,1
DA:10,5
DA:11,5
DA:12,1
DA:15,4
DA:16,4
DA:17,0
DA:20,4
DA:23,4
DA:24,4
DA:27,1
DA:28,5
DA:29,5
DA:30,5
DA:31,1
DA:42,4
DA:45,4
DA:49,3
DA:50,1
DA:57,2
DA:58,1
DA:64,1
DA:69,1
LF:26
LH:25
BRDA:11,0,0,1
BRDA:16,1,0,0
BRDA:30,2,0,1
BRDA:49,3,0,1
BRDA:57,4,0,1
BRF:5
BRH:4
end_of_record
TN:
SF:src\app\api\v1\createSheet\route.ts
FN:9,POST
FNF:1
FNH:1
FNDA:4,POST
DA:2,1
DA:3,1
DA:5,1
DA:6,1
DA:9,1
DA:10,4
DA:11,4
DA:12,4
DA:14,4
DA:15,1
DA:18,3
DA:24,2
DA:25,1
DA:28,1
DA:36,1
DA:38,1
LF:16
LH:16
BRDA:14,0,0,1
BRDA:14,1,0,4
BRDA:14,1,1,3
BRDA:24,2,0,1
BRF:4
BRH:4
end_of_record
TN:
SF:src\app\api\v1\createUser\route.ts
FN:10,POST
FNF:1
FNH:1
FNDA:1,POST
DA:3,1
DA:4,1
DA:6,1
DA:7,1
DA:10,1
DA:11,1
DA:12,1
DA:19,1
DA:25,1
DA:32,1
LF:10
LH:10
BRF:0
BRH:0
end_of_record
TN:
SF:src\app\api\v1\deleteSheet\route.ts
FN:10,POST
FNF:1
FNH:1
FNDA:4,POST
DA:3,1
DA:4,1
DA:6,1
DA:7,1
DA:10,1
DA:11,4
DA:12,4
DA:14,4
DA:15,1
DA:18,3
DA:24,2
DA:25,1
DA:28,1
DA:35,1
DA:36,1
DA:39,0
DA:45,0
DA:51,0
DA:53,1
DA:54,1
LF:20
LH:17
BRDA:14,0,0,1
BRDA:14,1,0,4
BRDA:14,1,1,3
BRDA:24,2,0,1
BRDA:35,3,0,1
BRF:5
BRH:5
end_of_record
TN:
SF:src\app\api\v1\getPublishers\route.ts
FN:9,GET
FN:13,(anonymous_1)
FNF:2
FNH:2
FNDA:2,GET
FNDA:2,(anonymous_1)
DA:2,1
DA:3,1
DA:5,1
DA:6,1
DA:9,1
DA:10,2
DA:11,2
DA:13,2
DA:17,1
DA:24,1
DA:26,1
LF:11
LH:11
BRF:0
BRH:0
end_of_record
TN:
SF:src\app\api\v1\getSheets\route.ts
FN:9,POST
FN:35,(anonymous_1)
FNF:2
FNH:2
FNDA:4,POST
FNDA:2,(anonymous_1)
DA:2,1
DA:3,1
DA:5,1
DA:6,1
DA:9,1
DA:10,4
DA:12,4
DA:13,4
DA:15,4
DA:16,1
DA:19,3
DA:25,2
DA:26,1
DA:29,1
DA:35,2
DA:42,1
DA:49,1
DA:51,1
DA:52,1
LF:19
LH:19
BRDA:15,0,0,1
BRDA:25,1,0,1
BRF:2
BRH:2
end_of_record
TN:
SF:src\app\api\v1\getUpdatesForPublished\route.ts
FN:10,POST
FN:51,(anonymous_1)
FNF:2
FNH:2
FNDA:5,POST
FNDA:2,(anonymous_1)
DA:3,1
DA:4,1
DA:6,1
DA:7,1
DA:10,1
DA:11,5
DA:12,5
DA:14,5
DA:15,1
DA:18,4
DA:24,3
DA:25,1
DA:28,2
DA:35,2
DA:36,1
DA:39,1
DA:51,2
DA:52,1
DA:54,1
DA:61,1
DA:68,1
DA:70,1
DA:71,1
LF:23
LH:23
BRDA:14,0,0,1
BRDA:14,1,0,5
BRDA:14,1,1,5
BRDA:14,1,2,5
BRDA:24,2,0,1
BRDA:35,3,0,1
BRDA:52,4,0,1
BRDA:52,4,1,0
BRF:8
BRH:7
end_of_record
TN:
SF:src\app\api\v1\getUpdatesForSubscription\route.ts
FN:8,POST
FN:50,(anonymous_1)
FNF:2
FNH:2
FNDA:5,POST
FNDA:2,(anonymous_1)
DA:1,1
DA:2,1
DA:4,1
DA:5,1
DA:8,1
DA:9,5
DA:10,5
DA:12,5
DA:13,1
DA:16,4
DA:22,3
DA:23,1
DA:26,2
DA:33,2
DA:34,1
DA:38,1
DA:50,2
DA:51,1
DA:53,1
DA:58,1
DA:65,1
DA:67,1
DA:68,1
LF:23
LH:23
BRDA:12,0,0,1
BRDA:12,1,0,5
BRDA:12,1,1,5
BRDA:12,1,2,5
BRDA:22,2,0,1
BRDA:33,3,0,1
BRDA:51,4,0,1
BRDA:51,4,1,0
BRF:8
BRH:7
end_of_record
TN:
SF:src\app\api\v1\register\route.ts
FN:9,parseBasicAuth
FN:26,GET
FNF:2
FNH:2
FNDA:5,parseBasicAuth
FNDA:5,GET
DA:2,1
DA:3,1
DA:4,1
DA:6,1
DA:7,1
DA:10,5
DA:11,5
DA:12,1
DA:15,4
DA:16,4
DA:17,0
DA:20,4
DA:21,4
DA:22,4
DA:26,1
DA:27,5
DA:28,5
DA:30,5
DA:31,1
DA:34,4
DA:37,4
DA:44,3
DA:45,1
DA:49,2
DA:55,2
DA:56,1
DA:59,1
DA:61,1
LF:28
LH:27
BRDA:11,0,0,1
BRDA:16,1,0,0
BRDA:30,2,0,1
BRDA:44,3,0,1
BRDA:55,4,0,1
BRF:5
BRH:4
end_of_record
TN:
SF:src\app\api\v1\updatePublished\route.ts
FN:9,POST
FNF:1
FNH:1
FNDA:5,POST
DA:2,1
DA:3,1
DA:5,1
DA:6,1
DA:9,1
DA:10,5
DA:11,5
DA:13,5
DA:14,1
DA:17,4
DA:23,3
DA:24,1
DA:27,2
DA:34,2
DA:35,1
DA:38,1
DA:47,1
DA:49,1
LF:18
LH:18
BRDA:13,0,0,1
BRDA:13,1,0,5
BRDA:13,1,1,5
BRDA:13,1,2,5
BRDA:23,2,0,1
BRDA:34,3,0,1
BRF:6
BRH:6
end_of_record
TN:
SF:src\app\api\v1\updateSubscription\route.ts
FN:9,POST
FNF:1
FNH:1
FNDA:5,POST
DA:2,1
DA:3,1
DA:5,1
DA:6,1
DA:9,1
DA:10,5
DA:11,5
DA:13,5
DA:14,1
DA:17,4
DA:23,3
DA:24,1
DA:27,2
DA:34,2
DA:35,1
DA:38,1
DA:45,1
DA:47,1
DA:48,1
LF:19
LH:19
BRDA:13,0,0,1
BRDA:13,1,0,5
BRDA:13,1,1,5
BRDA:13,1,2,5
BRDA:23,2,0,1
BRDA:34,3,0,1
BRF:6
BRH:6
end_of_record
TN:
SF:src\classes\cell.ts
FN:13,(anonymous_0)
FN:27,(anonymous_1)
FN:34,(anonymous_2)
FN:39,(anonymous_3)
FN:45,(anonymous_4)
FN:51,(anonymous_5)
FN:60,(anonymous_6)
FN:69,(anonymous_7)
FNF:8
FNH:8
FNDA:1000465,(anonymous_0)
FNDA:55,(anonymous_1)
FNDA:21,(anonymous_2)
FNDA:8,(anonymous_3)
FNDA:12,(anonymous_4)
FNDA:7,(anonymous_5)
FNDA:7,(anonymous_6)
FNDA:10,(anonymous_7)
DA:3,3
DA:5,3
DA:14,1000465
DA:15,1000465
DA:16,17
DA:17,10
DA:18,10
DA:20,7
DA:21,7
DA:30,55
DA:35,21
DA:40,8
DA:41,8
DA:46,12
DA:47,12
DA:52,7
DA:53,6
DA:55,1
DA:61,7
DA:62,6
DA:64,1
DA:70,10
LF:22
LH:22
BRDA:15,0,0,17
BRDA:16,1,0,10
BRDA:16,1,1,7
BRDA:52,2,0,6
BRDA:52,2,1,1
BRDA:61,3,0,6
BRDA:61,3,1,1
BRDA:70,4,0,10
BRDA:70,4,1,8
BRDA:70,4,2,5
BRF:10
BRH:10
end_of_record
TN:
SF:src\classes\publisher.ts
FN:8,(anonymous_0)
FN:18,(anonymous_1)
FN:22,(anonymous_2)
FN:26,(anonymous_3)
FN:34,(anonymous_4)
FN:45,(anonymous_5)
FNF:6
FNH:6
FNDA:103,(anonymous_0)
FNDA:7,(anonymous_1)
FNDA:103,(anonymous_2)
FNDA:3,(anonymous_3)
FNDA:7,(anonymous_4)
FNDA:2,(anonymous_5)
DA:3,3
DA:4,3
DA:9,103
DA:10,2
DA:11,101
DA:12,101
DA:13,4
DA:15,97
DA:19,7
DA:23,103
DA:27,3
DA:28,1
DA:30,2
DA:35,7
DA:36,4
DA:39,3
DA:46,2
LF:17
LH:17
BRDA:9,0,0,2
BRDA:9,1,0,103
BRDA:9,1,1,103
BRDA:12,2,0,4
BRDA:12,3,0,101
BRDA:12,3,1,99
BRDA:12,3,2,99
BRDA:12,3,3,98
BRDA:27,4,0,1
BRDA:27,4,1,2
BRDA:35,5,0,4
BRDA:35,5,1,3
BRDA:35,6,0,7
BRDA:35,6,1,5
BRDA:35,6,2,5
BRDA:35,6,3,4
BRDA:46,7,0,2
BRDA:46,7,1,1
BRF:18
BRH:18
end_of_record
TN:
SF:src\classes\ref.ts
FN:11,(anonymous_0)
FN:46,(anonymous_1)
FN:50,(anonymous_2)
FN:54,(anonymous_3)
FN:63,(anonymous_4)
FN:77,(anonymous_5)
FN:80,(anonymous_6)
FN:86,(anonymous_7)
FN:89,(anonymous_8)
FNF:9
FNH:9
FNDA:144,(anonymous_0)
FNDA:37,(anonymous_1)
FNDA:4,(anonymous_2)
FNDA:4,(anonymous_3)
FNDA:30,(anonymous_4)
FNDA:5,(anonymous_5)
FNDA:12,(anonymous_6)
FNDA:5,(anonymous_7)
FNDA:9,(anonymous_8)
DA:5,8
DA:12,144
DA:14,93
DA:15,93
DA:16,18
DA:18,75
DA:19,75
DA:20,1
DA:24,74
DA:25,74
DA:27,51
DA:28,12
DA:31,39
DA:32,39
DA:39,13
DA:41,26
DA:47,37
DA:51,4
DA:55,4
DA:56,0
DA:58,4
DA:64,30
DA:65,30
DA:66,30
DA:67,30
DA:69,30
DA:70,39
DA:71,39
DA:73,30
DA:78,5
DA:81,12
DA:82,3
DA:87,5
DA:90,9
DA:91,3
LF:35
LH:34
BRDA:12,0,0,93
BRDA:12,0,1,51
BRDA:15,1,0,18
BRDA:15,2,0,93
BRDA:15,2,1,75
BRDA:19,3,0,1
BRDA:27,4,0,12
BRDA:32,5,0,13
BRDA:32,5,1,26
BRDA:33,6,0,39
BRDA:33,6,1,33
BRDA:33,6,2,31
BRDA:33,6,3,26
BRDA:33,6,4,26
BRDA:55,7,0,0
BRDA:78,8,0,5
BRDA:78,8,1,4
BRDA:81,9,0,3
BRDA:90,10,0,3
BRDA:90,11,0,9
BRDA:90,11,1,3
BRF:21
BRH:20
end_of_record
TN:
SF:src\classes\sheetGraphManager.ts
FN:33,(anonymous_0)
FN:41,(anonymous_1)
FN:49,(anonymous_2)
FN:67,(anonymous_3)
FN:77,(anonymous_4)
FN:81,(anonymous_5)
FN:94,(anonymous_6)
FN:104,(anonymous_7)
FN:113,(anonymous_8)
FN:124,(anonymous_9)
FN:126,(anonymous_10)
FN:130,(anonymous_11)
FN:145,(anonymous_12)
FN:161,(anonymous_13)
FN:172,(anonymous_14)
FN:182,(anonymous_15)
FN:191,(anonymous_16)
FNF:17
FNH:16
FNDA:21,(anonymous_0)
FNDA:25,(anonymous_1)
FNDA:3,(anonymous_2)
FNDA:17,(anonymous_3)
FNDA:1,(anonymous_4)
FNDA:2,(anonymous_5)
FNDA:5,(anonymous_6)
FNDA:2,(anonymous_7)
FNDA:5,(anonymous_8)
FNDA:5,(anonymous_9)
FNDA:3,(anonymous_10)
FNDA:5,(anonymous_11)
FNDA:3,(anonymous_12)
FNDA:3,(anonymous_13)
FNDA:2,(anonymous_14)
FNDA:0,(anonymous_15)
FNDA:2,(anonymous_16)
DA:7,1
DA:34,21
DA:35,21
DA:36,21
DA:37,21
DA:42,25
DA:43,1
DA:45,24
DA:50,3
DA:51,1
DA:54,2
DA:55,2
DA:57,2
DA:58,2
DA:59,2
DA:62,2
DA:68,17
DA:69,1
DA:71,16
DA:72,1
DA:75,15
DA:76,15
DA:77,15
DA:82,2
DA:83,1
DA:86,1
DA:87,1
DA:90,1
DA:95,5
DA:96,4
DA:98,1
DA:105,2
DA:106,1
DA:108,1
DA:114,5
DA:118,5
DA:119,5
DA:125,5
DA:126,5
DA:131,5
DA:132,2
DA:134,3
DA:135,1
DA:137,2
DA:138,2
DA:139,0
DA:141,2
DA:146,3
DA:147,1
DA:149,2
DA:150,2
DA:151,0
DA:153,2
DA:154,2
DA:155,1
DA:157,1
DA:162,3
DA:163,3
DA:164,6
DA:165,4
DA:168,3
DA:173,2
DA:176,1
DA:178,1
DA:179,1
DA:180,1
DA:182,0
DA:192,2
DA:193,1
DA:195,1
DA:196,1
LF:71
LH:68
BRDA:42,0,0,1
BRDA:50,1,0,1
BRDA:55,2,0,2
BRDA:67,3,0,16
BRDA:68,4,0,1
BRDA:71,5,0,1
BRDA:82,6,0,1
BRDA:95,7,0,4
BRDA:95,7,1,1
BRDA:105,8,0,1
BRDA:105,8,1,1
BRDA:114,9,0,4
BRDA:119,10,0,4
BRDA:119,10,1,1
BRDA:126,11,0,4
BRDA:126,11,1,1
BRDA:131,12,0,2
BRDA:134,13,0,1
BRDA:138,14,0,0
BRDA:146,15,0,1
BRDA:150,16,0,0
BRDA:154,17,0,1
BRDA:164,18,0,4
BRDA:173,19,0,1
BRDA:173,20,0,2
BRDA:173,20,1,1
BRDA:180,21,0,0
BRDA:192,22,0,1
BRF:28
BRH:25
end_of_record
TN:
SF:src\classes\sheets.ts
FN:19,parseCellReferences
FN:38,(anonymous_1)
FN:48,(anonymous_2)
FN:49,(anonymous_3)
FN:60,(anonymous_4)
FN:82,(anonymous_5)
FN:87,(anonymous_6)
FN:117,(anonymous_7)
FN:121,(anonymous_8)
FN:125,(anonymous_9)
FN:130,(anonymous_10)
FN:134,(anonymous_11)
FN:144,(anonymous_12)
FN:163,(anonymous_13)
FN:181,(anonymous_14)
FN:200,(anonymous_15)
FN:205,(anonymous_16)
FN:209,(anonymous_17)
FN:228,(anonymous_18)
FN:232,(anonymous_19)
FN:239,(anonymous_20)
FN:245,(anonymous_21)
FN:249,(anonymous_22)
FN:258,(anonymous_23)
FN:275,(anonymous_24)
FN:280,(anonymous_25)
FN:285,(anonymous_26)
FN:290,(anonymous_27)
FN:295,(anonymous_28)
FN:308,(anonymous_29)
FN:312,(anonymous_30)
FN:322,(anonymous_31)
FN:341,(anonymous_32)
FN:346,(anonymous_33)
FN:351,(anonymous_34)
FN:363,(anonymous_35)
FNF:36
FNH:27
FNDA:0,parseCellReferences
FNDA:50,(anonymous_1)
FNDA:1141,(anonymous_2)
FNDA:1000423,(anonymous_3)
FNDA:22,(anonymous_4)
FNDA:2,(anonymous_5)
FNDA:27,(anonymous_6)
FNDA:1,(anonymous_7)
FNDA:2,(anonymous_8)
FNDA:2,(anonymous_9)
FNDA:1,(anonymous_10)
FNDA:1,(anonymous_11)
FNDA:9,(anonymous_12)
FNDA:0,(anonymous_13)
FNDA:0,(anonymous_14)
FNDA:0,(anonymous_15)
FNDA:0,(anonymous_16)
FNDA:0,(anonymous_17)
FNDA:1,(anonymous_18)
FNDA:2,(anonymous_19)
FNDA:1,(anonymous_20)
FNDA:91,(anonymous_21)
FNDA:50,(anonymous_22)
FNDA:1,(anonymous_23)
FNDA:1,(anonymous_24)
FNDA:1,(anonymous_25)
FNDA:1,(anonymous_26)
FNDA:12,(anonymous_27)
FNDA:1,(anonymous_28)
FNDA:1,(anonymous_29)
FNDA:3,(anonymous_30)
FNDA:9,(anonymous_31)
FNDA:6,(anonymous_32)
FNDA:0,(anonymous_33)
FNDA:0,(anonymous_34)
FNDA:0,(anonymous_35)
DA:8,2
DA:9,2
DA:11,2
DA:12,2
DA:13,2
DA:14,2
DA:21,0
DA:22,0
DA:23,0
DA:28,2
DA:34,50
DA:35,50
DA:36,50
DA:45,50
DA:46,2
DA:48,48
DA:49,1000423
DA:51,48
DA:52,1
DA:54,47
DA:55,47
DA:56,47
DA:61,22
DA:62,22
DA:64,22
DA:65,1
DA:68,21
DA:69,21
DA:70,2
DA:73,19
DA:74,19
DA:75,0
DA:78,19
DA:83,2
DA:90,27
DA:91,15
DA:92,12
DA:93,12
DA:95,0
DA:98,27
DA:100,27
DA:101,6
DA:104,21
DA:105,21
DA:106,4
DA:109,17
DA:110,17
DA:111,0
DA:114,17
DA:118,1
DA:122,2
DA:126,2
DA:131,1
DA:135,1
DA:137,1
DA:138,0
DA:140,1
DA:145,9
DA:146,9
DA:147,9
DA:149,9
DA:150,0
DA:155,9
DA:158,0
DA:162,0
DA:163,0
DA:166,0
DA:167,0
DA:168,0
DA:170,0
DA:171,0
DA:175,0
DA:179,9
DA:180,9
DA:181,0
DA:184,0
DA:185,0
DA:187,0
DA:188,0
DA:191,0
DA:194,0
DA:200,9
DA:206,0
DA:207,0
DA:208,0
DA:209,0
DA:210,0
DA:211,0
DA:212,0
DA:213,0
DA:215,0
DA:216,0
DA:218,0
DA:221,0
DA:224,0
DA:229,1
DA:233,2
DA:235,1
DA:240,1
DA:241,1
DA:246,91
DA:250,50
DA:251,4
DA:253,46
DA:259,1
DA:260,1
DA:261,1
DA:262,1
DA:263,1
DA:265,1
DA:266,2
DA:267,4
DA:268,4
DA:271,1
DA:276,1
DA:281,1
DA:286,1
DA:291,12
DA:296,1
DA:297,1
DA:298,3
DA:299,9
DA:300,1
DA:304,1
DA:309,1
DA:310,1
DA:311,1
DA:312,3
DA:313,1
DA:315,1
DA:316,1
DA:318,1
DA:319,3
DA:320,3
DA:321,3
DA:322,3
DA:323,9
DA:324,9
DA:325,6
DA:326,3
DA:327,0
DA:329,3
DA:333,3
DA:337,1
DA:342,6
DA:347,0
DA:352,0
DA:354,0
DA:356,0
DA:358,0
DA:364,0
DA:365,0
DA:366,0
DA:368,0
DA:370,0
DA:373,0
DA:374,0
DA:375,0
LF:158
LH:107
BRDA:23,0,0,0
BRDA:23,0,1,0
BRDA:45,1,0,2
BRDA:45,2,0,50
BRDA:45,2,1,49
BRDA:51,3,0,1
BRDA:64,4,0,1
BRDA:64,5,0,22
BRDA:64,5,1,22
BRDA:69,6,0,2
BRDA:69,7,0,21
BRDA:69,7,1,21
BRDA:69,7,2,21
BRDA:74,8,0,0
BRDA:90,9,0,15
BRDA:90,9,1,12
BRDA:92,10,0,12
BRDA:92,10,1,0
BRDA:100,11,0,6
BRDA:100,12,0,27
BRDA:100,12,1,26
BRDA:105,13,0,4
BRDA:105,14,0,21
BRDA:105,14,1,21
BRDA:105,14,2,19
BRDA:110,15,0,0
BRDA:137,16,0,0
BRDA:137,16,1,1
BRDA:145,17,0,9
BRDA:145,18,0,9
BRDA:145,18,1,9
BRDA:149,19,0,0
BRDA:155,20,0,0
BRDA:167,21,0,0
BRDA:170,22,0,0
BRDA:180,23,0,0
BRDA:187,24,0,0
BRDA:191,25,0,0
BRDA:208,26,0,0
BRDA:212,27,0,0
BRDA:215,28,0,0
BRDA:215,29,0,0
BRDA:215,29,1,0
BRDA:215,29,2,0
BRDA:229,30,0,1
BRDA:229,30,1,0
BRDA:233,31,0,1
BRDA:233,31,1,1
BRDA:240,32,0,1
BRDA:250,33,0,4
BRDA:250,33,1,46
BRDA:250,34,0,50
BRDA:250,34,1,48
BRDA:250,34,2,48
BRDA:250,34,3,47
BRDA:299,35,0,1
BRDA:311,36,0,1
BRDA:311,36,1,0
BRDA:321,37,0,3
BRDA:324,38,0,6
BRDA:324,38,1,3
BRDA:326,39,0,0
BRDA:326,39,1,3
BRDA:326,40,0,3
BRDA:326,40,1,0
BRDA:354,41,0,0
BRDA:354,41,1,0
BRDA:366,42,0,0
BRDA:366,42,1,0
BRF:69
BRH:42
end_of_record
TN:
SF:src\utils\columnToNumber.ts
FN:5,columnToNumber
FNF:1
FNH:1
FNDA:20,columnToNumber
DA:5,3
DA:6,20
DA:7,20
DA:8,20
DA:9,30
DA:10,30
DA:12,20
LF:7
LH:7
BRF:0
BRH:0
end_of_record
TN:
SF:src\utils\formula.ts
FN:21,(anonymous_0)
FN:22,(anonymous_1)
FN:23,(anonymous_2)
FN:25,(anonymous_3)
FN:40,(anonymous_4)
FN:46,(anonymous_5)
FN:51,(anonymous_6)
FN:54,(anonymous_7)
FN:75,(anonymous_8)
FN:81,(anonymous_9)
FN:88,(anonymous_10)
FN:92,(anonymous_11)
FN:92,(anonymous_12)
FN:94,(anonymous_13)
FN:96,(anonymous_14)
FN:99,(anonymous_15)
FN:102,(anonymous_16)
FN:103,(anonymous_17)
FN:119,(anonymous_18)
FNF:19
FNH:19
FNDA:99,(anonymous_0)
FNDA:72,(anonymous_1)
FNDA:159,(anonymous_2)
FNDA:81,(anonymous_3)
FNDA:20,(anonymous_4)
FNDA:20,(anonymous_5)
FNDA:20,(anonymous_6)
FNDA:78,(anonymous_7)
FNDA:78,(anonymous_8)
FNDA:58,(anonymous_9)
FNDA:21,(anonymous_10)
FNDA:7,(anonymous_11)
FNDA:7,(anonymous_12)
FNDA:7,(anonymous_13)
FNDA:8,(anonymous_14)
FNDA:8,(anonymous_15)
FNDA:6,(anonymous_16)
FNDA:6,(anonymous_17)
FNDA:24,(anonymous_18)
DA:21,99
DA:22,72
DA:23,159
DA:25,3
DA:26,81
DA:27,31
DA:28,31
DA:29,30
DA:31,50
DA:32,36
DA:33,20
DA:34,20
DA:35,20
DA:37,0
DA:40,3
DA:41,20
DA:42,20
DA:43,20
DA:46,3
DA:47,20
DA:48,20
DA:51,3
DA:52,20
DA:54,20
DA:55,78
DA:56,57
DA:58,21
DA:59,21
DA:60,21
DA:61,21
DA:62,58
DA:63,58
DA:65,21
DA:66,21
DA:67,21
DA:69,0
DA:72,20
DA:75,3
DA:76,78
DA:78,57
DA:80,21
DA:81,58
DA:82,21
DA:84,0
DA:88,3
DA:89,21
DA:92,7
DA:94,7
DA:96,8
DA:97,2
DA:99,8
DA:100,2
DA:102,6
DA:103,6
DA:105,7
DA:106,6
DA:107,6
DA:108,6
DA:109,6
DA:110,6
DA:111,5
DA:113,2
DA:115,0
DA:119,3
DA:120,24
DA:123,3
LF:66
LH:62
BRDA:22,0,0,72
BRDA:22,0,1,31
BRDA:26,1,0,31
BRDA:28,2,0,1
BRDA:31,3,0,14
BRDA:32,4,0,16
BRDA:33,5,0,20
BRDA:48,6,0,20
BRDA:48,6,1,0
BRDA:55,7,0,57
BRDA:55,8,0,78
BRDA:55,8,1,49
BRDA:55,8,2,36
BRDA:55,9,0,78
BRDA:55,9,1,0
BRDA:55,10,0,49
BRDA:55,10,1,0
BRDA:55,11,0,36
BRDA:55,11,1,0
BRDA:56,12,0,57
BRDA:56,12,1,0
BRDA:58,13,0,21
BRDA:58,14,0,21
BRDA:58,14,1,0
BRDA:59,15,0,21
BRDA:59,15,1,0
BRDA:61,16,0,79
BRDA:61,16,1,58
BRDA:63,17,0,37
BRDA:65,18,0,0
BRDA:76,19,0,57
BRDA:76,19,1,21
BRDA:76,19,2,0
BRDA:89,20,0,3
BRDA:89,20,1,3
BRDA:89,20,2,2
BRDA:89,20,3,2
BRDA:89,20,4,2
BRDA:89,20,5,7
BRDA:89,20,6,2
BRDA:89,20,7,0
BRDA:94,21,0,7
BRDA:94,21,1,0
BRDA:96,22,0,0
BRDA:99,23,0,0
BRDA:102,24,0,0
BRDA:105,25,0,1
BRDA:107,26,0,6
BRDA:107,26,1,0
BRDA:108,27,0,6
BRDA:108,27,1,0
BRDA:109,28,0,0
BRDA:109,29,0,6
BRDA:109,29,1,6
BRDA:110,30,0,1
BRDA:111,31,0,4
BRDA:111,31,1,1
BRDA:113,32,0,2
BRDA:113,32,1,0
BRF:59
BRH:41
end_of_record
TN:
SF:src\utils\hasSpecialChar.ts
FN:4,hasSpecialChar
FNF:1
FNH:1
FNDA:109,hasSpecialChar
DA:4,4
DA:6,109
LF:2
LH:2
BRF:0
BRH:0
end_of_record
TN:
SF:src\utils\multipleCellUpdate.ts
FN:6,multipleCellUpdate
FN:8,(anonymous_1)
FNF:2
FNH:2
FNDA:2,multipleCellUpdate
FNDA:6,(anonymous_1)
DA:3,2
DA:6,2
DA:7,2
DA:8,6
DA:9,2
LF:5
LH:5
BRF:0
BRH:0
end_of_record
TN:
SF:src\utils\numberToColumnLabel.ts
FN:4,numberToColumnLabel
FNF:1
FNH:1
FNDA:15,numberToColumnLabel
DA:4,3
DA:5,15
DA:6,15
DA:7,23
DA:8,23
DA:9,23
DA:11,15
LF:7
LH:7
BRF:0
BRH:0
end_of_record
TN:
SF:src\utils\parseRef.ts
FN:6,parseRef
FNF:1
FNH:1
FNDA:13,parseRef
DA:2,4
DA:6,4
DA:7,13
DA:8,13
DA:9,13
DA:10,4
DA:13,9
DA:14,9
DA:16,9
DA:18,9
DA:21,4
LF:11
LH:11
BRDA:9,0,0,4
BRDA:9,1,0,13
BRDA:9,1,1,9
BRDA:9,1,2,9
BRF:4
BRH:4
end_of_record
TN:
SF:src\utils\parseTerm.ts
FN:5,parseTerm
FNF:1
FNH:1
FNDA:17,parseTerm
DA:5,4
DA:6,17
DA:9,17
DA:10,10
DA:14,7
DA:16,2
DA:17,2
DA:21,5
DA:22,2
DA:25,3
LF:10
LH:10
BRDA:9,0,0,10
BRDA:14,1,0,2
BRDA:21,2,0,2
BRF:3
BRH:3
end_of_record
TN:
SF:src\utils\singleCellUpdate.ts
FN:9,parseSingleCellUpdate
FNF:1
FNH:1
FNDA:13,parseSingleCellUpdate
DA:4,3
DA:5,3
DA:9,3
DA:10,13
DA:11,13
DA:12,13
DA:13,2
DA:15,11
DA:17,11
DA:18,10
LF:10
LH:10
BRDA:12,0,0,2
BRDA:12,1,0,13
BRDA:12,1,1,13
BRDA:15,2,0,11
BRDA:15,2,1,0
BRF:5
BRH:4
end_of_record
